{"total": {"lines":{"total":3286,"covered":3286,"skipped":0,"pct":100},"statements":{"total":3410,"covered":3410,"skipped":0,"pct":100},"functions":{"total":883,"covered":883,"skipped":0,"pct":100},"branches":{"total":1411,"covered":1411,"skipped":0,"pct":100},"branchesTrue":{"total":0,"covered":0,"skipped":0,"pct":100}}
,"/home/luizfelipelaviola/laviola/unipampa/malware-datalab/autodroid-api-gateway/packages/api/src/index.ts": {"lines":{"total":0,"covered":0,"skipped":0,"pct":100},"functions":{"total":0,"covered":0,"skipped":0,"pct":100},"statements":{"total":0,"covered":0,"skipped":0,"pct":100},"branches":{"total":0,"covered":0,"skipped":0,"pct":100}}
,"/home/luizfelipelaviola/laviola/unipampa/malware-datalab/autodroid-api-gateway/packages/api/src/modules/admin/decorators/requireAdminPermission.decorator.ts": {"lines":{"total":8,"covered":8,"skipped":0,"pct":100},"functions":{"total":3,"covered":3,"skipped":0,"pct":100},"statements":{"total":8,"covered":8,"skipped":0,"pct":100},"branches":{"total":5,"covered":5,"skipped":0,"pct":100}}
,"/home/luizfelipelaviola/laviola/unipampa/malware-datalab/autodroid-api-gateway/packages/api/src/modules/admin/infrastructure/http/middlewares/adminAuthentication.middleware.ts": {"lines":{"total":7,"covered":7,"skipped":0,"pct":100},"functions":{"total":1,"covered":1,"skipped":0,"pct":100},"statements":{"total":7,"covered":7,"skipped":0,"pct":100},"branches":{"total":4,"covered":4,"skipped":0,"pct":100}}
,"/home/luizfelipelaviola/laviola/unipampa/malware-datalab/autodroid-api-gateway/packages/api/src/modules/admin/infrastructure/http/routes/admin.routes.ts": {"lines":{"total":7,"covered":7,"skipped":0,"pct":100},"functions":{"total":0,"covered":0,"skipped":0,"pct":100},"statements":{"total":7,"covered":7,"skipped":0,"pct":100},"branches":{"total":0,"covered":0,"skipped":0,"pct":100}}
,"/home/luizfelipelaviola/laviola/unipampa/malware-datalab/autodroid-api-gateway/packages/api/src/modules/adminDataset/infrastructure/graphql/resolvers/adminDataset.resolver.ts": {"lines":{"total":21,"covered":21,"skipped":0,"pct":100},"functions":{"total":10,"covered":10,"skipped":0,"pct":100},"statements":{"total":21,"covered":21,"skipped":0,"pct":100},"branches":{"total":0,"covered":0,"skipped":0,"pct":100}}
,"/home/luizfelipelaviola/laviola/unipampa/malware-datalab/autodroid-api-gateway/packages/api/src/modules/adminDataset/infrastructure/http/controllers/adminDataset.controller.ts": {"lines":{"total":13,"covered":13,"skipped":0,"pct":100},"functions":{"total":4,"covered":4,"skipped":0,"pct":100},"statements":{"total":13,"covered":13,"skipped":0,"pct":100},"branches":{"total":0,"covered":0,"skipped":0,"pct":100}}
,"/home/luizfelipelaviola/laviola/unipampa/malware-datalab/autodroid-api-gateway/packages/api/src/modules/adminDataset/infrastructure/http/controllers/adminDatasetVisibility.controller.ts": {"lines":{"total":4,"covered":4,"skipped":0,"pct":100},"functions":{"total":1,"covered":1,"skipped":0,"pct":100},"statements":{"total":4,"covered":4,"skipped":0,"pct":100},"branches":{"total":0,"covered":0,"skipped":0,"pct":100}}
,"/home/luizfelipelaviola/laviola/unipampa/malware-datalab/autodroid-api-gateway/packages/api/src/modules/adminDataset/infrastructure/http/routes/adminDataset.routes.ts": {"lines":{"total":8,"covered":8,"skipped":0,"pct":100},"functions":{"total":0,"covered":0,"skipped":0,"pct":100},"statements":{"total":8,"covered":8,"skipped":0,"pct":100},"branches":{"total":0,"covered":0,"skipped":0,"pct":100}}
,"/home/luizfelipelaviola/laviola/unipampa/malware-datalab/autodroid-api-gateway/packages/api/src/modules/adminDataset/services/adminDatasetDelete.service.ts": {"lines":{"total":14,"covered":14,"skipped":0,"pct":100},"functions":{"total":2,"covered":2,"skipped":0,"pct":100},"statements":{"total":14,"covered":14,"skipped":0,"pct":100},"branches":{"total":4,"covered":4,"skipped":0,"pct":100}}
,"/home/luizfelipelaviola/laviola/unipampa/malware-datalab/autodroid-api-gateway/packages/api/src/modules/adminDataset/services/adminDatasetIndex.service.ts": {"lines":{"total":5,"covered":5,"skipped":0,"pct":100},"functions":{"total":2,"covered":2,"skipped":0,"pct":100},"statements":{"total":5,"covered":5,"skipped":0,"pct":100},"branches":{"total":0,"covered":0,"skipped":0,"pct":100}}
,"/home/luizfelipelaviola/laviola/unipampa/malware-datalab/autodroid-api-gateway/packages/api/src/modules/adminDataset/services/adminDatasetShow.service.ts": {"lines":{"total":7,"covered":7,"skipped":0,"pct":100},"functions":{"total":2,"covered":2,"skipped":0,"pct":100},"statements":{"total":7,"covered":7,"skipped":0,"pct":100},"branches":{"total":2,"covered":2,"skipped":0,"pct":100}}
,"/home/luizfelipelaviola/laviola/unipampa/malware-datalab/autodroid-api-gateway/packages/api/src/modules/adminDataset/services/adminDatasetUpdate.service.ts": {"lines":{"total":15,"covered":15,"skipped":0,"pct":100},"functions":{"total":3,"covered":3,"skipped":0,"pct":100},"statements":{"total":15,"covered":15,"skipped":0,"pct":100},"branches":{"total":16,"covered":16,"skipped":0,"pct":100}}
,"/home/luizfelipelaviola/laviola/unipampa/malware-datalab/autodroid-api-gateway/packages/api/src/modules/adminDataset/services/adminDatasetUpdateVisibility.service.ts": {"lines":{"total":10,"covered":10,"skipped":0,"pct":100},"functions":{"total":2,"covered":2,"skipped":0,"pct":100},"statements":{"total":10,"covered":10,"skipped":0,"pct":100},"branches":{"total":4,"covered":4,"skipped":0,"pct":100}}
,"/home/luizfelipelaviola/laviola/unipampa/malware-datalab/autodroid-api-gateway/packages/api/src/modules/adminFile/infrastructure/graphql/resolvers/adminFile.resolver.ts": {"lines":{"total":5,"covered":5,"skipped":0,"pct":100},"functions":{"total":2,"covered":2,"skipped":0,"pct":100},"statements":{"total":5,"covered":5,"skipped":0,"pct":100},"branches":{"total":0,"covered":0,"skipped":0,"pct":100}}
,"/home/luizfelipelaviola/laviola/unipampa/malware-datalab/autodroid-api-gateway/packages/api/src/modules/adminFile/infrastructure/http/controllers/adminRemoveAllDanglingFiles.controller.ts": {"lines":{"total":4,"covered":4,"skipped":0,"pct":100},"functions":{"total":1,"covered":1,"skipped":0,"pct":100},"statements":{"total":4,"covered":4,"skipped":0,"pct":100},"branches":{"total":0,"covered":0,"skipped":0,"pct":100}}
,"/home/luizfelipelaviola/laviola/unipampa/malware-datalab/autodroid-api-gateway/packages/api/src/modules/adminFile/infrastructure/http/routes/adminFile.routes.ts": {"lines":{"total":3,"covered":3,"skipped":0,"pct":100},"functions":{"total":0,"covered":0,"skipped":0,"pct":100},"statements":{"total":3,"covered":3,"skipped":0,"pct":100},"branches":{"total":0,"covered":0,"skipped":0,"pct":100}}
,"/home/luizfelipelaviola/laviola/unipampa/malware-datalab/autodroid-api-gateway/packages/api/src/modules/adminFile/services/adminFileRemoveAllDangling.service.ts": {"lines":{"total":5,"covered":5,"skipped":0,"pct":100},"functions":{"total":2,"covered":2,"skipped":0,"pct":100},"statements":{"total":5,"covered":5,"skipped":0,"pct":100},"branches":{"total":0,"covered":0,"skipped":0,"pct":100}}
,"/home/luizfelipelaviola/laviola/unipampa/malware-datalab/autodroid-api-gateway/packages/api/src/modules/adminProcessing/infrastructure/graphql/resolvers/adminProcessing.resolver.ts": {"lines":{"total":29,"covered":29,"skipped":0,"pct":100},"functions":{"total":14,"covered":14,"skipped":0,"pct":100},"statements":{"total":29,"covered":29,"skipped":0,"pct":100},"branches":{"total":0,"covered":0,"skipped":0,"pct":100}}
,"/home/luizfelipelaviola/laviola/unipampa/malware-datalab/autodroid-api-gateway/packages/api/src/modules/adminProcessing/infrastructure/http/controllers/adminProcessing.controller.ts": {"lines":{"total":13,"covered":13,"skipped":0,"pct":100},"functions":{"total":4,"covered":4,"skipped":0,"pct":100},"statements":{"total":13,"covered":13,"skipped":0,"pct":100},"branches":{"total":0,"covered":0,"skipped":0,"pct":100}}
,"/home/luizfelipelaviola/laviola/unipampa/malware-datalab/autodroid-api-gateway/packages/api/src/modules/adminProcessing/infrastructure/http/controllers/adminProcessingCleanExpired.controller.ts": {"lines":{"total":4,"covered":4,"skipped":0,"pct":100},"functions":{"total":1,"covered":1,"skipped":0,"pct":100},"statements":{"total":4,"covered":4,"skipped":0,"pct":100},"branches":{"total":0,"covered":0,"skipped":0,"pct":100}}
,"/home/luizfelipelaviola/laviola/unipampa/malware-datalab/autodroid-api-gateway/packages/api/src/modules/adminProcessing/infrastructure/http/controllers/adminProcessingFailDangling.controller.ts": {"lines":{"total":4,"covered":4,"skipped":0,"pct":100},"functions":{"total":1,"covered":1,"skipped":0,"pct":100},"statements":{"total":4,"covered":4,"skipped":0,"pct":100},"branches":{"total":0,"covered":0,"skipped":0,"pct":100}}
,"/home/luizfelipelaviola/laviola/unipampa/malware-datalab/autodroid-api-gateway/packages/api/src/modules/adminProcessing/infrastructure/http/controllers/adminProcessingTimeEstimation.controller.ts": {"lines":{"total":4,"covered":4,"skipped":0,"pct":100},"functions":{"total":1,"covered":1,"skipped":0,"pct":100},"statements":{"total":4,"covered":4,"skipped":0,"pct":100},"branches":{"total":0,"covered":0,"skipped":0,"pct":100}}
,"/home/luizfelipelaviola/laviola/unipampa/malware-datalab/autodroid-api-gateway/packages/api/src/modules/adminProcessing/infrastructure/http/routes/adminProcessing.routes.ts": {"lines":{"total":12,"covered":12,"skipped":0,"pct":100},"functions":{"total":0,"covered":0,"skipped":0,"pct":100},"statements":{"total":12,"covered":12,"skipped":0,"pct":100},"branches":{"total":0,"covered":0,"skipped":0,"pct":100}}
,"/home/luizfelipelaviola/laviola/unipampa/malware-datalab/autodroid-api-gateway/packages/api/src/modules/adminProcessing/services/adminProcessingCleanExpired.service.ts": {"lines":{"total":5,"covered":5,"skipped":0,"pct":100},"functions":{"total":2,"covered":2,"skipped":0,"pct":100},"statements":{"total":5,"covered":5,"skipped":0,"pct":100},"branches":{"total":0,"covered":0,"skipped":0,"pct":100}}
,"/home/luizfelipelaviola/laviola/unipampa/malware-datalab/autodroid-api-gateway/packages/api/src/modules/adminProcessing/services/adminProcessingDelete.service.ts": {"lines":{"total":13,"covered":13,"skipped":0,"pct":100},"functions":{"total":2,"covered":2,"skipped":0,"pct":100},"statements":{"total":13,"covered":13,"skipped":0,"pct":100},"branches":{"total":6,"covered":6,"skipped":0,"pct":100}}
,"/home/luizfelipelaviola/laviola/unipampa/malware-datalab/autodroid-api-gateway/packages/api/src/modules/adminProcessing/services/adminProcessingEstimatedExecutionTimeIndex.service.ts": {"lines":{"total":19,"covered":19,"skipped":0,"pct":100},"functions":{"total":5,"covered":5,"skipped":0,"pct":100},"statements":{"total":19,"covered":19,"skipped":0,"pct":100},"branches":{"total":10,"covered":10,"skipped":0,"pct":100}}
,"/home/luizfelipelaviola/laviola/unipampa/malware-datalab/autodroid-api-gateway/packages/api/src/modules/adminProcessing/services/adminProcessingFailDangling.service.ts": {"lines":{"total":5,"covered":5,"skipped":0,"pct":100},"functions":{"total":2,"covered":2,"skipped":0,"pct":100},"statements":{"total":5,"covered":5,"skipped":0,"pct":100},"branches":{"total":0,"covered":0,"skipped":0,"pct":100}}
,"/home/luizfelipelaviola/laviola/unipampa/malware-datalab/autodroid-api-gateway/packages/api/src/modules/adminProcessing/services/adminProcessingIndex.service.ts": {"lines":{"total":5,"covered":5,"skipped":0,"pct":100},"functions":{"total":2,"covered":2,"skipped":0,"pct":100},"statements":{"total":5,"covered":5,"skipped":0,"pct":100},"branches":{"total":0,"covered":0,"skipped":0,"pct":100}}
,"/home/luizfelipelaviola/laviola/unipampa/malware-datalab/autodroid-api-gateway/packages/api/src/modules/adminProcessing/services/adminProcessingShow.service.ts": {"lines":{"total":7,"covered":7,"skipped":0,"pct":100},"functions":{"total":2,"covered":2,"skipped":0,"pct":100},"statements":{"total":7,"covered":7,"skipped":0,"pct":100},"branches":{"total":2,"covered":2,"skipped":0,"pct":100}}
,"/home/luizfelipelaviola/laviola/unipampa/malware-datalab/autodroid-api-gateway/packages/api/src/modules/adminProcessing/services/adminProcessingUpdate.service.ts": {"lines":{"total":10,"covered":10,"skipped":0,"pct":100},"functions":{"total":2,"covered":2,"skipped":0,"pct":100},"statements":{"total":10,"covered":10,"skipped":0,"pct":100},"branches":{"total":4,"covered":4,"skipped":0,"pct":100}}
,"/home/luizfelipelaviola/laviola/unipampa/malware-datalab/autodroid-api-gateway/packages/api/src/modules/adminProcessor/infrastructure/graphql/resolvers/adminProcessor.resolver.ts": {"lines":{"total":21,"covered":21,"skipped":0,"pct":100},"functions":{"total":10,"covered":10,"skipped":0,"pct":100},"statements":{"total":21,"covered":21,"skipped":0,"pct":100},"branches":{"total":0,"covered":0,"skipped":0,"pct":100}}
,"/home/luizfelipelaviola/laviola/unipampa/malware-datalab/autodroid-api-gateway/packages/api/src/modules/adminProcessor/infrastructure/http/controllers/adminProcessor.controller.ts": {"lines":{"total":16,"covered":16,"skipped":0,"pct":100},"functions":{"total":5,"covered":5,"skipped":0,"pct":100},"statements":{"total":16,"covered":16,"skipped":0,"pct":100},"branches":{"total":0,"covered":0,"skipped":0,"pct":100}}
,"/home/luizfelipelaviola/laviola/unipampa/malware-datalab/autodroid-api-gateway/packages/api/src/modules/adminProcessor/infrastructure/http/routes/adminProcessor.routes.ts": {"lines":{"total":7,"covered":7,"skipped":0,"pct":100},"functions":{"total":0,"covered":0,"skipped":0,"pct":100},"statements":{"total":7,"covered":7,"skipped":0,"pct":100},"branches":{"total":0,"covered":0,"skipped":0,"pct":100}}
,"/home/luizfelipelaviola/laviola/unipampa/malware-datalab/autodroid-api-gateway/packages/api/src/modules/adminProcessor/services/adminProcessorCreate.service.ts": {"lines":{"total":10,"covered":10,"skipped":0,"pct":100},"functions":{"total":2,"covered":2,"skipped":0,"pct":100},"statements":{"total":10,"covered":10,"skipped":0,"pct":100},"branches":{"total":2,"covered":2,"skipped":0,"pct":100}}
,"/home/luizfelipelaviola/laviola/unipampa/malware-datalab/autodroid-api-gateway/packages/api/src/modules/adminProcessor/services/adminProcessorDelete.service.ts": {"lines":{"total":11,"covered":11,"skipped":0,"pct":100},"functions":{"total":2,"covered":2,"skipped":0,"pct":100},"statements":{"total":11,"covered":11,"skipped":0,"pct":100},"branches":{"total":4,"covered":4,"skipped":0,"pct":100}}
,"/home/luizfelipelaviola/laviola/unipampa/malware-datalab/autodroid-api-gateway/packages/api/src/modules/adminProcessor/services/adminProcessorIndex.service.ts": {"lines":{"total":5,"covered":5,"skipped":0,"pct":100},"functions":{"total":2,"covered":2,"skipped":0,"pct":100},"statements":{"total":5,"covered":5,"skipped":0,"pct":100},"branches":{"total":0,"covered":0,"skipped":0,"pct":100}}
,"/home/luizfelipelaviola/laviola/unipampa/malware-datalab/autodroid-api-gateway/packages/api/src/modules/adminProcessor/services/adminProcessorShow.service.ts": {"lines":{"total":7,"covered":7,"skipped":0,"pct":100},"functions":{"total":2,"covered":2,"skipped":0,"pct":100},"statements":{"total":7,"covered":7,"skipped":0,"pct":100},"branches":{"total":2,"covered":2,"skipped":0,"pct":100}}
,"/home/luizfelipelaviola/laviola/unipampa/malware-datalab/autodroid-api-gateway/packages/api/src/modules/adminProcessor/services/adminProcessorUpdate.service.ts": {"lines":{"total":8,"covered":8,"skipped":0,"pct":100},"functions":{"total":2,"covered":2,"skipped":0,"pct":100},"statements":{"total":8,"covered":8,"skipped":0,"pct":100},"branches":{"total":2,"covered":2,"skipped":0,"pct":100}}
,"/home/luizfelipelaviola/laviola/unipampa/malware-datalab/autodroid-api-gateway/packages/api/src/modules/adminWorker/infrastructure/graphql/resolvers/adminWorker.resolver.ts": {"lines":{"total":21,"covered":21,"skipped":0,"pct":100},"functions":{"total":10,"covered":10,"skipped":0,"pct":100},"statements":{"total":21,"covered":21,"skipped":0,"pct":100},"branches":{"total":0,"covered":0,"skipped":0,"pct":100}}
,"/home/luizfelipelaviola/laviola/unipampa/malware-datalab/autodroid-api-gateway/packages/api/src/modules/adminWorker/infrastructure/graphql/resolvers/adminWorkerRegistrationToken.resolver.ts": {"lines":{"total":17,"covered":17,"skipped":0,"pct":100},"functions":{"total":8,"covered":8,"skipped":0,"pct":100},"statements":{"total":17,"covered":17,"skipped":0,"pct":100},"branches":{"total":0,"covered":0,"skipped":0,"pct":100}}
,"/home/luizfelipelaviola/laviola/unipampa/malware-datalab/autodroid-api-gateway/packages/api/src/modules/adminWorker/infrastructure/http/controllers/adminWorker.controller.ts": {"lines":{"total":13,"covered":13,"skipped":0,"pct":100},"functions":{"total":4,"covered":4,"skipped":0,"pct":100},"statements":{"total":13,"covered":13,"skipped":0,"pct":100},"branches":{"total":0,"covered":0,"skipped":0,"pct":100}}
,"/home/luizfelipelaviola/laviola/unipampa/malware-datalab/autodroid-api-gateway/packages/api/src/modules/adminWorker/infrastructure/http/controllers/adminWorkerCleanMissing.controller.ts": {"lines":{"total":4,"covered":4,"skipped":0,"pct":100},"functions":{"total":1,"covered":1,"skipped":0,"pct":100},"statements":{"total":4,"covered":4,"skipped":0,"pct":100},"branches":{"total":0,"covered":0,"skipped":0,"pct":100}}
,"/home/luizfelipelaviola/laviola/unipampa/malware-datalab/autodroid-api-gateway/packages/api/src/modules/adminWorker/infrastructure/http/controllers/adminWorkerRegistrationToken.controller.ts": {"lines":{"total":13,"covered":13,"skipped":0,"pct":100},"functions":{"total":4,"covered":4,"skipped":0,"pct":100},"statements":{"total":13,"covered":13,"skipped":0,"pct":100},"branches":{"total":0,"covered":0,"skipped":0,"pct":100}}
,"/home/luizfelipelaviola/laviola/unipampa/malware-datalab/autodroid-api-gateway/packages/api/src/modules/adminWorker/infrastructure/http/routes/adminWorker.routes.ts": {"lines":{"total":9,"covered":9,"skipped":0,"pct":100},"functions":{"total":0,"covered":0,"skipped":0,"pct":100},"statements":{"total":9,"covered":9,"skipped":0,"pct":100},"branches":{"total":0,"covered":0,"skipped":0,"pct":100}}
,"/home/luizfelipelaviola/laviola/unipampa/malware-datalab/autodroid-api-gateway/packages/api/src/modules/adminWorker/infrastructure/http/routes/adminWorkerRegistrationToken.routes.ts": {"lines":{"total":6,"covered":6,"skipped":0,"pct":100},"functions":{"total":0,"covered":0,"skipped":0,"pct":100},"statements":{"total":6,"covered":6,"skipped":0,"pct":100},"branches":{"total":0,"covered":0,"skipped":0,"pct":100}}
,"/home/luizfelipelaviola/laviola/unipampa/malware-datalab/autodroid-api-gateway/packages/api/src/modules/adminWorker/services/adminWorkerCleanMissing.service.ts": {"lines":{"total":4,"covered":4,"skipped":0,"pct":100},"functions":{"total":2,"covered":2,"skipped":0,"pct":100},"statements":{"total":4,"covered":4,"skipped":0,"pct":100},"branches":{"total":0,"covered":0,"skipped":0,"pct":100}}
,"/home/luizfelipelaviola/laviola/unipampa/malware-datalab/autodroid-api-gateway/packages/api/src/modules/adminWorker/services/adminWorkerDelete.service.ts": {"lines":{"total":7,"covered":7,"skipped":0,"pct":100},"functions":{"total":2,"covered":2,"skipped":0,"pct":100},"statements":{"total":7,"covered":7,"skipped":0,"pct":100},"branches":{"total":2,"covered":2,"skipped":0,"pct":100}}
,"/home/luizfelipelaviola/laviola/unipampa/malware-datalab/autodroid-api-gateway/packages/api/src/modules/adminWorker/services/adminWorkerIndex.service.ts": {"lines":{"total":5,"covered":5,"skipped":0,"pct":100},"functions":{"total":2,"covered":2,"skipped":0,"pct":100},"statements":{"total":5,"covered":5,"skipped":0,"pct":100},"branches":{"total":0,"covered":0,"skipped":0,"pct":100}}
,"/home/luizfelipelaviola/laviola/unipampa/malware-datalab/autodroid-api-gateway/packages/api/src/modules/adminWorker/services/adminWorkerRegistrationTokenCreate.service.ts": {"lines":{"total":6,"covered":6,"skipped":0,"pct":100},"functions":{"total":2,"covered":2,"skipped":0,"pct":100},"statements":{"total":6,"covered":6,"skipped":0,"pct":100},"branches":{"total":2,"covered":2,"skipped":0,"pct":100}}
,"/home/luizfelipelaviola/laviola/unipampa/malware-datalab/autodroid-api-gateway/packages/api/src/modules/adminWorker/services/adminWorkerRegistrationTokenDelete.service.ts": {"lines":{"total":7,"covered":7,"skipped":0,"pct":100},"functions":{"total":2,"covered":2,"skipped":0,"pct":100},"statements":{"total":7,"covered":7,"skipped":0,"pct":100},"branches":{"total":2,"covered":2,"skipped":0,"pct":100}}
,"/home/luizfelipelaviola/laviola/unipampa/malware-datalab/autodroid-api-gateway/packages/api/src/modules/adminWorker/services/adminWorkerRegistrationTokenIndex.service.ts": {"lines":{"total":5,"covered":5,"skipped":0,"pct":100},"functions":{"total":2,"covered":2,"skipped":0,"pct":100},"statements":{"total":5,"covered":5,"skipped":0,"pct":100},"branches":{"total":0,"covered":0,"skipped":0,"pct":100}}
,"/home/luizfelipelaviola/laviola/unipampa/malware-datalab/autodroid-api-gateway/packages/api/src/modules/adminWorker/services/adminWorkerRegistrationTokenShow.service.ts": {"lines":{"total":7,"covered":7,"skipped":0,"pct":100},"functions":{"total":2,"covered":2,"skipped":0,"pct":100},"statements":{"total":7,"covered":7,"skipped":0,"pct":100},"branches":{"total":2,"covered":2,"skipped":0,"pct":100}}
,"/home/luizfelipelaviola/laviola/unipampa/malware-datalab/autodroid-api-gateway/packages/api/src/modules/adminWorker/services/adminWorkerShow.service.ts": {"lines":{"total":7,"covered":7,"skipped":0,"pct":100},"functions":{"total":2,"covered":2,"skipped":0,"pct":100},"statements":{"total":7,"covered":7,"skipped":0,"pct":100},"branches":{"total":2,"covered":2,"skipped":0,"pct":100}}
,"/home/luizfelipelaviola/laviola/unipampa/malware-datalab/autodroid-api-gateway/packages/api/src/modules/adminWorker/services/adminWorkerUpdate.service.ts": {"lines":{"total":12,"covered":12,"skipped":0,"pct":100},"functions":{"total":2,"covered":2,"skipped":0,"pct":100},"statements":{"total":12,"covered":12,"skipped":0,"pct":100},"branches":{"total":8,"covered":8,"skipped":0,"pct":100}}
,"/home/luizfelipelaviola/laviola/unipampa/malware-datalab/autodroid-api-gateway/packages/api/src/modules/authentication/infrastructure/http/middlewares/authentication.middleware.ts": {"lines":{"total":14,"covered":14,"skipped":0,"pct":100},"functions":{"total":1,"covered":1,"skipped":0,"pct":100},"statements":{"total":14,"covered":14,"skipped":0,"pct":100},"branches":{"total":4,"covered":4,"skipped":0,"pct":100}}
,"/home/luizfelipelaviola/laviola/unipampa/malware-datalab/autodroid-api-gateway/packages/api/src/modules/authentication/services/handleAuthentication.service.ts": {"lines":{"total":13,"covered":13,"skipped":0,"pct":100},"functions":{"total":2,"covered":2,"skipped":0,"pct":100},"statements":{"total":13,"covered":13,"skipped":0,"pct":100},"branches":{"total":3,"covered":3,"skipped":0,"pct":100}}
,"/home/luizfelipelaviola/laviola/unipampa/malware-datalab/autodroid-api-gateway/packages/api/src/modules/authentication/services/handleSamlToFirebaseAuthentication.service.ts": {"lines":{"total":16,"covered":16,"skipped":0,"pct":100},"functions":{"total":2,"covered":2,"skipped":0,"pct":100},"statements":{"total":17,"covered":17,"skipped":0,"pct":100},"branches":{"total":10,"covered":10,"skipped":0,"pct":100}}
,"/home/luizfelipelaviola/laviola/unipampa/malware-datalab/autodroid-api-gateway/packages/api/src/modules/authentication/services/handleUserSession.service.ts": {"lines":{"total":26,"covered":26,"skipped":0,"pct":100},"functions":{"total":2,"covered":2,"skipped":0,"pct":100},"statements":{"total":27,"covered":27,"skipped":0,"pct":100},"branches":{"total":26,"covered":26,"skipped":0,"pct":100}}
,"/home/luizfelipelaviola/laviola/unipampa/malware-datalab/autodroid-api-gateway/packages/api/src/modules/dataset/guards/dataset.guard.ts": {"lines":{"total":11,"covered":11,"skipped":0,"pct":100},"functions":{"total":2,"covered":2,"skipped":0,"pct":100},"statements":{"total":11,"covered":11,"skipped":0,"pct":100},"branches":{"total":8,"covered":8,"skipped":0,"pct":100}}
,"/home/luizfelipelaviola/laviola/unipampa/malware-datalab/autodroid-api-gateway/packages/api/src/modules/dataset/infrastructure/graphql/resolvers/userDataset.resolver.ts": {"lines":{"total":25,"covered":25,"skipped":0,"pct":100},"functions":{"total":12,"covered":12,"skipped":0,"pct":100},"statements":{"total":25,"covered":25,"skipped":0,"pct":100},"branches":{"total":0,"covered":0,"skipped":0,"pct":100}}
,"/home/luizfelipelaviola/laviola/unipampa/malware-datalab/autodroid-api-gateway/packages/api/src/modules/dataset/infrastructure/graphql/resolvers/userDatasetField.resolver.ts": {"lines":{"total":5,"covered":5,"skipped":0,"pct":100},"functions":{"total":3,"covered":3,"skipped":0,"pct":100},"statements":{"total":6,"covered":6,"skipped":0,"pct":100},"branches":{"total":0,"covered":0,"skipped":0,"pct":100}}
,"/home/luizfelipelaviola/laviola/unipampa/malware-datalab/autodroid-api-gateway/packages/api/src/modules/dataset/infrastructure/http/controllers/userDataset.controller.ts": {"lines":{"total":16,"covered":16,"skipped":0,"pct":100},"functions":{"total":5,"covered":5,"skipped":0,"pct":100},"statements":{"total":16,"covered":16,"skipped":0,"pct":100},"branches":{"total":0,"covered":0,"skipped":0,"pct":100}}
,"/home/luizfelipelaviola/laviola/unipampa/malware-datalab/autodroid-api-gateway/packages/api/src/modules/dataset/infrastructure/http/controllers/userDatasetPublication.controller.ts": {"lines":{"total":4,"covered":4,"skipped":0,"pct":100},"functions":{"total":1,"covered":1,"skipped":0,"pct":100},"statements":{"total":4,"covered":4,"skipped":0,"pct":100},"branches":{"total":0,"covered":0,"skipped":0,"pct":100}}
,"/home/luizfelipelaviola/laviola/unipampa/malware-datalab/autodroid-api-gateway/packages/api/src/modules/dataset/infrastructure/http/routes/userDataset.routes.ts": {"lines":{"total":9,"covered":9,"skipped":0,"pct":100},"functions":{"total":0,"covered":0,"skipped":0,"pct":100},"statements":{"total":9,"covered":9,"skipped":0,"pct":100},"branches":{"total":0,"covered":0,"skipped":0,"pct":100}}
,"/home/luizfelipelaviola/laviola/unipampa/malware-datalab/autodroid-api-gateway/packages/api/src/modules/dataset/infrastructure/prisma/repositories/prismaDataset.repository.ts": {"lines":{"total":24,"covered":24,"skipped":0,"pct":100},"functions":{"total":12,"covered":12,"skipped":0,"pct":100},"statements":{"total":27,"covered":27,"skipped":0,"pct":100},"branches":{"total":7,"covered":7,"skipped":0,"pct":100}}
,"/home/luizfelipelaviola/laviola/unipampa/malware-datalab/autodroid-api-gateway/packages/api/src/modules/dataset/services/userDatasetCreate.service.ts": {"lines":{"total":16,"covered":16,"skipped":0,"pct":100},"functions":{"total":3,"covered":3,"skipped":0,"pct":100},"statements":{"total":16,"covered":16,"skipped":0,"pct":100},"branches":{"total":14,"covered":14,"skipped":0,"pct":100}}
,"/home/luizfelipelaviola/laviola/unipampa/malware-datalab/autodroid-api-gateway/packages/api/src/modules/dataset/services/userDatasetDelete.service.ts": {"lines":{"total":14,"covered":14,"skipped":0,"pct":100},"functions":{"total":2,"covered":2,"skipped":0,"pct":100},"statements":{"total":14,"covered":14,"skipped":0,"pct":100},"branches":{"total":4,"covered":4,"skipped":0,"pct":100}}
,"/home/luizfelipelaviola/laviola/unipampa/malware-datalab/autodroid-api-gateway/packages/api/src/modules/dataset/services/userDatasetIndex.service.ts": {"lines":{"total":6,"covered":6,"skipped":0,"pct":100},"functions":{"total":2,"covered":2,"skipped":0,"pct":100},"statements":{"total":6,"covered":6,"skipped":0,"pct":100},"branches":{"total":0,"covered":0,"skipped":0,"pct":100}}
,"/home/luizfelipelaviola/laviola/unipampa/malware-datalab/autodroid-api-gateway/packages/api/src/modules/dataset/services/userDatasetRequestPublication.service.ts": {"lines":{"total":10,"covered":10,"skipped":0,"pct":100},"functions":{"total":2,"covered":2,"skipped":0,"pct":100},"statements":{"total":10,"covered":10,"skipped":0,"pct":100},"branches":{"total":4,"covered":4,"skipped":0,"pct":100}}
,"/home/luizfelipelaviola/laviola/unipampa/malware-datalab/autodroid-api-gateway/packages/api/src/modules/dataset/services/userDatasetShow.service.ts": {"lines":{"total":5,"covered":5,"skipped":0,"pct":100},"functions":{"total":2,"covered":2,"skipped":0,"pct":100},"statements":{"total":5,"covered":5,"skipped":0,"pct":100},"branches":{"total":0,"covered":0,"skipped":0,"pct":100}}
,"/home/luizfelipelaviola/laviola/unipampa/malware-datalab/autodroid-api-gateway/packages/api/src/modules/dataset/services/userDatasetUpdate.service.ts": {"lines":{"total":15,"covered":15,"skipped":0,"pct":100},"functions":{"total":3,"covered":3,"skipped":0,"pct":100},"statements":{"total":15,"covered":15,"skipped":0,"pct":100},"branches":{"total":16,"covered":16,"skipped":0,"pct":100}}
,"/home/luizfelipelaviola/laviola/unipampa/malware-datalab/autodroid-api-gateway/packages/api/src/modules/file/infrastructure/graphql/resolvers/fileField.resolver.ts": {"lines":{"total":5,"covered":5,"skipped":0,"pct":100},"functions":{"total":3,"covered":3,"skipped":0,"pct":100},"statements":{"total":6,"covered":6,"skipped":0,"pct":100},"branches":{"total":0,"covered":0,"skipped":0,"pct":100}}
,"/home/luizfelipelaviola/laviola/unipampa/malware-datalab/autodroid-api-gateway/packages/api/src/modules/file/infrastructure/prisma/repositories/prismaFile.repository.ts": {"lines":{"total":23,"covered":23,"skipped":0,"pct":100},"functions":{"total":7,"covered":7,"skipped":0,"pct":100},"statements":{"total":25,"covered":25,"skipped":0,"pct":100},"branches":{"total":13,"covered":13,"skipped":0,"pct":100}}
,"/home/luizfelipelaviola/laviola/unipampa/malware-datalab/autodroid-api-gateway/packages/api/src/modules/file/services/processFilePublicAccess.service.ts": {"lines":{"total":36,"covered":36,"skipped":0,"pct":100},"functions":{"total":13,"covered":13,"skipped":0,"pct":100},"statements":{"total":39,"covered":39,"skipped":0,"pct":100},"branches":{"total":30,"covered":30,"skipped":0,"pct":100}}
,"/home/luizfelipelaviola/laviola/unipampa/malware-datalab/autodroid-api-gateway/packages/api/src/modules/file/services/removeAllDanglingFiles.service.ts": {"lines":{"total":16,"covered":16,"skipped":0,"pct":100},"functions":{"total":4,"covered":4,"skipped":0,"pct":100},"statements":{"total":16,"covered":16,"skipped":0,"pct":100},"branches":{"total":0,"covered":0,"skipped":0,"pct":100}}
,"/home/luizfelipelaviola/laviola/unipampa/malware-datalab/autodroid-api-gateway/packages/api/src/modules/healthCheck/infrastructure/graphql/resolvers/healthCheck.resolver.ts": {"lines":{"total":9,"covered":9,"skipped":0,"pct":100},"functions":{"total":6,"covered":6,"skipped":0,"pct":100},"statements":{"total":9,"covered":9,"skipped":0,"pct":100},"branches":{"total":0,"covered":0,"skipped":0,"pct":100}}
,"/home/luizfelipelaviola/laviola/unipampa/malware-datalab/autodroid-api-gateway/packages/api/src/modules/healthCheck/infrastructure/http/controllers/healthCheckReadinessCheck.controller.ts": {"lines":{"total":4,"covered":4,"skipped":0,"pct":100},"functions":{"total":1,"covered":1,"skipped":0,"pct":100},"statements":{"total":4,"covered":4,"skipped":0,"pct":100},"branches":{"total":0,"covered":0,"skipped":0,"pct":100}}
,"/home/luizfelipelaviola/laviola/unipampa/malware-datalab/autodroid-api-gateway/packages/api/src/modules/healthCheck/infrastructure/http/routes/healthCheck.routes.ts": {"lines":{"total":5,"covered":5,"skipped":0,"pct":100},"functions":{"total":2,"covered":2,"skipped":0,"pct":100},"statements":{"total":7,"covered":7,"skipped":0,"pct":100},"branches":{"total":0,"covered":0,"skipped":0,"pct":100}}
,"/home/luizfelipelaviola/laviola/unipampa/malware-datalab/autodroid-api-gateway/packages/api/src/modules/healthCheck/services/healthCheckReadinessCheck.service.ts": {"lines":{"total":13,"covered":13,"skipped":0,"pct":100},"functions":{"total":2,"covered":2,"skipped":0,"pct":100},"statements":{"total":13,"covered":13,"skipped":0,"pct":100},"branches":{"total":0,"covered":0,"skipped":0,"pct":100}}
,"/home/luizfelipelaviola/laviola/unipampa/malware-datalab/autodroid-api-gateway/packages/api/src/modules/pagination/infrastructure/http/middlewares/pagination.middleware.ts": {"lines":{"total":6,"covered":6,"skipped":0,"pct":100},"functions":{"total":2,"covered":2,"skipped":0,"pct":100},"statements":{"total":6,"covered":6,"skipped":0,"pct":100},"branches":{"total":2,"covered":2,"skipped":0,"pct":100}}
,"/home/luizfelipelaviola/laviola/unipampa/malware-datalab/autodroid-api-gateway/packages/api/src/modules/pagination/types/paginationConnectionCursor.scalar.ts": {"lines":{"total":32,"covered":32,"skipped":0,"pct":100},"functions":{"total":8,"covered":8,"skipped":0,"pct":100},"statements":{"total":40,"covered":40,"skipped":0,"pct":100},"branches":{"total":27,"covered":27,"skipped":0,"pct":100}}
,"/home/luizfelipelaviola/laviola/unipampa/malware-datalab/autodroid-api-gateway/packages/api/src/modules/pagination/utils/makeCursorObjFromEntity/index.ts": {"lines":{"total":4,"covered":4,"skipped":0,"pct":100},"functions":{"total":2,"covered":2,"skipped":0,"pct":100},"statements":{"total":5,"covered":5,"skipped":0,"pct":100},"branches":{"total":2,"covered":2,"skipped":0,"pct":100}}
,"/home/luizfelipelaviola/laviola/unipampa/malware-datalab/autodroid-api-gateway/packages/api/src/modules/pagination/utils/makePaginationObj/index.ts": {"lines":{"total":23,"covered":23,"skipped":0,"pct":100},"functions":{"total":1,"covered":1,"skipped":0,"pct":100},"statements":{"total":28,"covered":28,"skipped":0,"pct":100},"branches":{"total":46,"covered":46,"skipped":0,"pct":100}}
,"/home/luizfelipelaviola/laviola/unipampa/malware-datalab/autodroid-api-gateway/packages/api/src/modules/processing/guards/processing.guard.ts": {"lines":{"total":30,"covered":30,"skipped":0,"pct":100},"functions":{"total":2,"covered":2,"skipped":0,"pct":100},"statements":{"total":30,"covered":30,"skipped":0,"pct":100},"branches":{"total":40,"covered":40,"skipped":0,"pct":100}}
,"/home/luizfelipelaviola/laviola/unipampa/malware-datalab/autodroid-api-gateway/packages/api/src/modules/processing/infrastructure/graphql/resolvers/processingField.resolver.ts": {"lines":{"total":7,"covered":7,"skipped":0,"pct":100},"functions":{"total":3,"covered":3,"skipped":0,"pct":100},"statements":{"total":8,"covered":8,"skipped":0,"pct":100},"branches":{"total":0,"covered":0,"skipped":0,"pct":100}}
,"/home/luizfelipelaviola/laviola/unipampa/malware-datalab/autodroid-api-gateway/packages/api/src/modules/processing/infrastructure/graphql/resolvers/userProcessing.resolver.ts": {"lines":{"total":33,"covered":33,"skipped":0,"pct":100},"functions":{"total":16,"covered":16,"skipped":0,"pct":100},"statements":{"total":33,"covered":33,"skipped":0,"pct":100},"branches":{"total":0,"covered":0,"skipped":0,"pct":100}}
,"/home/luizfelipelaviola/laviola/unipampa/malware-datalab/autodroid-api-gateway/packages/api/src/modules/processing/infrastructure/http/controllers/userProcessing.controller.ts": {"lines":{"total":13,"covered":13,"skipped":0,"pct":100},"functions":{"total":4,"covered":4,"skipped":0,"pct":100},"statements":{"total":13,"covered":13,"skipped":0,"pct":100},"branches":{"total":0,"covered":0,"skipped":0,"pct":100}}
,"/home/luizfelipelaviola/laviola/unipampa/malware-datalab/autodroid-api-gateway/packages/api/src/modules/processing/infrastructure/http/controllers/userProcessingExtendKeepUntil.controller.ts": {"lines":{"total":4,"covered":4,"skipped":0,"pct":100},"functions":{"total":1,"covered":1,"skipped":0,"pct":100},"statements":{"total":4,"covered":4,"skipped":0,"pct":100},"branches":{"total":0,"covered":0,"skipped":0,"pct":100}}
,"/home/luizfelipelaviola/laviola/unipampa/malware-datalab/autodroid-api-gateway/packages/api/src/modules/processing/infrastructure/http/controllers/userProcessingTimeEstimation.controller.ts": {"lines":{"total":7,"covered":7,"skipped":0,"pct":100},"functions":{"total":2,"covered":2,"skipped":0,"pct":100},"statements":{"total":7,"covered":7,"skipped":0,"pct":100},"branches":{"total":0,"covered":0,"skipped":0,"pct":100}}
,"/home/luizfelipelaviola/laviola/unipampa/malware-datalab/autodroid-api-gateway/packages/api/src/modules/processing/infrastructure/http/controllers/userProcessingUpdateVisibility.controller.ts": {"lines":{"total":4,"covered":4,"skipped":0,"pct":100},"functions":{"total":1,"covered":1,"skipped":0,"pct":100},"statements":{"total":4,"covered":4,"skipped":0,"pct":100},"branches":{"total":0,"covered":0,"skipped":0,"pct":100}}
,"/home/luizfelipelaviola/laviola/unipampa/malware-datalab/autodroid-api-gateway/packages/api/src/modules/processing/infrastructure/http/routes/userProcessing.routes.ts": {"lines":{"total":13,"covered":13,"skipped":0,"pct":100},"functions":{"total":0,"covered":0,"skipped":0,"pct":100},"statements":{"total":13,"covered":13,"skipped":0,"pct":100},"branches":{"total":0,"covered":0,"skipped":0,"pct":100}}
,"/home/luizfelipelaviola/laviola/unipampa/malware-datalab/autodroid-api-gateway/packages/api/src/modules/processing/infrastructure/prisma/repositories/prismaProcessing.repository.ts": {"lines":{"total":45,"covered":45,"skipped":0,"pct":100},"functions":{"total":14,"covered":14,"skipped":0,"pct":100},"statements":{"total":49,"covered":49,"skipped":0,"pct":100},"branches":{"total":36,"covered":36,"skipped":0,"pct":100}}
,"/home/luizfelipelaviola/laviola/unipampa/malware-datalab/autodroid-api-gateway/packages/api/src/modules/processing/services/processingCleanExpired.service.ts": {"lines":{"total":16,"covered":16,"skipped":0,"pct":100},"functions":{"total":3,"covered":3,"skipped":0,"pct":100},"statements":{"total":16,"covered":16,"skipped":0,"pct":100},"branches":{"total":4,"covered":4,"skipped":0,"pct":100}}
,"/home/luizfelipelaviola/laviola/unipampa/malware-datalab/autodroid-api-gateway/packages/api/src/modules/processing/services/processingFailDangling.service.ts": {"lines":{"total":19,"covered":19,"skipped":0,"pct":100},"functions":{"total":4,"covered":4,"skipped":0,"pct":100},"statements":{"total":19,"covered":19,"skipped":0,"pct":100},"branches":{"total":12,"covered":12,"skipped":0,"pct":100}}
,"/home/luizfelipelaviola/laviola/unipampa/malware-datalab/autodroid-api-gateway/packages/api/src/modules/processing/services/processingHandleFailure.service.ts": {"lines":{"total":13,"covered":13,"skipped":0,"pct":100},"functions":{"total":5,"covered":5,"skipped":0,"pct":100},"statements":{"total":13,"covered":13,"skipped":0,"pct":100},"branches":{"total":2,"covered":2,"skipped":0,"pct":100}}
,"/home/luizfelipelaviola/laviola/unipampa/malware-datalab/autodroid-api-gateway/packages/api/src/modules/processing/services/processingReportStatus.service.ts": {"lines":{"total":11,"covered":11,"skipped":0,"pct":100},"functions":{"total":2,"covered":2,"skipped":0,"pct":100},"statements":{"total":13,"covered":13,"skipped":0,"pct":100},"branches":{"total":10,"covered":10,"skipped":0,"pct":100}}
,"/home/luizfelipelaviola/laviola/unipampa/malware-datalab/autodroid-api-gateway/packages/api/src/modules/processing/services/userProcessingDelete.service.ts": {"lines":{"total":15,"covered":15,"skipped":0,"pct":100},"functions":{"total":2,"covered":2,"skipped":0,"pct":100},"statements":{"total":15,"covered":15,"skipped":0,"pct":100},"branches":{"total":6,"covered":6,"skipped":0,"pct":100}}
,"/home/luizfelipelaviola/laviola/unipampa/malware-datalab/autodroid-api-gateway/packages/api/src/modules/processing/services/userProcessingExtendKeepUntil.service.ts": {"lines":{"total":18,"covered":18,"skipped":0,"pct":100},"functions":{"total":2,"covered":2,"skipped":0,"pct":100},"statements":{"total":18,"covered":18,"skipped":0,"pct":100},"branches":{"total":8,"covered":8,"skipped":0,"pct":100}}
,"/home/luizfelipelaviola/laviola/unipampa/malware-datalab/autodroid-api-gateway/packages/api/src/modules/processing/services/userProcessingGetEstimatedExecutionTime.service.ts": {"lines":{"total":22,"covered":22,"skipped":0,"pct":100},"functions":{"total":5,"covered":5,"skipped":0,"pct":100},"statements":{"total":24,"covered":24,"skipped":0,"pct":100},"branches":{"total":10,"covered":10,"skipped":0,"pct":100}}
,"/home/luizfelipelaviola/laviola/unipampa/malware-datalab/autodroid-api-gateway/packages/api/src/modules/processing/services/userProcessingGetEstimatedFinishDate.service.ts": {"lines":{"total":24,"covered":24,"skipped":0,"pct":100},"functions":{"total":5,"covered":5,"skipped":0,"pct":100},"statements":{"total":26,"covered":26,"skipped":0,"pct":100},"branches":{"total":20,"covered":20,"skipped":0,"pct":100}}
,"/home/luizfelipelaviola/laviola/unipampa/malware-datalab/autodroid-api-gateway/packages/api/src/modules/processing/services/userProcessingIndex.service.ts": {"lines":{"total":10,"covered":10,"skipped":0,"pct":100},"functions":{"total":2,"covered":2,"skipped":0,"pct":100},"statements":{"total":10,"covered":10,"skipped":0,"pct":100},"branches":{"total":0,"covered":0,"skipped":0,"pct":100}}
,"/home/luizfelipelaviola/laviola/unipampa/malware-datalab/autodroid-api-gateway/packages/api/src/modules/processing/services/userProcessingShow.service.ts": {"lines":{"total":7,"covered":7,"skipped":0,"pct":100},"functions":{"total":2,"covered":2,"skipped":0,"pct":100},"statements":{"total":7,"covered":7,"skipped":0,"pct":100},"branches":{"total":0,"covered":0,"skipped":0,"pct":100}}
,"/home/luizfelipelaviola/laviola/unipampa/malware-datalab/autodroid-api-gateway/packages/api/src/modules/processing/services/userProcessingUpdateVisibility.service.ts": {"lines":{"total":12,"covered":12,"skipped":0,"pct":100},"functions":{"total":2,"covered":2,"skipped":0,"pct":100},"statements":{"total":12,"covered":12,"skipped":0,"pct":100},"branches":{"total":4,"covered":4,"skipped":0,"pct":100}}
,"/home/luizfelipelaviola/laviola/unipampa/malware-datalab/autodroid-api-gateway/packages/api/src/modules/processing/services/userRequestDatasetProcessing.service.ts": {"lines":{"total":17,"covered":17,"skipped":0,"pct":100},"functions":{"total":2,"covered":2,"skipped":0,"pct":100},"statements":{"total":17,"covered":17,"skipped":0,"pct":100},"branches":{"total":4,"covered":4,"skipped":0,"pct":100}}
,"/home/luizfelipelaviola/laviola/unipampa/malware-datalab/autodroid-api-gateway/packages/api/src/modules/processing/utils/isProcessingSucceededAndComplete.util.ts": {"lines":{"total":2,"covered":2,"skipped":0,"pct":100},"functions":{"total":1,"covered":1,"skipped":0,"pct":100},"statements":{"total":2,"covered":2,"skipped":0,"pct":100},"branches":{"total":4,"covered":4,"skipped":0,"pct":100}}
,"/home/luizfelipelaviola/laviola/unipampa/malware-datalab/autodroid-api-gateway/packages/api/src/modules/processing/utils/validateAndParseProcessingParameters.util.ts": {"lines":{"total":32,"covered":32,"skipped":0,"pct":100},"functions":{"total":15,"covered":15,"skipped":0,"pct":100},"statements":{"total":35,"covered":35,"skipped":0,"pct":100},"branches":{"total":18,"covered":18,"skipped":0,"pct":100}}
,"/home/luizfelipelaviola/laviola/unipampa/malware-datalab/autodroid-api-gateway/packages/api/src/modules/processor/guards/processor.guard.ts": {"lines":{"total":11,"covered":11,"skipped":0,"pct":100},"functions":{"total":2,"covered":2,"skipped":0,"pct":100},"statements":{"total":11,"covered":11,"skipped":0,"pct":100},"branches":{"total":8,"covered":8,"skipped":0,"pct":100}}
,"/home/luizfelipelaviola/laviola/unipampa/malware-datalab/autodroid-api-gateway/packages/api/src/modules/processor/infrastructure/graphql/resolvers/userProcessor.resolver.ts": {"lines":{"total":9,"covered":9,"skipped":0,"pct":100},"functions":{"total":4,"covered":4,"skipped":0,"pct":100},"statements":{"total":9,"covered":9,"skipped":0,"pct":100},"branches":{"total":0,"covered":0,"skipped":0,"pct":100}}
,"/home/luizfelipelaviola/laviola/unipampa/malware-datalab/autodroid-api-gateway/packages/api/src/modules/processor/infrastructure/graphql/resolvers/userProcessorField.resolver.ts": {"lines":{"total":5,"covered":5,"skipped":0,"pct":100},"functions":{"total":3,"covered":3,"skipped":0,"pct":100},"statements":{"total":6,"covered":6,"skipped":0,"pct":100},"branches":{"total":0,"covered":0,"skipped":0,"pct":100}}
,"/home/luizfelipelaviola/laviola/unipampa/malware-datalab/autodroid-api-gateway/packages/api/src/modules/processor/infrastructure/http/controllers/userProcessor.controller.ts": {"lines":{"total":7,"covered":7,"skipped":0,"pct":100},"functions":{"total":2,"covered":2,"skipped":0,"pct":100},"statements":{"total":7,"covered":7,"skipped":0,"pct":100},"branches":{"total":0,"covered":0,"skipped":0,"pct":100}}
,"/home/luizfelipelaviola/laviola/unipampa/malware-datalab/autodroid-api-gateway/packages/api/src/modules/processor/infrastructure/http/routes/userProcessor.routes.ts": {"lines":{"total":4,"covered":4,"skipped":0,"pct":100},"functions":{"total":0,"covered":0,"skipped":0,"pct":100},"statements":{"total":4,"covered":4,"skipped":0,"pct":100},"branches":{"total":0,"covered":0,"skipped":0,"pct":100}}
,"/home/luizfelipelaviola/laviola/unipampa/malware-datalab/autodroid-api-gateway/packages/api/src/modules/processor/infrastructure/prisma/repositories/prismaProcessor.repository.ts": {"lines":{"total":25,"covered":25,"skipped":0,"pct":100},"functions":{"total":14,"covered":14,"skipped":0,"pct":100},"statements":{"total":29,"covered":29,"skipped":0,"pct":100},"branches":{"total":7,"covered":7,"skipped":0,"pct":100}}
,"/home/luizfelipelaviola/laviola/unipampa/malware-datalab/autodroid-api-gateway/packages/api/src/modules/processor/services/userProcessorIndex.service.ts": {"lines":{"total":6,"covered":6,"skipped":0,"pct":100},"functions":{"total":2,"covered":2,"skipped":0,"pct":100},"statements":{"total":6,"covered":6,"skipped":0,"pct":100},"branches":{"total":0,"covered":0,"skipped":0,"pct":100}}
,"/home/luizfelipelaviola/laviola/unipampa/malware-datalab/autodroid-api-gateway/packages/api/src/modules/processor/services/userProcessorShow.service.ts": {"lines":{"total":5,"covered":5,"skipped":0,"pct":100},"functions":{"total":2,"covered":2,"skipped":0,"pct":100},"statements":{"total":5,"covered":5,"skipped":0,"pct":100},"branches":{"total":0,"covered":0,"skipped":0,"pct":100}}
,"/home/luizfelipelaviola/laviola/unipampa/malware-datalab/autodroid-api-gateway/packages/api/src/modules/processor/utils/parseAndValidateProcessorAllowedMimeTypes.util.ts": {"lines":{"total":7,"covered":7,"skipped":0,"pct":100},"functions":{"total":3,"covered":3,"skipped":0,"pct":100},"statements":{"total":7,"covered":7,"skipped":0,"pct":100},"branches":{"total":7,"covered":7,"skipped":0,"pct":100}}
,"/home/luizfelipelaviola/laviola/unipampa/malware-datalab/autodroid-api-gateway/packages/api/src/modules/processor/utils/validateProcessor.util.ts": {"lines":{"total":6,"covered":6,"skipped":0,"pct":100},"functions":{"total":1,"covered":1,"skipped":0,"pct":100},"statements":{"total":6,"covered":6,"skipped":0,"pct":100},"branches":{"total":0,"covered":0,"skipped":0,"pct":100}}
,"/home/luizfelipelaviola/laviola/unipampa/malware-datalab/autodroid-api-gateway/packages/api/src/modules/processor/utils/validateProcessorConfigurationParameters.util.ts": {"lines":{"total":11,"covered":11,"skipped":0,"pct":100},"functions":{"total":3,"covered":3,"skipped":0,"pct":100},"statements":{"total":11,"covered":11,"skipped":0,"pct":100},"branches":{"total":11,"covered":11,"skipped":0,"pct":100}}
,"/home/luizfelipelaviola/laviola/unipampa/malware-datalab/autodroid-api-gateway/packages/api/src/modules/sorting/infrastructure/graphql/decorators/sortingArg.decorator.ts": {"lines":{"total":3,"covered":3,"skipped":0,"pct":100},"functions":{"total":4,"covered":4,"skipped":0,"pct":100},"statements":{"total":4,"covered":4,"skipped":0,"pct":100},"branches":{"total":2,"covered":2,"skipped":0,"pct":100}}
,"/home/luizfelipelaviola/laviola/unipampa/malware-datalab/autodroid-api-gateway/packages/api/src/modules/sorting/infrastructure/http/middlewares/sorting.middleware.ts": {"lines":{"total":12,"covered":12,"skipped":0,"pct":100},"functions":{"total":4,"covered":4,"skipped":0,"pct":100},"statements":{"total":12,"covered":12,"skipped":0,"pct":100},"branches":{"total":4,"covered":4,"skipped":0,"pct":100}}
,"/home/luizfelipelaviola/laviola/unipampa/malware-datalab/autodroid-api-gateway/packages/api/src/modules/sorting/utils/validateSorting.util.ts": {"lines":{"total":25,"covered":25,"skipped":0,"pct":100},"functions":{"total":8,"covered":8,"skipped":0,"pct":100},"statements":{"total":27,"covered":27,"skipped":0,"pct":100},"branches":{"total":21,"covered":21,"skipped":0,"pct":100}}
,"/home/luizfelipelaviola/laviola/unipampa/malware-datalab/autodroid-api-gateway/packages/api/src/modules/sorting/utils/isValidSortingField/index.ts": {"lines":{"total":2,"covered":2,"skipped":0,"pct":100},"functions":{"total":1,"covered":1,"skipped":0,"pct":100},"statements":{"total":2,"covered":2,"skipped":0,"pct":100},"branches":{"total":0,"covered":0,"skipped":0,"pct":100}}
,"/home/luizfelipelaviola/laviola/unipampa/malware-datalab/autodroid-api-gateway/packages/api/src/modules/sorting/utils/makeSortingArr/index.ts": {"lines":{"total":10,"covered":10,"skipped":0,"pct":100},"functions":{"total":4,"covered":4,"skipped":0,"pct":100},"statements":{"total":11,"covered":11,"skipped":0,"pct":100},"branches":{"total":2,"covered":2,"skipped":0,"pct":100}}
,"/home/luizfelipelaviola/laviola/unipampa/malware-datalab/autodroid-api-gateway/packages/api/src/modules/sorting/utils/makeSortingObj/index.ts": {"lines":{"total":16,"covered":16,"skipped":0,"pct":100},"functions":{"total":5,"covered":5,"skipped":0,"pct":100},"statements":{"total":17,"covered":17,"skipped":0,"pct":100},"branches":{"total":12,"covered":12,"skipped":0,"pct":100}}
,"/home/luizfelipelaviola/laviola/unipampa/malware-datalab/autodroid-api-gateway/packages/api/src/modules/user/infrastructure/graphql/resolvers/user.resolver.ts": {"lines":{"total":5,"covered":5,"skipped":0,"pct":100},"functions":{"total":4,"covered":4,"skipped":0,"pct":100},"statements":{"total":5,"covered":5,"skipped":0,"pct":100},"branches":{"total":0,"covered":0,"skipped":0,"pct":100}}
,"/home/luizfelipelaviola/laviola/unipampa/malware-datalab/autodroid-api-gateway/packages/api/src/modules/user/infrastructure/graphql/resolvers/userSession.resolver.ts": {"lines":{"total":5,"covered":5,"skipped":0,"pct":100},"functions":{"total":2,"covered":2,"skipped":0,"pct":100},"statements":{"total":5,"covered":5,"skipped":0,"pct":100},"branches":{"total":0,"covered":0,"skipped":0,"pct":100}}
,"/home/luizfelipelaviola/laviola/unipampa/malware-datalab/autodroid-api-gateway/packages/api/src/modules/user/infrastructure/graphql/resolvers/userUpdateData.resolver.ts": {"lines":{"total":9,"covered":9,"skipped":0,"pct":100},"functions":{"total":4,"covered":4,"skipped":0,"pct":100},"statements":{"total":9,"covered":9,"skipped":0,"pct":100},"branches":{"total":0,"covered":0,"skipped":0,"pct":100}}
,"/home/luizfelipelaviola/laviola/unipampa/malware-datalab/autodroid-api-gateway/packages/api/src/modules/user/infrastructure/http/controllers/user.controller.ts": {"lines":{"total":5,"covered":5,"skipped":0,"pct":100},"functions":{"total":2,"covered":2,"skipped":0,"pct":100},"statements":{"total":5,"covered":5,"skipped":0,"pct":100},"branches":{"total":0,"covered":0,"skipped":0,"pct":100}}
,"/home/luizfelipelaviola/laviola/unipampa/malware-datalab/autodroid-api-gateway/packages/api/src/modules/user/infrastructure/http/controllers/userLearningData.controller.ts": {"lines":{"total":4,"covered":4,"skipped":0,"pct":100},"functions":{"total":1,"covered":1,"skipped":0,"pct":100},"statements":{"total":4,"covered":4,"skipped":0,"pct":100},"branches":{"total":0,"covered":0,"skipped":0,"pct":100}}
,"/home/luizfelipelaviola/laviola/unipampa/malware-datalab/autodroid-api-gateway/packages/api/src/modules/user/infrastructure/http/controllers/userSession.controller.ts": {"lines":{"total":5,"covered":5,"skipped":0,"pct":100},"functions":{"total":2,"covered":2,"skipped":0,"pct":100},"statements":{"total":5,"covered":5,"skipped":0,"pct":100},"branches":{"total":0,"covered":0,"skipped":0,"pct":100}}
,"/home/luizfelipelaviola/laviola/unipampa/malware-datalab/autodroid-api-gateway/packages/api/src/modules/user/infrastructure/http/middlewares/userAuthentication.middleware.ts": {"lines":{"total":5,"covered":5,"skipped":0,"pct":100},"functions":{"total":1,"covered":1,"skipped":0,"pct":100},"statements":{"total":5,"covered":5,"skipped":0,"pct":100},"branches":{"total":2,"covered":2,"skipped":0,"pct":100}}
,"/home/luizfelipelaviola/laviola/unipampa/malware-datalab/autodroid-api-gateway/packages/api/src/modules/user/infrastructure/http/routes/user.routes.ts": {"lines":{"total":7,"covered":7,"skipped":0,"pct":100},"functions":{"total":0,"covered":0,"skipped":0,"pct":100},"statements":{"total":7,"covered":7,"skipped":0,"pct":100},"branches":{"total":0,"covered":0,"skipped":0,"pct":100}}
,"/home/luizfelipelaviola/laviola/unipampa/malware-datalab/autodroid-api-gateway/packages/api/src/modules/user/infrastructure/http/routes/userSession.routes.ts": {"lines":{"total":4,"covered":4,"skipped":0,"pct":100},"functions":{"total":0,"covered":0,"skipped":0,"pct":100},"statements":{"total":4,"covered":4,"skipped":0,"pct":100},"branches":{"total":0,"covered":0,"skipped":0,"pct":100}}
,"/home/luizfelipelaviola/laviola/unipampa/malware-datalab/autodroid-api-gateway/packages/api/src/modules/user/infrastructure/prisma/repositories/prismaUser.repository.ts": {"lines":{"total":19,"covered":19,"skipped":0,"pct":100},"functions":{"total":9,"covered":9,"skipped":0,"pct":100},"statements":{"total":21,"covered":21,"skipped":0,"pct":100},"branches":{"total":7,"covered":7,"skipped":0,"pct":100}}
,"/home/luizfelipelaviola/laviola/unipampa/malware-datalab/autodroid-api-gateway/packages/api/src/modules/user/infrastructure/prisma/repositories/prismaUserAuthProviderConn.repository.ts": {"lines":{"total":19,"covered":19,"skipped":0,"pct":100},"functions":{"total":9,"covered":9,"skipped":0,"pct":100},"statements":{"total":21,"covered":21,"skipped":0,"pct":100},"branches":{"total":9,"covered":9,"skipped":0,"pct":100}}
,"/home/luizfelipelaviola/laviola/unipampa/malware-datalab/autodroid-api-gateway/packages/api/src/modules/user/infrastructure/websocket/middlewares/websocketUserAuthentication.middleware.ts": {"lines":{"total":12,"covered":12,"skipped":0,"pct":100},"functions":{"total":1,"covered":1,"skipped":0,"pct":100},"statements":{"total":12,"covered":12,"skipped":0,"pct":100},"branches":{"total":4,"covered":4,"skipped":0,"pct":100}}
,"/home/luizfelipelaviola/laviola/unipampa/malware-datalab/autodroid-api-gateway/packages/api/src/modules/user/services/createUser.service.ts": {"lines":{"total":7,"covered":7,"skipped":0,"pct":100},"functions":{"total":2,"covered":2,"skipped":0,"pct":100},"statements":{"total":7,"covered":7,"skipped":0,"pct":100},"branches":{"total":0,"covered":0,"skipped":0,"pct":100}}
,"/home/luizfelipelaviola/laviola/unipampa/malware-datalab/autodroid-api-gateway/packages/api/src/modules/user/services/upsertUserAuthProviderConn.service.ts": {"lines":{"total":9,"covered":9,"skipped":0,"pct":100},"functions":{"total":2,"covered":2,"skipped":0,"pct":100},"statements":{"total":9,"covered":9,"skipped":0,"pct":100},"branches":{"total":4,"covered":4,"skipped":0,"pct":100}}
,"/home/luizfelipelaviola/laviola/unipampa/malware-datalab/autodroid-api-gateway/packages/api/src/modules/user/services/userSessionsClose.service.ts": {"lines":{"total":9,"covered":9,"skipped":0,"pct":100},"functions":{"total":2,"covered":2,"skipped":0,"pct":100},"statements":{"total":9,"covered":9,"skipped":0,"pct":100},"branches":{"total":2,"covered":2,"skipped":0,"pct":100}}
,"/home/luizfelipelaviola/laviola/unipampa/malware-datalab/autodroid-api-gateway/packages/api/src/modules/user/services/userUpdateData.service.ts": {"lines":{"total":16,"covered":16,"skipped":0,"pct":100},"functions":{"total":2,"covered":2,"skipped":0,"pct":100},"statements":{"total":16,"covered":16,"skipped":0,"pct":100},"branches":{"total":8,"covered":8,"skipped":0,"pct":100}}
,"/home/luizfelipelaviola/laviola/unipampa/malware-datalab/autodroid-api-gateway/packages/api/src/modules/user/services/userUpdateLearningData.service.ts": {"lines":{"total":7,"covered":7,"skipped":0,"pct":100},"functions":{"total":2,"covered":2,"skipped":0,"pct":100},"statements":{"total":7,"covered":7,"skipped":0,"pct":100},"branches":{"total":2,"covered":2,"skipped":0,"pct":100}}
,"/home/luizfelipelaviola/laviola/unipampa/malware-datalab/autodroid-api-gateway/packages/api/src/modules/worker/infrastructure/graphql/resolvers/worker.resolver.ts": {"lines":{"total":3,"covered":3,"skipped":0,"pct":100},"functions":{"total":2,"covered":2,"skipped":0,"pct":100},"statements":{"total":3,"covered":3,"skipped":0,"pct":100},"branches":{"total":0,"covered":0,"skipped":0,"pct":100}}
,"/home/luizfelipelaviola/laviola/unipampa/malware-datalab/autodroid-api-gateway/packages/api/src/modules/worker/infrastructure/graphql/resolvers/workerProcessing.resolver.ts": {"lines":{"total":17,"covered":17,"skipped":0,"pct":100},"functions":{"total":8,"covered":8,"skipped":0,"pct":100},"statements":{"total":17,"covered":17,"skipped":0,"pct":100},"branches":{"total":0,"covered":0,"skipped":0,"pct":100}}
,"/home/luizfelipelaviola/laviola/unipampa/malware-datalab/autodroid-api-gateway/packages/api/src/modules/worker/infrastructure/graphql/resolvers/workerProcessingFile.resolver.ts": {"lines":{"total":17,"covered":17,"skipped":0,"pct":100},"functions":{"total":8,"covered":8,"skipped":0,"pct":100},"statements":{"total":17,"covered":17,"skipped":0,"pct":100},"branches":{"total":0,"covered":0,"skipped":0,"pct":100}}
,"/home/luizfelipelaviola/laviola/unipampa/malware-datalab/autodroid-api-gateway/packages/api/src/modules/worker/infrastructure/graphql/resolvers/workerRegistration.resolver.ts": {"lines":{"total":13,"covered":13,"skipped":0,"pct":100},"functions":{"total":6,"covered":6,"skipped":0,"pct":100},"statements":{"total":13,"covered":13,"skipped":0,"pct":100},"branches":{"total":0,"covered":0,"skipped":0,"pct":100}}
,"/home/luizfelipelaviola/laviola/unipampa/malware-datalab/autodroid-api-gateway/packages/api/src/modules/worker/infrastructure/http/controllers/worker.controller.ts": {"lines":{"total":2,"covered":2,"skipped":0,"pct":100},"functions":{"total":1,"covered":1,"skipped":0,"pct":100},"statements":{"total":2,"covered":2,"skipped":0,"pct":100},"branches":{"total":0,"covered":0,"skipped":0,"pct":100}}
,"/home/luizfelipelaviola/laviola/unipampa/malware-datalab/autodroid-api-gateway/packages/api/src/modules/worker/infrastructure/http/controllers/workerGenerateAccessToken.controller.ts": {"lines":{"total":4,"covered":4,"skipped":0,"pct":100},"functions":{"total":1,"covered":1,"skipped":0,"pct":100},"statements":{"total":4,"covered":4,"skipped":0,"pct":100},"branches":{"total":0,"covered":0,"skipped":0,"pct":100}}
,"/home/luizfelipelaviola/laviola/unipampa/malware-datalab/autodroid-api-gateway/packages/api/src/modules/worker/infrastructure/http/controllers/workerProcessing.controller.ts": {"lines":{"total":13,"covered":13,"skipped":0,"pct":100},"functions":{"total":4,"covered":4,"skipped":0,"pct":100},"statements":{"total":13,"covered":13,"skipped":0,"pct":100},"branches":{"total":0,"covered":0,"skipped":0,"pct":100}}
,"/home/luizfelipelaviola/laviola/unipampa/malware-datalab/autodroid-api-gateway/packages/api/src/modules/worker/infrastructure/http/controllers/workerProcessingMetricsFile.controller.ts": {"lines":{"total":7,"covered":7,"skipped":0,"pct":100},"functions":{"total":2,"covered":2,"skipped":0,"pct":100},"statements":{"total":7,"covered":7,"skipped":0,"pct":100},"branches":{"total":0,"covered":0,"skipped":0,"pct":100}}
,"/home/luizfelipelaviola/laviola/unipampa/malware-datalab/autodroid-api-gateway/packages/api/src/modules/worker/infrastructure/http/controllers/workerProcessingResultFile.controller.ts": {"lines":{"total":7,"covered":7,"skipped":0,"pct":100},"functions":{"total":2,"covered":2,"skipped":0,"pct":100},"statements":{"total":7,"covered":7,"skipped":0,"pct":100},"branches":{"total":0,"covered":0,"skipped":0,"pct":100}}
,"/home/luizfelipelaviola/laviola/unipampa/malware-datalab/autodroid-api-gateway/packages/api/src/modules/worker/infrastructure/http/controllers/workerRegister.controller.ts": {"lines":{"total":4,"covered":4,"skipped":0,"pct":100},"functions":{"total":1,"covered":1,"skipped":0,"pct":100},"statements":{"total":4,"covered":4,"skipped":0,"pct":100},"branches":{"total":0,"covered":0,"skipped":0,"pct":100}}
,"/home/luizfelipelaviola/laviola/unipampa/malware-datalab/autodroid-api-gateway/packages/api/src/modules/worker/infrastructure/http/controllers/workerUpdateRefreshToken.controller.ts": {"lines":{"total":4,"covered":4,"skipped":0,"pct":100},"functions":{"total":1,"covered":1,"skipped":0,"pct":100},"statements":{"total":4,"covered":4,"skipped":0,"pct":100},"branches":{"total":0,"covered":0,"skipped":0,"pct":100}}
,"/home/luizfelipelaviola/laviola/unipampa/malware-datalab/autodroid-api-gateway/packages/api/src/modules/worker/infrastructure/http/middlewares/workerAuthentication.middleware.ts": {"lines":{"total":13,"covered":13,"skipped":0,"pct":100},"functions":{"total":1,"covered":1,"skipped":0,"pct":100},"statements":{"total":13,"covered":13,"skipped":0,"pct":100},"branches":{"total":2,"covered":2,"skipped":0,"pct":100}}
,"/home/luizfelipelaviola/laviola/unipampa/malware-datalab/autodroid-api-gateway/packages/api/src/modules/worker/infrastructure/http/routes/worker.routes.ts": {"lines":{"total":10,"covered":10,"skipped":0,"pct":100},"functions":{"total":0,"covered":0,"skipped":0,"pct":100},"statements":{"total":10,"covered":10,"skipped":0,"pct":100},"branches":{"total":0,"covered":0,"skipped":0,"pct":100}}
,"/home/luizfelipelaviola/laviola/unipampa/malware-datalab/autodroid-api-gateway/packages/api/src/modules/worker/infrastructure/http/routes/workerProcessing.routes.ts": {"lines":{"total":12,"covered":12,"skipped":0,"pct":100},"functions":{"total":0,"covered":0,"skipped":0,"pct":100},"statements":{"total":12,"covered":12,"skipped":0,"pct":100},"branches":{"total":0,"covered":0,"skipped":0,"pct":100}}
,"/home/luizfelipelaviola/laviola/unipampa/malware-datalab/autodroid-api-gateway/packages/api/src/modules/worker/infrastructure/prisma/repositories/prismaWorker.repository.ts": {"lines":{"total":24,"covered":24,"skipped":0,"pct":100},"functions":{"total":9,"covered":9,"skipped":0,"pct":100},"statements":{"total":26,"covered":26,"skipped":0,"pct":100},"branches":{"total":15,"covered":15,"skipped":0,"pct":100}}
,"/home/luizfelipelaviola/laviola/unipampa/malware-datalab/autodroid-api-gateway/packages/api/src/modules/worker/infrastructure/prisma/repositories/prismaWorkerRegistrationToken.repository.ts": {"lines":{"total":19,"covered":19,"skipped":0,"pct":100},"functions":{"total":9,"covered":9,"skipped":0,"pct":100},"statements":{"total":21,"covered":21,"skipped":0,"pct":100},"branches":{"total":23,"covered":23,"skipped":0,"pct":100}}
,"/home/luizfelipelaviola/laviola/unipampa/malware-datalab/autodroid-api-gateway/packages/api/src/modules/worker/infrastructure/websocket/middlewares/websocketWorkerAuthentication.middleware.ts": {"lines":{"total":12,"covered":12,"skipped":0,"pct":100},"functions":{"total":1,"covered":1,"skipped":0,"pct":100},"statements":{"total":12,"covered":12,"skipped":0,"pct":100},"branches":{"total":4,"covered":4,"skipped":0,"pct":100}}
,"/home/luizfelipelaviola/laviola/unipampa/malware-datalab/autodroid-api-gateway/packages/api/src/modules/worker/services/handleWorkerAuthentication.service.ts": {"lines":{"total":15,"covered":15,"skipped":0,"pct":100},"functions":{"total":2,"covered":2,"skipped":0,"pct":100},"statements":{"total":16,"covered":16,"skipped":0,"pct":100},"branches":{"total":8,"covered":8,"skipped":0,"pct":100}}
,"/home/luizfelipelaviola/laviola/unipampa/malware-datalab/autodroid-api-gateway/packages/api/src/modules/worker/services/workerCleanMissing.service.ts": {"lines":{"total":11,"covered":11,"skipped":0,"pct":100},"functions":{"total":3,"covered":3,"skipped":0,"pct":100},"statements":{"total":11,"covered":11,"skipped":0,"pct":100},"branches":{"total":0,"covered":0,"skipped":0,"pct":100}}
,"/home/luizfelipelaviola/laviola/unipampa/malware-datalab/autodroid-api-gateway/packages/api/src/modules/worker/services/workerGenerateAccessToken.service.ts": {"lines":{"total":19,"covered":19,"skipped":0,"pct":100},"functions":{"total":2,"covered":2,"skipped":0,"pct":100},"statements":{"total":20,"covered":20,"skipped":0,"pct":100},"branches":{"total":10,"covered":10,"skipped":0,"pct":100}}
,"/home/luizfelipelaviola/laviola/unipampa/malware-datalab/autodroid-api-gateway/packages/api/src/modules/worker/services/workerGenerateProcessingMetricsUploadFile.service.ts": {"lines":{"total":15,"covered":15,"skipped":0,"pct":100},"functions":{"total":2,"covered":2,"skipped":0,"pct":100},"statements":{"total":15,"covered":15,"skipped":0,"pct":100},"branches":{"total":10,"covered":10,"skipped":0,"pct":100}}
,"/home/luizfelipelaviola/laviola/unipampa/malware-datalab/autodroid-api-gateway/packages/api/src/modules/worker/services/workerGenerateProcessingResultUploadFile.service.ts": {"lines":{"total":15,"covered":15,"skipped":0,"pct":100},"functions":{"total":2,"covered":2,"skipped":0,"pct":100},"statements":{"total":15,"covered":15,"skipped":0,"pct":100},"branches":{"total":10,"covered":10,"skipped":0,"pct":100}}
,"/home/luizfelipelaviola/laviola/unipampa/malware-datalab/autodroid-api-gateway/packages/api/src/modules/worker/services/workerHandleProcessingFailure.service.ts": {"lines":{"total":14,"covered":14,"skipped":0,"pct":100},"functions":{"total":2,"covered":2,"skipped":0,"pct":100},"statements":{"total":14,"covered":14,"skipped":0,"pct":100},"branches":{"total":10,"covered":10,"skipped":0,"pct":100}}
,"/home/luizfelipelaviola/laviola/unipampa/malware-datalab/autodroid-api-gateway/packages/api/src/modules/worker/services/workerHandleProcessingMetricsUploadFile.service.ts": {"lines":{"total":14,"covered":14,"skipped":0,"pct":100},"functions":{"total":2,"covered":2,"skipped":0,"pct":100},"statements":{"total":14,"covered":14,"skipped":0,"pct":100},"branches":{"total":12,"covered":12,"skipped":0,"pct":100}}
,"/home/luizfelipelaviola/laviola/unipampa/malware-datalab/autodroid-api-gateway/packages/api/src/modules/worker/services/workerHandleProcessingProgress.service.ts": {"lines":{"total":10,"covered":10,"skipped":0,"pct":100},"functions":{"total":2,"covered":2,"skipped":0,"pct":100},"statements":{"total":11,"covered":11,"skipped":0,"pct":100},"branches":{"total":8,"covered":8,"skipped":0,"pct":100}}
,"/home/luizfelipelaviola/laviola/unipampa/malware-datalab/autodroid-api-gateway/packages/api/src/modules/worker/services/workerHandleProcessingResultUploadFile.service.ts": {"lines":{"total":14,"covered":14,"skipped":0,"pct":100},"functions":{"total":2,"covered":2,"skipped":0,"pct":100},"statements":{"total":14,"covered":14,"skipped":0,"pct":100},"branches":{"total":12,"covered":12,"skipped":0,"pct":100}}
,"/home/luizfelipelaviola/laviola/unipampa/malware-datalab/autodroid-api-gateway/packages/api/src/modules/worker/services/workerHandleProcessingSuccess.service.ts": {"lines":{"total":22,"covered":22,"skipped":0,"pct":100},"functions":{"total":4,"covered":4,"skipped":0,"pct":100},"statements":{"total":22,"covered":22,"skipped":0,"pct":100},"branches":{"total":18,"covered":18,"skipped":0,"pct":100}}
,"/home/luizfelipelaviola/laviola/unipampa/malware-datalab/autodroid-api-gateway/packages/api/src/modules/worker/services/workerProcessingShow.service.ts": {"lines":{"total":6,"covered":6,"skipped":0,"pct":100},"functions":{"total":2,"covered":2,"skipped":0,"pct":100},"statements":{"total":6,"covered":6,"skipped":0,"pct":100},"branches":{"total":2,"covered":2,"skipped":0,"pct":100}}
,"/home/luizfelipelaviola/laviola/unipampa/malware-datalab/autodroid-api-gateway/packages/api/src/modules/worker/services/workerRegister.service.ts": {"lines":{"total":17,"covered":17,"skipped":0,"pct":100},"functions":{"total":2,"covered":2,"skipped":0,"pct":100},"statements":{"total":18,"covered":18,"skipped":0,"pct":100},"branches":{"total":6,"covered":6,"skipped":0,"pct":100}}
,"/home/luizfelipelaviola/laviola/unipampa/malware-datalab/autodroid-api-gateway/packages/api/src/modules/worker/services/workerRegistrationTokenGenerate.service.ts": {"lines":{"total":9,"covered":9,"skipped":0,"pct":100},"functions":{"total":2,"covered":2,"skipped":0,"pct":100},"statements":{"total":9,"covered":9,"skipped":0,"pct":100},"branches":{"total":5,"covered":5,"skipped":0,"pct":100}}
,"/home/luizfelipelaviola/laviola/unipampa/malware-datalab/autodroid-api-gateway/packages/api/src/modules/worker/services/workerUpdateRefreshToken.service.ts": {"lines":{"total":20,"covered":20,"skipped":0,"pct":100},"functions":{"total":2,"covered":2,"skipped":0,"pct":100},"statements":{"total":21,"covered":21,"skipped":0,"pct":100},"branches":{"total":14,"covered":14,"skipped":0,"pct":100}}
,"/home/luizfelipelaviola/laviola/unipampa/malware-datalab/autodroid-api-gateway/packages/api/src/modules/worker/utils/decodeAndValidateWorkerToken.util.ts": {"lines":{"total":23,"covered":23,"skipped":0,"pct":100},"functions":{"total":5,"covered":5,"skipped":0,"pct":100},"statements":{"total":24,"covered":24,"skipped":0,"pct":100},"branches":{"total":10,"covered":10,"skipped":0,"pct":100}}
,"/home/luizfelipelaviola/laviola/unipampa/malware-datalab/autodroid-api-gateway/packages/api/src/modules/worker/utils/generateWorkerToken.util.ts": {"lines":{"total":14,"covered":14,"skipped":0,"pct":100},"functions":{"total":3,"covered":3,"skipped":0,"pct":100},"statements":{"total":14,"covered":14,"skipped":0,"pct":100},"branches":{"total":2,"covered":2,"skipped":0,"pct":100}}
,"/home/luizfelipelaviola/laviola/unipampa/malware-datalab/autodroid-api-gateway/packages/api/src/modules/worker/utils/generateWorkerTokenPayload.util.ts": {"lines":{"total":1,"covered":1,"skipped":0,"pct":100},"functions":{"total":1,"covered":1,"skipped":0,"pct":100},"statements":{"total":2,"covered":2,"skipped":0,"pct":100},"branches":{"total":0,"covered":0,"skipped":0,"pct":100}}
,"/home/luizfelipelaviola/laviola/unipampa/malware-datalab/autodroid-api-gateway/packages/api/src/modules/worker/utils/isWorkerTokenSignatureMatch.util.ts": {"lines":{"total":9,"covered":9,"skipped":0,"pct":100},"functions":{"total":1,"covered":1,"skipped":0,"pct":100},"statements":{"total":9,"covered":9,"skipped":0,"pct":100},"branches":{"total":4,"covered":4,"skipped":0,"pct":100}}
,"/home/luizfelipelaviola/laviola/unipampa/malware-datalab/autodroid-api-gateway/packages/api/src/shared/config/admin.ts": {"lines":{"total":1,"covered":1,"skipped":0,"pct":100},"functions":{"total":1,"covered":1,"skipped":0,"pct":100},"statements":{"total":2,"covered":2,"skipped":0,"pct":100},"branches":{"total":2,"covered":2,"skipped":0,"pct":100}}
,"/home/luizfelipelaviola/laviola/unipampa/malware-datalab/autodroid-api-gateway/packages/api/src/shared/config/cors.ts": {"lines":{"total":3,"covered":3,"skipped":0,"pct":100},"functions":{"total":1,"covered":1,"skipped":0,"pct":100},"statements":{"total":3,"covered":3,"skipped":0,"pct":100},"branches":{"total":2,"covered":2,"skipped":0,"pct":100}}
,"/home/luizfelipelaviola/laviola/unipampa/malware-datalab/autodroid-api-gateway/packages/api/src/shared/config/email.ts": {"lines":{"total":6,"covered":6,"skipped":0,"pct":100},"functions":{"total":3,"covered":3,"skipped":0,"pct":100},"statements":{"total":6,"covered":6,"skipped":0,"pct":100},"branches":{"total":7,"covered":7,"skipped":0,"pct":100}}
,"/home/luizfelipelaviola/laviola/unipampa/malware-datalab/autodroid-api-gateway/packages/api/src/shared/config/env.ts": {"lines":{"total":2,"covered":2,"skipped":0,"pct":100},"functions":{"total":1,"covered":1,"skipped":0,"pct":100},"statements":{"total":2,"covered":2,"skipped":0,"pct":100},"branches":{"total":0,"covered":0,"skipped":0,"pct":100}}
,"/home/luizfelipelaviola/laviola/unipampa/malware-datalab/autodroid-api-gateway/packages/api/src/shared/config/firebase.ts": {"lines":{"total":3,"covered":3,"skipped":0,"pct":100},"functions":{"total":1,"covered":1,"skipped":0,"pct":100},"statements":{"total":3,"covered":3,"skipped":0,"pct":100},"branches":{"total":0,"covered":0,"skipped":0,"pct":100}}
,"/home/luizfelipelaviola/laviola/unipampa/malware-datalab/autodroid-api-gateway/packages/api/src/shared/config/frontend.ts": {"lines":{"total":3,"covered":3,"skipped":0,"pct":100},"functions":{"total":1,"covered":1,"skipped":0,"pct":100},"statements":{"total":3,"covered":3,"skipped":0,"pct":100},"branches":{"total":0,"covered":0,"skipped":0,"pct":100}}
,"/home/luizfelipelaviola/laviola/unipampa/malware-datalab/autodroid-api-gateway/packages/api/src/shared/config/google.ts": {"lines":{"total":3,"covered":3,"skipped":0,"pct":100},"functions":{"total":1,"covered":1,"skipped":0,"pct":100},"statements":{"total":3,"covered":3,"skipped":0,"pct":100},"branches":{"total":0,"covered":0,"skipped":0,"pct":100}}
,"/home/luizfelipelaviola/laviola/unipampa/malware-datalab/autodroid-api-gateway/packages/api/src/shared/config/millisecond.ts": {"lines":{"total":3,"covered":3,"skipped":0,"pct":100},"functions":{"total":1,"covered":1,"skipped":0,"pct":100},"statements":{"total":3,"covered":3,"skipped":0,"pct":100},"branches":{"total":8,"covered":8,"skipped":0,"pct":100}}
,"/home/luizfelipelaviola/laviola/unipampa/malware-datalab/autodroid-api-gateway/packages/api/src/shared/config/processing.ts": {"lines":{"total":3,"covered":3,"skipped":0,"pct":100},"functions":{"total":1,"covered":1,"skipped":0,"pct":100},"statements":{"total":3,"covered":3,"skipped":0,"pct":100},"branches":{"total":0,"covered":0,"skipped":0,"pct":100}}
,"/home/luizfelipelaviola/laviola/unipampa/malware-datalab/autodroid-api-gateway/packages/api/src/shared/config/redis.ts": {"lines":{"total":5,"covered":5,"skipped":0,"pct":100},"functions":{"total":3,"covered":3,"skipped":0,"pct":100},"statements":{"total":5,"covered":5,"skipped":0,"pct":100},"branches":{"total":6,"covered":6,"skipped":0,"pct":100}}
,"/home/luizfelipelaviola/laviola/unipampa/malware-datalab/autodroid-api-gateway/packages/api/src/shared/config/sentry.ts": {"lines":{"total":8,"covered":8,"skipped":0,"pct":100},"functions":{"total":2,"covered":2,"skipped":0,"pct":100},"statements":{"total":9,"covered":9,"skipped":0,"pct":100},"branches":{"total":9,"covered":9,"skipped":0,"pct":100}}
,"/home/luizfelipelaviola/laviola/unipampa/malware-datalab/autodroid-api-gateway/packages/api/src/shared/config/session.ts": {"lines":{"total":23,"covered":23,"skipped":0,"pct":100},"functions":{"total":3,"covered":3,"skipped":0,"pct":100},"statements":{"total":24,"covered":24,"skipped":0,"pct":100},"branches":{"total":8,"covered":8,"skipped":0,"pct":100}}
,"/home/luizfelipelaviola/laviola/unipampa/malware-datalab/autodroid-api-gateway/packages/api/src/shared/config/worker.ts": {"lines":{"total":3,"covered":3,"skipped":0,"pct":100},"functions":{"total":1,"covered":1,"skipped":0,"pct":100},"statements":{"total":3,"covered":3,"skipped":0,"pct":100},"branches":{"total":2,"covered":2,"skipped":0,"pct":100}}
,"/home/luizfelipelaviola/laviola/unipampa/malware-datalab/autodroid-api-gateway/packages/api/src/shared/container/providers/AuthenticationProvider/implementations/firebase/firebaseAuthentication.provider.ts": {"lines":{"total":100,"covered":100,"skipped":0,"pct":100},"functions":{"total":16,"covered":16,"skipped":0,"pct":100},"statements":{"total":108,"covered":108,"skipped":0,"pct":100},"branches":{"total":95,"covered":95,"skipped":0,"pct":100}}
,"/home/luizfelipelaviola/laviola/unipampa/malware-datalab/autodroid-api-gateway/packages/api/src/shared/container/providers/DatabaseProvider/implementations/prismaDatabase.provider.ts": {"lines":{"total":7,"covered":7,"skipped":0,"pct":100},"functions":{"total":2,"covered":2,"skipped":0,"pct":100},"statements":{"total":7,"covered":7,"skipped":0,"pct":100},"branches":{"total":3,"covered":3,"skipped":0,"pct":100}}
,"/home/luizfelipelaviola/laviola/unipampa/malware-datalab/autodroid-api-gateway/packages/api/src/shared/container/providers/DatasetProcessorProvider/implementations/datasetProcessorProvider.ts": {"lines":{"total":107,"covered":107,"skipped":0,"pct":100},"functions":{"total":21,"covered":21,"skipped":0,"pct":100},"statements":{"total":110,"covered":110,"skipped":0,"pct":100},"branches":{"total":42,"covered":42,"skipped":0,"pct":100}}
,"/home/luizfelipelaviola/laviola/unipampa/malware-datalab/autodroid-api-gateway/packages/api/src/shared/container/providers/EmailNotificationProvider/implementations/nodemailer/nodemailerEmailNotification.provider.ts": {"lines":{"total":40,"covered":40,"skipped":0,"pct":100},"functions":{"total":9,"covered":9,"skipped":0,"pct":100},"statements":{"total":40,"covered":40,"skipped":0,"pct":100},"branches":{"total":14,"covered":14,"skipped":0,"pct":100}}
,"/home/luizfelipelaviola/laviola/unipampa/malware-datalab/autodroid-api-gateway/packages/api/src/shared/container/providers/EmailNotificationProvider/implementations/nodemailer/utils/parseNodemailerAddresses.util.ts": {"lines":{"total":3,"covered":3,"skipped":0,"pct":100},"functions":{"total":2,"covered":2,"skipped":0,"pct":100},"statements":{"total":3,"covered":3,"skipped":0,"pct":100},"branches":{"total":2,"covered":2,"skipped":0,"pct":100}}
,"/home/luizfelipelaviola/laviola/unipampa/malware-datalab/autodroid-api-gateway/packages/api/src/shared/container/providers/InMemoryDatabaseProvider/implementations/redisInMemoryDatabase.provider.ts": {"lines":{"total":27,"covered":27,"skipped":0,"pct":100},"functions":{"total":10,"covered":10,"skipped":0,"pct":100},"statements":{"total":28,"covered":28,"skipped":0,"pct":100},"branches":{"total":9,"covered":9,"skipped":0,"pct":100}}
,"/home/luizfelipelaviola/laviola/unipampa/malware-datalab/autodroid-api-gateway/packages/api/src/shared/container/providers/JobProvider/implementations/BullJob.provider.ts": {"lines":{"total":85,"covered":85,"skipped":0,"pct":100},"functions":{"total":36,"covered":36,"skipped":0,"pct":100},"statements":{"total":86,"covered":86,"skipped":0,"pct":100},"branches":{"total":21,"covered":21,"skipped":0,"pct":100}}
,"/home/luizfelipelaviola/laviola/unipampa/malware-datalab/autodroid-api-gateway/packages/api/src/shared/container/providers/JobProvider/jobs/dispatchDatasetProcessingJob/index.ts": {"lines":{"total":15,"covered":15,"skipped":0,"pct":100},"functions":{"total":3,"covered":3,"skipped":0,"pct":100},"statements":{"total":15,"covered":15,"skipped":0,"pct":100},"branches":{"total":6,"covered":6,"skipped":0,"pct":100}}
,"/home/luizfelipelaviola/laviola/unipampa/malware-datalab/autodroid-api-gateway/packages/api/src/shared/container/providers/JobProvider/jobs/processingCleanExpiredJob/index.ts": {"lines":{"total":10,"covered":10,"skipped":0,"pct":100},"functions":{"total":3,"covered":3,"skipped":0,"pct":100},"statements":{"total":10,"covered":10,"skipped":0,"pct":100},"branches":{"total":0,"covered":0,"skipped":0,"pct":100}}
,"/home/luizfelipelaviola/laviola/unipampa/malware-datalab/autodroid-api-gateway/packages/api/src/shared/container/providers/JobProvider/jobs/processingFailDanglingJob/index.ts": {"lines":{"total":10,"covered":10,"skipped":0,"pct":100},"functions":{"total":3,"covered":3,"skipped":0,"pct":100},"statements":{"total":10,"covered":10,"skipped":0,"pct":100},"branches":{"total":0,"covered":0,"skipped":0,"pct":100}}
[...]
,"/home/luizfelipelaviola/laviola/unipampa/malware-datalab/autodroid-api-gateway/packages/api/src/shared/decorators/isUUIDArray.decorator.ts": {"lines":{"total":11,"covered":11,"skipped":0,"pct":100},"functions":{"total":2,"covered":2,"skipped":0,"pct":100},"statements":{"total":11,"covered":11,"skipped":0,"pct":100},"branches":{"total":3,"covered":3,"skipped":0,"pct":100}}
,"/home/luizfelipelaviola/laviola/unipampa/malware-datalab/autodroid-api-gateway/packages/api/src/shared/decorators/nameString.decorator.ts": {"lines":{"total":6,"covered":6,"skipped":0,"pct":100},"functions":{"total":3,"covered":3,"skipped":0,"pct":100},"statements":{"total":6,"covered":6,"skipped":0,"pct":100},"branches":{"total":1,"covered":1,"skipped":0,"pct":100}}
,"/home/luizfelipelaviola/laviola/unipampa/malware-datalab/autodroid-api-gateway/packages/api/src/shared/decorators/onlyWith.decorator.ts": {"lines":{"total":9,"covered":9,"skipped":0,"pct":100},"functions":{"total":5,"covered":5,"skipped":0,"pct":100},"statements":{"total":9,"covered":9,"skipped":0,"pct":100},"branches":{"total":0,"covered":0,"skipped":0,"pct":100}}
,"/home/luizfelipelaviola/laviola/unipampa/malware-datalab/autodroid-api-gateway/packages/api/src/shared/decorators/trimStringTransform.decorator.ts": {"lines":{"total":5,"covered":5,"skipped":0,"pct":100},"functions":{"total":3,"covered":3,"skipped":0,"pct":100},"statements":{"total":6,"covered":6,"skipped":0,"pct":100},"branches":{"total":2,"covered":2,"skipped":0,"pct":100}}
,"/home/luizfelipelaviola/laviola/unipampa/malware-datalab/autodroid-api-gateway/packages/api/src/shared/decorators/validInt.decorator.ts": {"lines":{"total":9,"covered":9,"skipped":0,"pct":100},"functions":{"total":2,"covered":2,"skipped":0,"pct":100},"statements":{"total":10,"covered":10,"skipped":0,"pct":100},"branches":{"total":3,"covered":3,"skipped":0,"pct":100}}
,"/home/luizfelipelaviola/laviola/unipampa/malware-datalab/autodroid-api-gateway/packages/api/src/shared/decorators/validString.decorator.ts": {"lines":{"total":9,"covered":9,"skipped":0,"pct":100},"functions":{"total":2,"covered":2,"skipped":0,"pct":100},"statements":{"total":10,"covered":10,"skipped":0,"pct":100},"branches":{"total":3,"covered":3,"skipped":0,"pct":100}}
,"/home/luizfelipelaviola/laviola/unipampa/malware-datalab/autodroid-api-gateway/packages/api/src/shared/errors/AppError.ts": {"lines":{"total":22,"covered":22,"skipped":0,"pct":100},"functions":{"total":4,"covered":4,"skipped":0,"pct":100},"statements":{"total":23,"covered":23,"skipped":0,"pct":100},"branches":{"total":21,"covered":21,"skipped":0,"pct":100}}
,"/home/luizfelipelaviola/laviola/unipampa/malware-datalab/autodroid-api-gateway/packages/api/src/shared/errors/ValidationError.ts": {"lines":{"total":3,"covered":3,"skipped":0,"pct":100},"functions":{"total":1,"covered":1,"skipped":0,"pct":100},"statements":{"total":3,"covered":3,"skipped":0,"pct":100},"branches":{"total":0,"covered":0,"skipped":0,"pct":100}}
,"/home/luizfelipelaviola/laviola/unipampa/malware-datalab/autodroid-api-gateway/packages/api/src/shared/i18n/index.ts": {"lines":{"total":9,"covered":9,"skipped":0,"pct":100},"functions":{"total":1,"covered":1,"skipped":0,"pct":100},"statements":{"total":9,"covered":9,"skipped":0,"pct":100},"branches":{"total":3,"covered":3,"skipped":0,"pct":100}}
,"/home/luizfelipelaviola/laviola/unipampa/malware-datalab/autodroid-api-gateway/packages/api/src/shared/infrastructure/app/bootstrap.ts": {"lines":{"total":10,"covered":10,"skipped":0,"pct":100},"functions":{"total":1,"covered":1,"skipped":0,"pct":100},"statements":{"total":10,"covered":10,"skipped":0,"pct":100},"branches":{"total":0,"covered":0,"skipped":0,"pct":100}}
,"/home/luizfelipelaviola/laviola/unipampa/malware-datalab/autodroid-api-gateway/packages/api/src/shared/infrastructure/app/index.ts": {"lines":{"total":15,"covered":15,"skipped":0,"pct":100},"functions":{"total":4,"covered":4,"skipped":0,"pct":100},"statements":{"total":16,"covered":16,"skipped":0,"pct":100},"branches":{"total":10,"covered":10,"skipped":0,"pct":100}}
,"/home/luizfelipelaviola/laviola/unipampa/malware-datalab/autodroid-api-gateway/packages/api/src/shared/infrastructure/graphql/app.ts": {"lines":{"total":10,"covered":10,"skipped":0,"pct":100},"functions":{"total":3,"covered":3,"skipped":0,"pct":100},"statements":{"total":10,"covered":10,"skipped":0,"pct":100},"branches":{"total":4,"covered":4,"skipped":0,"pct":100}}
,"/home/luizfelipelaviola/laviola/unipampa/malware-datalab/autodroid-api-gateway/packages/api/src/shared/infrastructure/graphql/authentication.ts": {"lines":{"total":6,"covered":6,"skipped":0,"pct":100},"functions":{"total":1,"covered":1,"skipped":0,"pct":100},"statements":{"total":10,"covered":10,"skipped":0,"pct":100},"branches":{"total":12,"covered":12,"skipped":0,"pct":100}}
,"/home/luizfelipelaviola/laviola/unipampa/malware-datalab/autodroid-api-gateway/packages/api/src/shared/infrastructure/graphql/complexity.ts": {"lines":{"total":7,"covered":7,"skipped":0,"pct":100},"functions":{"total":3,"covered":3,"skipped":0,"pct":100},"statements":{"total":7,"covered":7,"skipped":0,"pct":100},"branches":{"total":2,"covered":2,"skipped":0,"pct":100}}
,"/home/luizfelipelaviola/laviola/unipampa/malware-datalab/autodroid-api-gateway/packages/api/src/shared/infrastructure/graphql/context.ts": {"lines":{"total":1,"covered":1,"skipped":0,"pct":100},"functions":{"total":1,"covered":1,"skipped":0,"pct":100},"statements":{"total":1,"covered":1,"skipped":0,"pct":100},"branches":{"total":0,"covered":0,"skipped":0,"pct":100}}
,"/home/luizfelipelaviola/laviola/unipampa/malware-datalab/autodroid-api-gateway/packages/api/src/shared/infrastructure/graphql/error.ts": {"lines":{"total":31,"covered":31,"skipped":0,"pct":100},"functions":{"total":4,"covered":4,"skipped":0,"pct":100},"statements":{"total":31,"covered":31,"skipped":0,"pct":100},"branches":{"total":42,"covered":42,"skipped":0,"pct":100}}
,"/home/luizfelipelaviola/laviola/unipampa/malware-datalab/autodroid-api-gateway/packages/api/src/shared/infrastructure/graphql/index.ts": {"lines":{"total":0,"covered":0,"skipped":0,"pct":100},"functions":{"total":0,"covered":0,"skipped":0,"pct":100},"statements":{"total":0,"covered":0,"skipped":0,"pct":100},"branches":{"total":0,"covered":0,"skipped":0,"pct":100}}
,"/home/luizfelipelaviola/laviola/unipampa/malware-datalab/autodroid-api-gateway/packages/api/src/shared/infrastructure/graphql/validation.ts": {"lines":{"total":10,"covered":10,"skipped":0,"pct":100},"functions":{"total":2,"covered":2,"skipped":0,"pct":100},"statements":{"total":11,"covered":11,"skipped":0,"pct":100},"branches":{"total":6,"covered":6,"skipped":0,"pct":100}}
,"/home/luizfelipelaviola/laviola/unipampa/malware-datalab/autodroid-api-gateway/packages/api/src/shared/infrastructure/http/app.ts": {"lines":{"total":37,"covered":37,"skipped":0,"pct":100},"functions":{"total":7,"covered":7,"skipped":0,"pct":100},"statements":{"total":39,"covered":39,"skipped":0,"pct":100},"branches":{"total":4,"covered":4,"skipped":0,"pct":100}}
,"/home/luizfelipelaviola/laviola/unipampa/malware-datalab/autodroid-api-gateway/packages/api/src/shared/infrastructure/http/server.ts": {"lines":{"total":45,"covered":45,"skipped":0,"pct":100},"functions":{"total":18,"covered":18,"skipped":0,"pct":100},"statements":{"total":46,"covered":46,"skipped":0,"pct":100},"branches":{"total":4,"covered":4,"skipped":0,"pct":100}}
,"/home/luizfelipelaviola/laviola/unipampa/malware-datalab/autodroid-api-gateway/packages/api/src/shared/infrastructure/http/middlewares/error.middleware.ts": {"lines":{"total":12,"covered":12,"skipped":0,"pct":100},"functions":{"total":1,"covered":1,"skipped":0,"pct":100},"statements":{"total":12,"covered":12,"skipped":0,"pct":100},"branches":{"total":12,"covered":12,"skipped":0,"pct":100}}
,"/home/luizfelipelaviola/laviola/unipampa/malware-datalab/autodroid-api-gateway/packages/api/src/shared/infrastructure/http/middlewares/lightRateLimiter.middleware.ts": {"lines":{"total":6,"covered":6,"skipped":0,"pct":100},"functions":{"total":1,"covered":1,"skipped":0,"pct":100},"statements":{"total":7,"covered":7,"skipped":0,"pct":100},"branches":{"total":2,"covered":2,"skipped":0,"pct":100}}
,"/home/luizfelipelaviola/laviola/unipampa/malware-datalab/autodroid-api-gateway/packages/api/src/shared/infrastructure/http/middlewares/userAgent.middleware.ts": {"lines":{"total":9,"covered":9,"skipped":0,"pct":100},"functions":{"total":3,"covered":3,"skipped":0,"pct":100},"statements":{"total":10,"covered":10,"skipped":0,"pct":100},"branches":{"total":7,"covered":7,"skipped":0,"pct":100}}
,"/home/luizfelipelaviola/laviola/unipampa/malware-datalab/autodroid-api-gateway/packages/api/src/shared/infrastructure/http/middlewares/validation.middleware.ts": {"lines":{"total":18,"covered":18,"skipped":0,"pct":100},"functions":{"total":4,"covered":4,"skipped":0,"pct":100},"statements":{"total":18,"covered":18,"skipped":0,"pct":100},"branches":{"total":16,"covered":16,"skipped":0,"pct":100}}
,"/home/luizfelipelaviola/laviola/unipampa/malware-datalab/autodroid-api-gateway/packages/api/src/shared/infrastructure/http/routes/index.ts": {"lines":{"total":8,"covered":8,"skipped":0,"pct":100},"functions":{"total":0,"covered":0,"skipped":0,"pct":100},"statements":{"total":8,"covered":8,"skipped":0,"pct":100},"branches":{"total":0,"covered":0,"skipped":0,"pct":100}}
,"/home/luizfelipelaviola/laviola/unipampa/malware-datalab/autodroid-api-gateway/packages/api/src/shared/infrastructure/saml/middlewares.ts": {"lines":{"total":4,"covered":4,"skipped":0,"pct":100},"functions":{"total":1,"covered":1,"skipped":0,"pct":100},"statements":{"total":4,"covered":4,"skipped":0,"pct":100},"branches":{"total":2,"covered":2,"skipped":0,"pct":100}}
,"/home/luizfelipelaviola/laviola/unipampa/malware-datalab/autodroid-api-gateway/packages/api/src/shared/infrastructure/saml/routes.ts": {"lines":{"total":33,"covered":33,"skipped":0,"pct":100},"functions":{"total":6,"covered":6,"skipped":0,"pct":100},"statements":{"total":33,"covered":33,"skipped":0,"pct":100},"branches":{"total":6,"covered":6,"skipped":0,"pct":100}}
,"/home/luizfelipelaviola/laviola/unipampa/malware-datalab/autodroid-api-gateway/packages/api/src/shared/infrastructure/saml/strategy.ts": {"lines":{"total":112,"covered":112,"skipped":0,"pct":100},"functions":{"total":29,"covered":29,"skipped":0,"pct":100},"statements":{"total":115,"covered":115,"skipped":0,"pct":100},"branches":{"total":65,"covered":65,"skipped":0,"pct":100}}
,"/home/luizfelipelaviola/laviola/unipampa/malware-datalab/autodroid-api-gateway/packages/api/src/shared/infrastructure/sentry/index.ts": {"lines":{"total":2,"covered":2,"skipped":0,"pct":100},"functions":{"total":0,"covered":0,"skipped":0,"pct":100},"statements":{"total":2,"covered":2,"skipped":0,"pct":100},"branches":{"total":0,"covered":0,"skipped":0,"pct":100}}
,"/home/luizfelipelaviola/laviola/unipampa/malware-datalab/autodroid-api-gateway/packages/api/src/shared/infrastructure/websocket/adapter.ts": {"lines":{"total":12,"covered":12,"skipped":0,"pct":100},"functions":{"total":5,"covered":5,"skipped":0,"pct":100},"statements":{"total":12,"covered":12,"skipped":0,"pct":100},"branches":{"total":0,"covered":0,"skipped":0,"pct":100}}
,"/home/luizfelipelaviola/laviola/unipampa/malware-datalab/autodroid-api-gateway/packages/api/src/shared/infrastructure/websocket/app.ts": {"lines":{"total":26,"covered":26,"skipped":0,"pct":100},"functions":{"total":7,"covered":7,"skipped":0,"pct":100},"statements":{"total":26,"covered":26,"skipped":0,"pct":100},"branches":{"total":8,"covered":8,"skipped":0,"pct":100}}
,"/home/luizfelipelaviola/laviola/unipampa/malware-datalab/autodroid-api-gateway/packages/api/src/shared/infrastructure/websocket/index.ts": {"lines":{"total":0,"covered":0,"skipped":0,"pct":100},"functions":{"total":0,"covered":0,"skipped":0,"pct":100},"statements":{"total":0,"covered":0,"skipped":0,"pct":100},"branches":{"total":0,"covered":0,"skipped":0,"pct":100}}
,"/home/luizfelipelaviola/laviola/unipampa/malware-datalab/autodroid-api-gateway/packages/api/src/shared/infrastructure/websocket/errors/WebsocketUnauthorized.error.ts": {"lines":{"total":4,"covered":4,"skipped":0,"pct":100},"functions":{"total":1,"covered":1,"skipped":0,"pct":100},"statements":{"total":4,"covered":4,"skipped":0,"pct":100},"branches":{"total":0,"covered":0,"skipped":0,"pct":100}}
,"/home/luizfelipelaviola/laviola/unipampa/malware-datalab/autodroid-api-gateway/packages/api/src/shared/infrastructure/websocket/middlewares/websocketAuthenticationGuard.middleware.ts": {"lines":{"total":7,"covered":7,"skipped":0,"pct":100},"functions":{"total":1,"covered":1,"skipped":0,"pct":100},"statements":{"total":7,"covered":7,"skipped":0,"pct":100},"branches":{"total":8,"covered":8,"skipped":0,"pct":100}}
,"/home/luizfelipelaviola/laviola/unipampa/malware-datalab/autodroid-api-gateway/packages/api/src/shared/types/bigInt.scalar.ts": {"lines":{"total":23,"covered":23,"skipped":0,"pct":100},"functions":{"total":4,"covered":4,"skipped":0,"pct":100},"statements":{"total":26,"covered":26,"skipped":0,"pct":100},"branches":{"total":10,"covered":10,"skipped":0,"pct":100}}
,"/home/luizfelipelaviola/laviola/unipampa/malware-datalab/autodroid-api-gateway/packages/api/src/shared/types/json.scalar.ts": {"lines":{"total":1,"covered":1,"skipped":0,"pct":100},"functions":{"total":0,"covered":0,"skipped":0,"pct":100},"statements":{"total":1,"covered":1,"skipped":0,"pct":100},"branches":{"total":0,"covered":0,"skipped":0,"pct":100}}
,"/home/luizfelipelaviola/laviola/unipampa/malware-datalab/autodroid-api-gateway/packages/api/src/shared/types/models.ts": {"lines":{"total":0,"covered":0,"skipped":0,"pct":100},"functions":{"total":0,"covered":0,"skipped":0,"pct":100},"statements":{"total":0,"covered":0,"skipped":0,"pct":100},"branches":{"total":0,"covered":0,"skipped":0,"pct":100}}
,"/home/luizfelipelaviola/laviola/unipampa/malware-datalab/autodroid-api-gateway/packages/api/src/shared/types/objectId.ts": {"lines":{"total":11,"covered":11,"skipped":0,"pct":100},"functions":{"total":3,"covered":3,"skipped":0,"pct":100},"statements":{"total":11,"covered":11,"skipped":0,"pct":100},"branches":{"total":6,"covered":6,"skipped":0,"pct":100}}
,"/home/luizfelipelaviola/laviola/unipampa/malware-datalab/autodroid-api-gateway/packages/api/src/shared/utils/dateUtils/index.ts": {"lines":{"total":13,"covered":13,"skipped":0,"pct":100},"functions":{"total":9,"covered":9,"skipped":0,"pct":100},"statements":{"total":13,"covered":13,"skipped":0,"pct":100},"branches":{"total":0,"covered":0,"skipped":0,"pct":100}}
,"/home/luizfelipelaviola/laviola/unipampa/malware-datalab/autodroid-api-gateway/packages/api/src/shared/utils/executeAction/index.ts": {"lines":{"total":13,"covered":13,"skipped":0,"pct":100},"functions":{"total":1,"covered":1,"skipped":0,"pct":100},"statements":{"total":13,"covered":13,"skipped":0,"pct":100},"branches":{"total":16,"covered":16,"skipped":0,"pct":100}}
,"/home/luizfelipelaviola/laviola/unipampa/malware-datalab/autodroid-api-gateway/packages/api/src/shared/utils/generateHash/index.ts": {"lines":{"total":2,"covered":2,"skipped":0,"pct":100},"functions":{"total":1,"covered":1,"skipped":0,"pct":100},"statements":{"total":2,"covered":2,"skipped":0,"pct":100},"branches":{"total":0,"covered":0,"skipped":0,"pct":100}}
,"/home/luizfelipelaviola/laviola/unipampa/malware-datalab/autodroid-api-gateway/packages/api/src/shared/utils/generateRandomFilename/index.ts": {"lines":{"total":2,"covered":2,"skipped":0,"pct":100},"functions":{"total":1,"covered":1,"skipped":0,"pct":100},"statements":{"total":2,"covered":2,"skipped":0,"pct":100},"branches":{"total":0,"covered":0,"skipped":0,"pct":100}}
,"/home/luizfelipelaviola/laviola/unipampa/malware-datalab/autodroid-api-gateway/packages/api/src/shared/utils/generateToken/index.ts": {"lines":{"total":2,"covered":2,"skipped":0,"pct":100},"functions":{"total":1,"covered":1,"skipped":0,"pct":100},"statements":{"total":2,"covered":2,"skipped":0,"pct":100},"branches":{"total":1,"covered":1,"skipped":0,"pct":100}}
,"/home/luizfelipelaviola/laviola/unipampa/malware-datalab/autodroid-api-gateway/packages/api/src/shared/utils/getFileExtensionFromFilename/index.ts": {"lines":{"total":3,"covered":3,"skipped":0,"pct":100},"functions":{"total":1,"covered":1,"skipped":0,"pct":100},"statements":{"total":3,"covered":3,"skipped":0,"pct":100},"branches":{"total":0,"covered":0,"skipped":0,"pct":100}}
,"/home/luizfelipelaviola/laviola/unipampa/malware-datalab/autodroid-api-gateway/packages/api/src/shared/utils/instanceParser/index.ts": {"lines":{"total":10,"covered":10,"skipped":0,"pct":100},"functions":{"total":4,"covered":4,"skipped":0,"pct":100},"statements":{"total":14,"covered":14,"skipped":0,"pct":100},"branches":{"total":8,"covered":8,"skipped":0,"pct":100}}
,"/home/luizfelipelaviola/laviola/unipampa/malware-datalab/autodroid-api-gateway/packages/api/src/shared/utils/isValidCommaSeparatedString/index.ts": {"lines":{"total":2,"covered":2,"skipped":0,"pct":100},"functions":{"total":2,"covered":2,"skipped":0,"pct":100},"statements":{"total":3,"covered":3,"skipped":0,"pct":100},"branches":{"total":2,"covered":2,"skipped":0,"pct":100}}
,"/home/luizfelipelaviola/laviola/unipampa/malware-datalab/autodroid-api-gateway/packages/api/src/shared/utils/isValidEmail/index.ts": {"lines":{"total":3,"covered":3,"skipped":0,"pct":100},"functions":{"total":1,"covered":1,"skipped":0,"pct":100},"statements":{"total":4,"covered":4,"skipped":0,"pct":100},"branches":{"total":2,"covered":2,"skipped":0,"pct":100}}
,"/home/luizfelipelaviola/laviola/unipampa/malware-datalab/autodroid-api-gateway/packages/api/src/shared/utils/isValidLanguage/index.ts": {"lines":{"total":4,"covered":4,"skipped":0,"pct":100},"functions":{"total":1,"covered":1,"skipped":0,"pct":100},"statements":{"total":4,"covered":4,"skipped":0,"pct":100},"branches":{"total":0,"covered":0,"skipped":0,"pct":100}}
,"/home/luizfelipelaviola/laviola/unipampa/malware-datalab/autodroid-api-gateway/packages/api/src/shared/utils/isValidMimeTypeExtension/index.ts": {"lines":{"total":2,"covered":2,"skipped":0,"pct":100},"functions":{"total":1,"covered":1,"skipped":0,"pct":100},"statements":{"total":2,"covered":2,"skipped":0,"pct":100},"branches":{"total":0,"covered":0,"skipped":0,"pct":100}}
,"/home/luizfelipelaviola/laviola/unipampa/malware-datalab/autodroid-api-gateway/packages/api/src/shared/utils/logger/index.ts": {"lines":{"total":3,"covered":3,"skipped":0,"pct":100},"functions":{"total":1,"covered":1,"skipped":0,"pct":100},"statements":{"total":3,"covered":3,"skipped":0,"pct":100},"branches":{"total":0,"covered":0,"skipped":0,"pct":100}}
,"/home/luizfelipelaviola/laviola/unipampa/malware-datalab/autodroid-api-gateway/packages/api/src/shared/utils/sleep/index.ts": {"lines":{"total":3,"covered":3,"skipped":0,"pct":100},"functions":{"total":2,"covered":2,"skipped":0,"pct":100},"statements":{"total":3,"covered":3,"skipped":0,"pct":100},"branches":{"total":0,"covered":0,"skipped":0,"pct":100}}
,"/home/luizfelipelaviola/laviola/unipampa/malware-datalab/autodroid-api-gateway/packages/api/src/shared/utils/trimString/index.ts": {"lines":{"total":3,"covered":3,"skipped":0,"pct":100},"functions":{"total":1,"covered":1,"skipped":0,"pct":100},"statements":{"total":4,"covered":4,"skipped":0,"pct":100},"branches":{"total":2,"covered":2,"skipped":0,"pct":100}}
,"/home/luizfelipelaviola/laviola/unipampa/malware-datalab/autodroid-api-gateway/packages/api/src/shared/utils/validateNullable/index.ts": {"lines":{"total":6,"covered":6,"skipped":0,"pct":100},"functions":{"total":1,"covered":1,"skipped":0,"pct":100},"statements":{"total":10,"covered":10,"skipped":0,"pct":100},"branches":{"total":12,"covered":12,"skipped":0,"pct":100}}
}
