{"/home/luizfelipelaviola/laviola/unipampa/malware-datalab/autodroid-api-gateway/packages/api/src/index.ts": {"path":"/home/luizfelipelaviola/laviola/unipampa/malware-datalab/autodroid-api-gateway/packages/api/src/index.ts","statementMap":{},"fnMap":{},"branchMap":{},"s":{},"f":{},"b":{},"meta":{"lastBranch":0,"lastFunction":0,"lastStatement":0,"seen":{}}}
,"/home/luizfelipelaviola/laviola/unipampa/malware-datalab/autodroid-api-gateway/packages/api/src/modules/admin/decorators/requireAdminPermission.decorator.ts": {"path":"/home/luizfelipelaviola/laviola/unipampa/malware-datalab/autodroid-api-gateway/packages/api/src/modules/admin/decorators/requireAdminPermission.decorator.ts","statementMap":{"0":{"start":{"line":8,"column":2},"end":{"line":28,"column":null}},"1":{"start":{"line":13,"column":27},"end":{"line":13,"column":43}},"2":{"start":{"line":15,"column":4},"end":{"line":25,"column":null}},"3":{"start":{"line":16,"column":18},"end":{"line":16,"column":25}},"4":{"start":{"line":17,"column":6},"end":{"line":22,"column":null}},"5":{"start":{"line":18,"column":8},"end":{"line":21,"column":null}},"6":{"start":{"line":24,"column":6},"end":{"line":24,"column":null}},"7":{"start":{"line":27,"column":4},"end":{"line":27,"column":null}}},"fnMap":{"0":{"name":"RequireAdminPermission","decl":{"start":{"line":7,"column":9},"end":{"line":7,"column":null}},"loc":{"start":{"line":7,"column":9},"end":{"line":29,"column":null}},"line":7},"1":{"name":"(anonymous_1)","decl":{"start":{"line":8,"column":9},"end":{"line":8,"column":null}},"loc":{"start":{"line":11,"column":34},"end":{"line":28,"column":null}},"line":11},"2":{"name":"(anonymous_2)","decl":{"start":{"line":15,"column":23},"end":{"line":15,"column":33}},"loc":{"start":{"line":15,"column":47},"end":{"line":25,"column":null}},"line":15}},"branchMap":{"0":{"loc":{"start":{"line":17,"column":6},"end":{"line":22,"column":null}},"type":"if","locations":[{"start":{"line":17,"column":6},"end":{"line":22,"column":null}},{"start":{},"end":{}}],"line":17},"1":{"loc":{"start":{"line":17,"column":10},"end":{"line":17,"column":49}},"type":"binary-expr","locations":[{"start":{"line":17,"column":10},"end":{"line":17,"column":18}},{"start":{"line":17,"column":18},"end":{"line":17,"column":27}},{"start":{"line":17,"column":31},"end":{"line":17,"column":49}}],"line":17}},"s":{"0":200,"1":199,"2":199,"3":91,"4":91,"5":31,"6":60,"7":199},"f":{"0":200,"1":199,"2":91},"b":{"0":[31,60],"1":[91,90,89]},"meta":{"lastBranch":2,"lastFunction":3,"lastStatement":8,"seen":{"f:7:9:7:Infinity":0,"s:8:2:28:Infinity":0,"f:8:9:8:Infinity":1,"s:13:27:13:43":1,"s:15:4:25:Infinity":2,"f:15:23:15:33":2,"s:16:18:16:25":3,"b:17:6:22:Infinity:undefined:undefined:undefined:undefined":0,"s:17:6:22:Infinity":4,"b:17:10:17:18:17:18:17:27:17:31:17:49":1,"s:18:8:21:Infinity":5,"s:24:6:24:Infinity":6,"s:27:4:27:Infinity":7}}}
,"/home/luizfelipelaviola/laviola/unipampa/malware-datalab/autodroid-api-gateway/packages/api/src/modules/admin/infrastructure/http/middlewares/adminAuthentication.middleware.ts": {"path":"/home/luizfelipelaviola/laviola/unipampa/malware-datalab/autodroid-api-gateway/packages/api/src/modules/admin/infrastructure/http/middlewares/adminAuthentication.middleware.ts","statementMap":{"0":{"start":{"line":6,"column":38},"end":{"line":31,"column":null}},"1":{"start":{"line":11,"column":30},"end":{"line":11,"column":null}},"2":{"start":{"line":13,"column":2},"end":{"line":21,"column":null}},"3":{"start":{"line":14,"column":4},"end":{"line":21,"column":null}},"4":{"start":{"line":23,"column":2},"end":{"line":28,"column":null}},"5":{"start":{"line":24,"column":4},"end":{"line":28,"column":null}},"6":{"start":{"line":30,"column":2},"end":{"line":30,"column":null}}},"fnMap":{"0":{"name":"(anonymous_0)","decl":{"start":{"line":6,"column":38},"end":{"line":6,"column":null}},"loc":{"start":{"line":9,"column":2},"end":{"line":31,"column":null}},"line":9}},"branchMap":{"0":{"loc":{"start":{"line":13,"column":2},"end":{"line":21,"column":null}},"type":"if","locations":[{"start":{"line":13,"column":2},"end":{"line":21,"column":null}},{"start":{},"end":{}}],"line":13},"1":{"loc":{"start":{"line":23,"column":2},"end":{"line":28,"column":null}},"type":"if","locations":[{"start":{"line":23,"column":2},"end":{"line":28,"column":null}},{"start":{},"end":{}}],"line":23}},"s":{"0":3,"1":4,"2":4,"3":2,"4":2,"5":1,"6":1},"f":{"0":4},"b":{"0":[2,2],"1":[1,1]},"meta":{"lastBranch":2,"lastFunction":1,"lastStatement":7,"seen":{"s:6:38:31:Infinity":0,"f:6:38:6:Infinity":0,"s:11:30:11:Infinity":1,"b:13:2:21:Infinity:undefined:undefined:undefined:undefined":0,"s:13:2:21:Infinity":2,"s:14:4:21:Infinity":3,"b:23:2:28:Infinity:undefined:undefined:undefined:undefined":1,"s:23:2:28:Infinity":4,"s:24:4:28:Infinity":5,"s:30:2:30:Infinity":6}}}
,"/home/luizfelipelaviola/laviola/unipampa/malware-datalab/autodroid-api-gateway/packages/api/src/modules/admin/infrastructure/http/routes/admin.routes.ts": {"path":"/home/luizfelipelaviola/laviola/unipampa/malware-datalab/autodroid-api-gateway/packages/api/src/modules/admin/infrastructure/http/routes/admin.routes.ts","statementMap":{"0":{"start":{"line":13,"column":6},"end":{"line":13,"column":null}},"1":{"start":{"line":15,"column":0},"end":{"line":15,"column":null}},"2":{"start":{"line":17,"column":0},"end":{"line":17,"column":null}},"3":{"start":{"line":18,"column":0},"end":{"line":18,"column":null}},"4":{"start":{"line":19,"column":0},"end":{"line":19,"column":null}},"5":{"start":{"line":20,"column":0},"end":{"line":20,"column":null}},"6":{"start":{"line":21,"column":0},"end":{"line":21,"column":null}}},"fnMap":{},"branchMap":{},"s":{"0":2,"1":2,"2":2,"3":2,"4":2,"5":2,"6":2},"f":{},"b":{},"meta":{"lastBranch":0,"lastFunction":0,"lastStatement":7,"seen":{"s:13:6:13:Infinity":0,"s:15:0:15:Infinity":1,"s:17:0:17:Infinity":2,"s:18:0:18:Infinity":3,"s:19:0:19:Infinity":4,"s:20:0:20:Infinity":5,"s:21:0:21:Infinity":6}}}
,"/home/luizfelipelaviola/laviola/unipampa/malware-datalab/autodroid-api-gateway/packages/api/src/modules/adminDataset/infrastructure/graphql/resolvers/adminDataset.resolver.ts": {"path":"/home/luizfelipelaviola/laviola/unipampa/malware-datalab/autodroid-api-gateway/packages/api/src/modules/adminDataset/infrastructure/graphql/resolvers/adminDataset.resolver.ts","statementMap":{"0":{"start":{"line":43,"column":0},"end":{"line":161,"column":null}},"1":{"start":{"line":56,"column":37},"end":{"line":57,"column":null}},"2":{"start":{"line":60,"column":30},"end":{"line":67,"column":null}},"3":{"start":{"line":69,"column":4},"end":{"line":69,"column":null}},"4":{"start":{"line":80,"column":36},"end":{"line":80,"column":null}},"5":{"start":{"line":82,"column":20},"end":{"line":87,"column":null}},"6":{"start":{"line":89,"column":4},"end":{"line":89,"column":null}},"7":{"start":{"line":101,"column":38},"end":{"line":102,"column":null}},"8":{"start":{"line":105,"column":20},"end":{"line":111,"column":null}},"9":{"start":{"line":113,"column":4},"end":{"line":113,"column":null}},"10":{"start":{"line":124,"column":38},"end":{"line":125,"column":null}},"11":{"start":{"line":128,"column":20},"end":{"line":133,"column":null}},"12":{"start":{"line":135,"column":4},"end":{"line":135,"column":null}},"13":{"start":{"line":147,"column":48},"end":{"line":148,"column":null}},"14":{"start":{"line":151,"column":20},"end":{"line":157,"column":null}},"15":{"start":{"line":159,"column":4},"end":{"line":159,"column":null}},"16":{"start":{"line":46,"column":15},"end":{"line":46,"column":null}},"17":{"start":{"line":74,"column":15},"end":{"line":74,"column":null}},"18":{"start":{"line":94,"column":18},"end":{"line":94,"column":null}},"19":{"start":{"line":118,"column":18},"end":{"line":118,"column":null}},"20":{"start":{"line":140,"column":18},"end":{"line":140,"column":null}}},"fnMap":{"0":{"name":"(anonymous_0)","decl":{"start":{"line":47,"column":8},"end":{"line":47,"column":null}},"loc":{"start":{"line":55,"column":31},"end":{"line":70,"column":null}},"line":55},"1":{"name":"(anonymous_1)","decl":{"start":{"line":75,"column":8},"end":{"line":75,"column":null}},"loc":{"start":{"line":79,"column":22},"end":{"line":90,"column":null}},"line":79},"2":{"name":"(anonymous_2)","decl":{"start":{"line":95,"column":8},"end":{"line":95,"column":null}},"loc":{"start":{"line":100,"column":22},"end":{"line":114,"column":null}},"line":100},"3":{"name":"(anonymous_3)","decl":{"start":{"line":119,"column":8},"end":{"line":119,"column":null}},"loc":{"start":{"line":123,"column":22},"end":{"line":136,"column":null}},"line":123},"4":{"name":"(anonymous_4)","decl":{"start":{"line":141,"column":8},"end":{"line":141,"column":null}},"loc":{"start":{"line":146,"column":4},"end":{"line":160,"column":null}},"line":146},"5":{"name":"(anonymous_5)","decl":{"start":{"line":46,"column":15},"end":{"line":46,"column":null}},"loc":{"start":{"line":46,"column":15},"end":{"line":46,"column":null}},"line":46},"6":{"name":"(anonymous_6)","decl":{"start":{"line":74,"column":15},"end":{"line":74,"column":null}},"loc":{"start":{"line":74,"column":15},"end":{"line":74,"column":null}},"line":74},"7":{"name":"(anonymous_7)","decl":{"start":{"line":94,"column":18},"end":{"line":94,"column":null}},"loc":{"start":{"line":94,"column":18},"end":{"line":94,"column":null}},"line":94},"8":{"name":"(anonymous_8)","decl":{"start":{"line":118,"column":18},"end":{"line":118,"column":null}},"loc":{"start":{"line":118,"column":18},"end":{"line":118,"column":null}},"line":118},"9":{"name":"(anonymous_9)","decl":{"start":{"line":140,"column":18},"end":{"line":140,"column":null}},"loc":{"start":{"line":140,"column":18},"end":{"line":140,"column":null}},"line":140}},"branchMap":{},"s":{"0":2,"1":2,"2":2,"3":1,"4":2,"5":2,"6":1,"7":2,"8":2,"9":1,"10":2,"11":2,"12":1,"13":2,"14":2,"15":1,"16":1,"17":1,"18":1,"19":1,"20":1},"f":{"0":2,"1":2,"2":2,"3":2,"4":2,"5":1,"6":1,"7":1,"8":1,"9":1},"b":{},"meta":{"lastBranch":0,"lastFunction":10,"lastStatement":21,"seen":{"s:43:0:161:Infinity":0,"f:47:8:47:Infinity":0,"s:56:37:57:Infinity":1,"s:60:30:67:Infinity":2,"s:69:4:69:Infinity":3,"f:75:8:75:Infinity":1,"s:80:36:80:Infinity":4,"s:82:20:87:Infinity":5,"s:89:4:89:Infinity":6,"f:95:8:95:Infinity":2,"s:101:38:102:Infinity":7,"s:105:20:111:Infinity":8,"s:113:4:113:Infinity":9,"f:119:8:119:Infinity":3,"s:124:38:125:Infinity":10,"s:128:20:133:Infinity":11,"s:135:4:135:Infinity":12,"f:141:8:141:Infinity":4,"s:147:48:148:Infinity":13,"s:151:20:157:Infinity":14,"s:159:4:159:Infinity":15,"f:46:15:46:Infinity":5,"s:46:15:46:Infinity":16,"f:74:15:74:Infinity":6,"s:74:15:74:Infinity":17,"f:94:18:94:Infinity":7,"s:94:18:94:Infinity":18,"f:118:18:118:Infinity":8,"s:118:18:118:Infinity":19,"f:140:18:140:Infinity":9,"s:140:18:140:Infinity":20}}}
,"/home/luizfelipelaviola/laviola/unipampa/malware-datalab/autodroid-api-gateway/packages/api/src/modules/adminDataset/infrastructure/http/controllers/adminDataset.controller.ts": {"path":"/home/luizfelipelaviola/laviola/unipampa/malware-datalab/autodroid-api-gateway/packages/api/src/modules/adminDataset/infrastructure/http/controllers/adminDataset.controller.ts","statementMap":{"0":{"start":{"line":13,"column":0},"end":{"line":65,"column":null}},"1":{"start":{"line":15,"column":37},"end":{"line":16,"column":null}},"2":{"start":{"line":18,"column":20},"end":{"line":21,"column":null}},"3":{"start":{"line":22,"column":4},"end":{"line":22,"column":null}},"4":{"start":{"line":26,"column":36},"end":{"line":26,"column":null}},"5":{"start":{"line":27,"column":20},"end":{"line":32,"column":null}},"6":{"start":{"line":33,"column":4},"end":{"line":33,"column":null}},"7":{"start":{"line":37,"column":38},"end":{"line":38,"column":null}},"8":{"start":{"line":40,"column":20},"end":{"line":49,"column":null}},"9":{"start":{"line":50,"column":4},"end":{"line":50,"column":null}},"10":{"start":{"line":54,"column":38},"end":{"line":55,"column":null}},"11":{"start":{"line":57,"column":20},"end":{"line":62,"column":null}},"12":{"start":{"line":63,"column":4},"end":{"line":63,"column":null}}},"fnMap":{"0":{"name":"(anonymous_0)","decl":{"start":{"line":14,"column":15},"end":{"line":14,"column":21}},"loc":{"start":{"line":14,"column":50},"end":{"line":23,"column":null}},"line":14},"1":{"name":"(anonymous_1)","decl":{"start":{"line":25,"column":15},"end":{"line":25,"column":20}},"loc":{"start":{"line":25,"column":49},"end":{"line":34,"column":null}},"line":25},"2":{"name":"(anonymous_2)","decl":{"start":{"line":36,"column":15},"end":{"line":36,"column":22}},"loc":{"start":{"line":36,"column":51},"end":{"line":51,"column":null}},"line":36},"3":{"name":"(anonymous_3)","decl":{"start":{"line":53,"column":15},"end":{"line":53,"column":22}},"loc":{"start":{"line":53,"column":51},"end":{"line":64,"column":null}},"line":53}},"branchMap":{},"s":{"0":4,"1":2,"2":2,"3":1,"4":2,"5":2,"6":1,"7":3,"8":3,"9":2,"10":2,"11":2,"12":1},"f":{"0":2,"1":2,"2":3,"3":2},"b":{},"meta":{"lastBranch":0,"lastFunction":4,"lastStatement":13,"seen":{"s:13:0:65:Infinity":0,"f:14:15:14:21":0,"s:15:37:16:Infinity":1,"s:18:20:21:Infinity":2,"s:22:4:22:Infinity":3,"f:25:15:25:20":1,"s:26:36:26:Infinity":4,"s:27:20:32:Infinity":5,"s:33:4:33:Infinity":6,"f:36:15:36:22":2,"s:37:38:38:Infinity":7,"s:40:20:49:Infinity":8,"s:50:4:50:Infinity":9,"f:53:15:53:22":3,"s:54:38:55:Infinity":10,"s:57:20:62:Infinity":11,"s:63:4:63:Infinity":12}}}
,"/home/luizfelipelaviola/laviola/unipampa/malware-datalab/autodroid-api-gateway/packages/api/src/modules/adminDataset/infrastructure/http/controllers/adminDatasetVisibility.controller.ts": {"path":"/home/luizfelipelaviola/laviola/unipampa/malware-datalab/autodroid-api-gateway/packages/api/src/modules/adminDataset/infrastructure/http/controllers/adminDatasetVisibility.controller.ts","statementMap":{"0":{"start":{"line":10,"column":0},"end":{"line":24,"column":null}},"1":{"start":{"line":12,"column":48},"end":{"line":13,"column":null}},"2":{"start":{"line":15,"column":20},"end":{"line":21,"column":null}},"3":{"start":{"line":22,"column":4},"end":{"line":22,"column":null}}},"fnMap":{"0":{"name":"(anonymous_0)","decl":{"start":{"line":11,"column":15},"end":{"line":11,"column":22}},"loc":{"start":{"line":11,"column":51},"end":{"line":23,"column":null}},"line":11}},"branchMap":{},"s":{"0":4,"1":2,"2":2,"3":1},"f":{"0":2},"b":{},"meta":{"lastBranch":0,"lastFunction":1,"lastStatement":4,"seen":{"s:10:0:24:Infinity":0,"f:11:15:11:22":0,"s:12:48:13:Infinity":1,"s:15:20:21:Infinity":2,"s:22:4:22:Infinity":3}}}
,"/home/luizfelipelaviola/laviola/unipampa/malware-datalab/autodroid-api-gateway/packages/api/src/modules/adminDataset/infrastructure/http/routes/adminDataset.routes.ts": {"path":"/home/luizfelipelaviola/laviola/unipampa/malware-datalab/autodroid-api-gateway/packages/api/src/modules/adminDataset/infrastructure/http/routes/adminDataset.routes.ts","statementMap":{"0":{"start":{"line":25,"column":31},"end":{"line":25,"column":null}},"1":{"start":{"line":26,"column":41},"end":{"line":26,"column":null}},"2":{"start":{"line":28,"column":6},"end":{"line":28,"column":null}},"3":{"start":{"line":30,"column":0},"end":{"line":41,"column":null}},"4":{"start":{"line":44,"column":0},"end":{"line":44,"column":null}},"5":{"start":{"line":46,"column":0},"end":{"line":52,"column":null}},"6":{"start":{"line":54,"column":0},"end":{"line":54,"column":null}},"7":{"start":{"line":56,"column":0},"end":{"line":62,"column":null}}},"fnMap":{},"branchMap":{},"s":{"0":3,"1":3,"2":3,"3":3,"4":3,"5":3,"6":3,"7":3},"f":{},"b":{},"meta":{"lastBranch":0,"lastFunction":0,"lastStatement":8,"seen":{"s:25:31:25:Infinity":0,"s:26:41:26:Infinity":1,"s:28:6:28:Infinity":2,"s:30:0:41:Infinity":3,"s:44:0:44:Infinity":4,"s:46:0:52:Infinity":5,"s:54:0:54:Infinity":6,"s:56:0:62:Infinity":7}}}
,"/home/luizfelipelaviola/laviola/unipampa/malware-datalab/autodroid-api-gateway/packages/api/src/modules/adminDataset/services/adminDatasetDelete.service.ts": {"path":"/home/luizfelipelaviola/laviola/unipampa/malware-datalab/autodroid-api-gateway/packages/api/src/modules/adminDataset/services/adminDatasetDelete.service.ts","statementMap":{"0":{"start":{"line":32,"column":0},"end":{"line":86,"column":null}},"1":{"start":{"line":36,"column":12},"end":{"line":36,"column":45}},"2":{"start":{"line":39,"column":12},"end":{"line":39,"column":49}},"3":{"start":{"line":42,"column":12},"end":{"line":42,"column":43}},"4":{"start":{"line":47,"column":14},"end":{"line":47,"column":null}},"5":{"start":{"line":49,"column":20},"end":{"line":51,"column":null}},"6":{"start":{"line":53,"column":4},"end":{"line":60,"column":null}},"7":{"start":{"line":54,"column":6},"end":{"line":60,"column":null}},"8":{"start":{"line":62,"column":17},"end":{"line":64,"column":null}},"9":{"start":{"line":66,"column":4},"end":{"line":73,"column":null}},"10":{"start":{"line":67,"column":6},"end":{"line":73,"column":null}},"11":{"start":{"line":75,"column":4},"end":{"line":77,"column":null}},"12":{"start":{"line":79,"column":4},"end":{"line":82,"column":null}},"13":{"start":{"line":84,"column":4},"end":{"line":84,"column":null}}},"fnMap":{"0":{"name":"(anonymous_0)","decl":{"start":{"line":34,"column":2},"end":{"line":34,"column":null}},"loc":{"start":{"line":43,"column":4},"end":{"line":43,"column":null}},"line":43},"1":{"name":"(anonymous_1)","decl":{"start":{"line":46,"column":15},"end":{"line":46,"column":23}},"loc":{"start":{"line":46,"column":77},"end":{"line":85,"column":null}},"line":46}},"branchMap":{"0":{"loc":{"start":{"line":53,"column":4},"end":{"line":60,"column":null}},"type":"if","locations":[{"start":{"line":53,"column":4},"end":{"line":60,"column":null}},{"start":{},"end":{}}],"line":53},"1":{"loc":{"start":{"line":66,"column":4},"end":{"line":73,"column":null}},"type":"if","locations":[{"start":{"line":66,"column":4},"end":{"line":73,"column":null}},{"start":{},"end":{}}],"line":66}},"s":{"0":7,"1":4,"2":4,"3":4,"4":3,"5":3,"6":3,"7":1,"8":2,"9":2,"10":2,"11":1,"12":1,"13":1},"f":{"0":4,"1":3},"b":{"0":[1,2],"1":[1,1]},"meta":{"lastBranch":2,"lastFunction":2,"lastStatement":14,"seen":{"s:32:0:86:Infinity":0,"f:34:2:34:Infinity":0,"s:36:12:36:45":1,"s:39:12:39:49":2,"s:42:12:42:43":3,"f:46:15:46:23":1,"s:47:14:47:Infinity":4,"s:49:20:51:Infinity":5,"b:53:4:60:Infinity:undefined:undefined:undefined:undefined":0,"s:53:4:60:Infinity":6,"s:54:6:60:Infinity":7,"s:62:17:64:Infinity":8,"b:66:4:73:Infinity:undefined:undefined:undefined:undefined":1,"s:66:4:73:Infinity":9,"s:67:6:73:Infinity":10,"s:75:4:77:Infinity":11,"s:79:4:82:Infinity":12,"s:84:4:84:Infinity":13}}}
,"/home/luizfelipelaviola/laviola/unipampa/malware-datalab/autodroid-api-gateway/packages/api/src/modules/adminDataset/services/adminDatasetIndex.service.ts": {"path":"/home/luizfelipelaviola/laviola/unipampa/malware-datalab/autodroid-api-gateway/packages/api/src/modules/adminDataset/services/adminDatasetIndex.service.ts","statementMap":{"0":{"start":{"line":31,"column":0},"end":{"line":58,"column":null}},"1":{"start":{"line":35,"column":12},"end":{"line":35,"column":49}},"2":{"start":{"line":44,"column":23},"end":{"line":44,"column":null}},"3":{"start":{"line":46,"column":21},"end":{"line":49,"column":null}},"4":{"start":{"line":52,"column":4},"end":{"line":56,"column":null}}},"fnMap":{"0":{"name":"(anonymous_0)","decl":{"start":{"line":33,"column":2},"end":{"line":33,"column":null}},"loc":{"start":{"line":36,"column":4},"end":{"line":36,"column":null}},"line":36},"1":{"name":"(anonymous_1)","decl":{"start":{"line":39,"column":15},"end":{"line":39,"column":23}},"loc":{"start":{"line":43,"column":42},"end":{"line":57,"column":null}},"line":43}},"branchMap":{},"s":{"0":7,"1":2,"2":1,"3":1,"4":1},"f":{"0":2,"1":1},"b":{},"meta":{"lastBranch":0,"lastFunction":2,"lastStatement":5,"seen":{"s:31:0:58:Infinity":0,"f:33:2:33:Infinity":0,"s:35:12:35:49":1,"f:39:15:39:23":1,"s:44:23:44:Infinity":2,"s:46:21:49:Infinity":3,"s:52:4:56:Infinity":4}}}
,"/home/luizfelipelaviola/laviola/unipampa/malware-datalab/autodroid-api-gateway/packages/api/src/modules/adminDataset/services/adminDatasetShow.service.ts": {"path":"/home/luizfelipelaviola/laviola/unipampa/malware-datalab/autodroid-api-gateway/packages/api/src/modules/adminDataset/services/adminDatasetShow.service.ts","statementMap":{"0":{"start":{"line":26,"column":0},"end":{"line":52,"column":null}},"1":{"start":{"line":30,"column":12},"end":{"line":30,"column":49}},"2":{"start":{"line":35,"column":14},"end":{"line":35,"column":null}},"3":{"start":{"line":37,"column":20},"end":{"line":39,"column":null}},"4":{"start":{"line":41,"column":4},"end":{"line":48,"column":null}},"5":{"start":{"line":42,"column":6},"end":{"line":48,"column":null}},"6":{"start":{"line":50,"column":4},"end":{"line":50,"column":null}}},"fnMap":{"0":{"name":"(anonymous_0)","decl":{"start":{"line":28,"column":2},"end":{"line":28,"column":null}},"loc":{"start":{"line":31,"column":4},"end":{"line":31,"column":null}},"line":31},"1":{"name":"(anonymous_1)","decl":{"start":{"line":34,"column":15},"end":{"line":34,"column":23}},"loc":{"start":{"line":34,"column":77},"end":{"line":51,"column":null}},"line":34}},"branchMap":{"0":{"loc":{"start":{"line":41,"column":4},"end":{"line":48,"column":null}},"type":"if","locations":[{"start":{"line":41,"column":4},"end":{"line":48,"column":null}},{"start":{},"end":{}}],"line":41}},"s":{"0":7,"1":3,"2":2,"3":2,"4":2,"5":1,"6":1},"f":{"0":3,"1":2},"b":{"0":[1,1]},"meta":{"lastBranch":1,"lastFunction":2,"lastStatement":7,"seen":{"s:26:0:52:Infinity":0,"f:28:2:28:Infinity":0,"s:30:12:30:49":1,"f:34:15:34:23":1,"s:35:14:35:Infinity":2,"s:37:20:39:Infinity":3,"b:41:4:48:Infinity:undefined:undefined:undefined:undefined":0,"s:41:4:48:Infinity":4,"s:42:6:48:Infinity":5,"s:50:4:50:Infinity":6}}}
,"/home/luizfelipelaviola/laviola/unipampa/malware-datalab/autodroid-api-gateway/packages/api/src/modules/adminDataset/services/adminDatasetUpdate.service.ts": {"path":"/home/luizfelipelaviola/laviola/unipampa/malware-datalab/autodroid-api-gateway/packages/api/src/modules/adminDataset/services/adminDatasetUpdate.service.ts","statementMap":{"0":{"start":{"line":33,"column":0},"end":{"line":103,"column":null}},"1":{"start":{"line":37,"column":12},"end":{"line":37,"column":49}},"2":{"start":{"line":46,"column":14},"end":{"line":46,"column":null}},"3":{"start":{"line":48,"column":20},"end":{"line":50,"column":null}},"4":{"start":{"line":52,"column":4},"end":{"line":59,"column":null}},"5":{"start":{"line":53,"column":6},"end":{"line":59,"column":null}},"6":{"start":{"line":61,"column":4},"end":{"line":68,"column":null}},"7":{"start":{"line":62,"column":6},"end":{"line":68,"column":null}},"8":{"start":{"line":70,"column":4},"end":{"line":77,"column":null}},"9":{"start":{"line":71,"column":6},"end":{"line":77,"column":null}},"10":{"start":{"line":79,"column":27},"end":{"line":89,"column":null}},"11":{"start":{"line":86,"column":26},"end":{"line":86,"column":null}},"12":{"start":{"line":92,"column":4},"end":{"line":99,"column":null}},"13":{"start":{"line":93,"column":6},"end":{"line":99,"column":null}},"14":{"start":{"line":101,"column":4},"end":{"line":101,"column":null}}},"fnMap":{"0":{"name":"(anonymous_0)","decl":{"start":{"line":35,"column":2},"end":{"line":35,"column":null}},"loc":{"start":{"line":38,"column":4},"end":{"line":38,"column":null}},"line":38},"1":{"name":"(anonymous_1)","decl":{"start":{"line":41,"column":15},"end":{"line":41,"column":23}},"loc":{"start":{"line":45,"column":33},"end":{"line":102,"column":null}},"line":45},"2":{"name":"(anonymous_2)","decl":{"start":{"line":86,"column":19},"end":{"line":86,"column":26}},"loc":{"start":{"line":86,"column":26},"end":{"line":86,"column":null}},"line":86}},"branchMap":{"0":{"loc":{"start":{"line":52,"column":4},"end":{"line":59,"column":null}},"type":"if","locations":[{"start":{"line":52,"column":4},"end":{"line":59,"column":null}},{"start":{},"end":{}}],"line":52},"1":{"loc":{"start":{"line":61,"column":4},"end":{"line":68,"column":null}},"type":"if","locations":[{"start":{"line":61,"column":4},"end":{"line":68,"column":null}},{"start":{},"end":{}}],"line":61},"2":{"loc":{"start":{"line":61,"column":8},"end":{"line":61,"column":null}},"type":"binary-expr","locations":[{"start":{"line":61,"column":8},"end":{"line":61,"column":26}},{"start":{"line":61,"column":30},"end":{"line":61,"column":null}}],"line":61},"3":{"loc":{"start":{"line":70,"column":4},"end":{"line":77,"column":null}},"type":"if","locations":[{"start":{"line":70,"column":4},"end":{"line":77,"column":null}},{"start":{},"end":{}}],"line":70},"4":{"loc":{"start":{"line":70,"column":8},"end":{"line":70,"column":null}},"type":"binary-expr","locations":[{"start":{"line":70,"column":8},"end":{"line":70,"column":19}},{"start":{"line":70,"column":23},"end":{"line":70,"column":null}}],"line":70},"5":{"loc":{"start":{"line":82,"column":21},"end":{"line":82,"column":null}},"type":"cond-expr","locations":[{"start":{"line":82,"column":40},"end":{"line":82,"column":74}},{"start":{"line":82,"column":74},"end":{"line":82,"column":null}}],"line":82},"6":{"loc":{"start":{"line":83,"column":14},"end":{"line":88,"column":null}},"type":"cond-expr","locations":[{"start":{"line":84,"column":12},"end":{"line":87,"column":null}},{"start":{"line":88,"column":12},"end":{"line":88,"column":null}}],"line":83},"7":{"loc":{"start":{"line":92,"column":4},"end":{"line":99,"column":null}},"type":"if","locations":[{"start":{"line":92,"column":4},"end":{"line":99,"column":null}},{"start":{},"end":{}}],"line":92}},"s":{"0":7,"1":7,"2":6,"3":6,"4":6,"5":1,"6":5,"7":1,"8":4,"9":1,"10":3,"11":3,"12":3,"13":3,"14":2},"f":{"0":7,"1":6,"2":3},"b":{"0":[1,5],"1":[1,4],"2":[5,3],"3":[1,3],"4":[4,2],"5":[1,2],"6":[1,2],"7":[1,2]},"meta":{"lastBranch":8,"lastFunction":3,"lastStatement":15,"seen":{"s:33:0:103:Infinity":0,"f:35:2:35:Infinity":0,"s:37:12:37:49":1,"f:41:15:41:23":1,"s:46:14:46:Infinity":2,"s:48:20:50:Infinity":3,"b:52:4:59:Infinity:undefined:undefined:undefined:undefined":0,"s:52:4:59:Infinity":4,"s:53:6:59:Infinity":5,"b:61:4:68:Infinity:undefined:undefined:undefined:undefined":1,"s:61:4:68:Infinity":6,"b:61:8:61:26:61:30:61:Infinity":2,"s:62:6:68:Infinity":7,"b:70:4:77:Infinity:undefined:undefined:undefined:undefined":3,"s:70:4:77:Infinity":8,"b:70:8:70:19:70:23:70:Infinity":4,"s:71:6:77:Infinity":9,"s:79:27:89:Infinity":10,"b:82:40:82:74:82:74:82:Infinity":5,"b:84:12:87:Infinity:88:12:88:Infinity":6,"f:86:19:86:26":2,"s:86:26:86:Infinity":11,"b:92:4:99:Infinity:undefined:undefined:undefined:undefined":7,"s:92:4:99:Infinity":12,"s:93:6:99:Infinity":13,"s:101:4:101:Infinity":14}}}
,"/home/luizfelipelaviola/laviola/unipampa/malware-datalab/autodroid-api-gateway/packages/api/src/modules/adminDataset/services/adminDatasetUpdateVisibility.service.ts": {"path":"/home/luizfelipelaviola/laviola/unipampa/malware-datalab/autodroid-api-gateway/packages/api/src/modules/adminDataset/services/adminDatasetUpdateVisibility.service.ts","statementMap":{"0":{"start":{"line":30,"column":0},"end":{"line":74,"column":null}},"1":{"start":{"line":34,"column":12},"end":{"line":34,"column":49}},"2":{"start":{"line":43,"column":14},"end":{"line":43,"column":null}},"3":{"start":{"line":45,"column":20},"end":{"line":47,"column":null}},"4":{"start":{"line":49,"column":4},"end":{"line":56,"column":null}},"5":{"start":{"line":50,"column":6},"end":{"line":56,"column":null}},"6":{"start":{"line":58,"column":27},"end":{"line":60,"column":null}},"7":{"start":{"line":63,"column":4},"end":{"line":70,"column":null}},"8":{"start":{"line":64,"column":6},"end":{"line":70,"column":null}},"9":{"start":{"line":72,"column":4},"end":{"line":72,"column":null}}},"fnMap":{"0":{"name":"(anonymous_0)","decl":{"start":{"line":32,"column":2},"end":{"line":32,"column":null}},"loc":{"start":{"line":35,"column":4},"end":{"line":35,"column":null}},"line":35},"1":{"name":"(anonymous_1)","decl":{"start":{"line":38,"column":15},"end":{"line":38,"column":23}},"loc":{"start":{"line":42,"column":33},"end":{"line":73,"column":null}},"line":42}},"branchMap":{"0":{"loc":{"start":{"line":49,"column":4},"end":{"line":56,"column":null}},"type":"if","locations":[{"start":{"line":49,"column":4},"end":{"line":56,"column":null}},{"start":{},"end":{}}],"line":49},"1":{"loc":{"start":{"line":63,"column":4},"end":{"line":70,"column":null}},"type":"if","locations":[{"start":{"line":63,"column":4},"end":{"line":70,"column":null}},{"start":{},"end":{}}],"line":63}},"s":{"0":7,"1":4,"2":3,"3":3,"4":3,"5":1,"6":2,"7":2,"8":2,"9":1},"f":{"0":4,"1":3},"b":{"0":[1,2],"1":[1,1]},"meta":{"lastBranch":2,"lastFunction":2,"lastStatement":10,"seen":{"s:30:0:74:Infinity":0,"f:32:2:32:Infinity":0,"s:34:12:34:49":1,"f:38:15:38:23":1,"s:43:14:43:Infinity":2,"s:45:20:47:Infinity":3,"b:49:4:56:Infinity:undefined:undefined:undefined:undefined":0,"s:49:4:56:Infinity":4,"s:50:6:56:Infinity":5,"s:58:27:60:Infinity":6,"b:63:4:70:Infinity:undefined:undefined:undefined:undefined":1,"s:63:4:70:Infinity":7,"s:64:6:70:Infinity":8,"s:72:4:72:Infinity":9}}}
,"/home/luizfelipelaviola/laviola/unipampa/malware-datalab/autodroid-api-gateway/packages/api/src/modules/adminFile/infrastructure/graphql/resolvers/adminFile.resolver.ts": {"path":"/home/luizfelipelaviola/laviola/unipampa/malware-datalab/autodroid-api-gateway/packages/api/src/modules/adminFile/infrastructure/graphql/resolvers/adminFile.resolver.ts","statementMap":{"0":{"start":{"line":10,"column":0},"end":{"line":28,"column":null}},"1":{"start":{"line":17,"column":46},"end":{"line":18,"column":null}},"2":{"start":{"line":21,"column":18},"end":{"line":24,"column":null}},"3":{"start":{"line":26,"column":4},"end":{"line":26,"column":null}},"4":{"start":{"line":13,"column":18},"end":{"line":13,"column":null}}},"fnMap":{"0":{"name":"(anonymous_0)","decl":{"start":{"line":14,"column":8},"end":{"line":14,"column":null}},"loc":{"start":{"line":16,"column":21},"end":{"line":27,"column":null}},"line":16},"1":{"name":"(anonymous_1)","decl":{"start":{"line":13,"column":18},"end":{"line":13,"column":null}},"loc":{"start":{"line":13,"column":18},"end":{"line":13,"column":null}},"line":13}},"branchMap":{},"s":{"0":2,"1":2,"2":2,"3":1,"4":1},"f":{"0":2,"1":1},"b":{},"meta":{"lastBranch":0,"lastFunction":2,"lastStatement":5,"seen":{"s:10:0:28:Infinity":0,"f:14:8:14:Infinity":0,"s:17:46:18:Infinity":1,"s:21:18:24:Infinity":2,"s:26:4:26:Infinity":3,"f:13:18:13:Infinity":1,"s:13:18:13:Infinity":4}}}
,"/home/luizfelipelaviola/laviola/unipampa/malware-datalab/autodroid-api-gateway/packages/api/src/modules/adminFile/infrastructure/http/controllers/adminRemoveAllDanglingFiles.controller.ts": {"path":"/home/luizfelipelaviola/laviola/unipampa/malware-datalab/autodroid-api-gateway/packages/api/src/modules/adminFile/infrastructure/http/controllers/adminRemoveAllDanglingFiles.controller.ts","statementMap":{"0":{"start":{"line":7,"column":0},"end":{"line":20,"column":null}},"1":{"start":{"line":9,"column":47},"end":{"line":10,"column":null}},"2":{"start":{"line":13,"column":4},"end":{"line":16,"column":null}},"3":{"start":{"line":18,"column":4},"end":{"line":18,"column":null}}},"fnMap":{"0":{"name":"(anonymous_0)","decl":{"start":{"line":8,"column":15},"end":{"line":8,"column":22}},"loc":{"start":{"line":8,"column":51},"end":{"line":19,"column":null}},"line":8}},"branchMap":{},"s":{"0":4,"1":2,"2":2,"3":1},"f":{"0":2},"b":{},"meta":{"lastBranch":0,"lastFunction":1,"lastStatement":4,"seen":{"s:7:0:20:Infinity":0,"f:8:15:8:22":0,"s:9:47:10:Infinity":1,"s:13:4:16:Infinity":2,"s:18:4:18:Infinity":3}}}
,"/home/luizfelipelaviola/laviola/unipampa/malware-datalab/autodroid-api-gateway/packages/api/src/modules/adminFile/infrastructure/http/routes/adminFile.routes.ts": {"path":"/home/luizfelipelaviola/laviola/unipampa/malware-datalab/autodroid-api-gateway/packages/api/src/modules/adminFile/infrastructure/http/routes/adminFile.routes.ts","statementMap":{"0":{"start":{"line":6,"column":6},"end":{"line":6,"column":null}},"1":{"start":{"line":9,"column":2},"end":{"line":9,"column":null}},"2":{"start":{"line":11,"column":0},"end":{"line":13,"column":null}}},"fnMap":{},"branchMap":{},"s":{"0":3,"1":3,"2":3},"f":{},"b":{},"meta":{"lastBranch":0,"lastFunction":0,"lastStatement":3,"seen":{"s:6:6:6:Infinity":0,"s:9:2:9:Infinity":1,"s:11:0:13:Infinity":2}}}
,"/home/luizfelipelaviola/laviola/unipampa/malware-datalab/autodroid-api-gateway/packages/api/src/modules/adminFile/services/adminFileRemoveAllDangling.service.ts": {"path":"/home/luizfelipelaviola/laviola/unipampa/malware-datalab/autodroid-api-gateway/packages/api/src/modules/adminFile/services/adminFileRemoveAllDangling.service.ts","statementMap":{"0":{"start":{"line":23,"column":0},"end":{"line":44,"column":null}},"1":{"start":{"line":29,"column":12},"end":{"line":29,"column":43}},"2":{"start":{"line":32,"column":12},"end":{"line":32,"column":45}},"3":{"start":{"line":34,"column":4},"end":{"line":36,"column":null}},"4":{"start":{"line":42,"column":4},"end":{"line":42,"column":null}}},"fnMap":{"0":{"name":"(anonymous_0)","decl":{"start":{"line":27,"column":2},"end":{"line":27,"column":null}},"loc":{"start":{"line":33,"column":4},"end":{"line":38,"column":null}},"line":33},"1":{"name":"(anonymous_1)","decl":{"start":{"line":41,"column":15},"end":{"line":41,"column":23}},"loc":{"start":{"line":41,"column":53},"end":{"line":43,"column":null}},"line":41}},"branchMap":{},"s":{"0":7,"1":2,"2":2,"3":2,"4":1},"f":{"0":2,"1":1},"b":{},"meta":{"lastBranch":0,"lastFunction":2,"lastStatement":5,"seen":{"s:23:0:44:Infinity":0,"f:27:2:27:Infinity":0,"s:29:12:29:43":1,"s:32:12:32:45":2,"s:34:4:36:Infinity":3,"f:41:15:41:23":1,"s:42:4:42:Infinity":4}}}
,"/home/luizfelipelaviola/laviola/unipampa/malware-datalab/autodroid-api-gateway/packages/api/src/modules/adminProcessing/infrastructure/graphql/resolvers/adminProcessing.resolver.ts": {"path":"/home/luizfelipelaviola/laviola/unipampa/malware-datalab/autodroid-api-gateway/packages/api/src/modules/adminProcessing/infrastructure/graphql/resolvers/adminProcessing.resolver.ts","statementMap":{"0":{"start":{"line":48,"column":0},"end":{"line":207,"column":null}},"1":{"start":{"line":61,"column":40},"end":{"line":62,"column":null}},"2":{"start":{"line":65,"column":31},"end":{"line":72,"column":null}},"3":{"start":{"line":74,"column":4},"end":{"line":74,"column":null}},"4":{"start":{"line":85,"column":39},"end":{"line":86,"column":null}},"5":{"start":{"line":89,"column":23},"end":{"line":94,"column":null}},"6":{"start":{"line":96,"column":4},"end":{"line":96,"column":null}},"7":{"start":{"line":108,"column":41},"end":{"line":109,"column":null}},"8":{"start":{"line":112,"column":23},"end":{"line":118,"column":null}},"9":{"start":{"line":120,"column":4},"end":{"line":120,"column":null}},"10":{"start":{"line":131,"column":41},"end":{"line":132,"column":null}},"11":{"start":{"line":135,"column":23},"end":{"line":140,"column":null}},"12":{"start":{"line":142,"column":4},"end":{"line":142,"column":null}},"13":{"start":{"line":151,"column":47},"end":{"line":152,"column":null}},"14":{"start":{"line":155,"column":18},"end":{"line":158,"column":null}},"15":{"start":{"line":160,"column":4},"end":{"line":160,"column":null}},"16":{"start":{"line":170,"column":47},"end":{"line":171,"column":null}},"17":{"start":{"line":174,"column":18},"end":{"line":178,"column":null}},"18":{"start":{"line":180,"column":4},"end":{"line":180,"column":null}},"19":{"start":{"line":192,"column":62},"end":{"line":193,"column":null}},"20":{"start":{"line":197,"column":6},"end":{"line":203,"column":null}},"21":{"start":{"line":205,"column":4},"end":{"line":205,"column":null}},"22":{"start":{"line":51,"column":15},"end":{"line":51,"column":null}},"23":{"start":{"line":79,"column":15},"end":{"line":79,"column":null}},"24":{"start":{"line":101,"column":18},"end":{"line":101,"column":null}},"25":{"start":{"line":125,"column":18},"end":{"line":125,"column":null}},"26":{"start":{"line":147,"column":18},"end":{"line":147,"column":null}},"27":{"start":{"line":165,"column":18},"end":{"line":165,"column":null}},"28":{"start":{"line":185,"column":15},"end":{"line":185,"column":null}}},"fnMap":{"0":{"name":"(anonymous_0)","decl":{"start":{"line":52,"column":8},"end":{"line":52,"column":null}},"loc":{"start":{"line":60,"column":34},"end":{"line":75,"column":null}},"line":60},"1":{"name":"(anonymous_1)","decl":{"start":{"line":80,"column":8},"end":{"line":80,"column":null}},"loc":{"start":{"line":84,"column":25},"end":{"line":97,"column":null}},"line":84},"2":{"name":"(anonymous_2)","decl":{"start":{"line":102,"column":8},"end":{"line":102,"column":null}},"loc":{"start":{"line":107,"column":25},"end":{"line":121,"column":null}},"line":107},"3":{"name":"(anonymous_3)","decl":{"start":{"line":126,"column":8},"end":{"line":126,"column":null}},"loc":{"start":{"line":130,"column":25},"end":{"line":143,"column":null}},"line":130},"4":{"name":"(anonymous_4)","decl":{"start":{"line":148,"column":8},"end":{"line":148,"column":null}},"loc":{"start":{"line":150,"column":21},"end":{"line":161,"column":null}},"line":150},"5":{"name":"(anonymous_5)","decl":{"start":{"line":166,"column":8},"end":{"line":166,"column":null}},"loc":{"start":{"line":169,"column":21},"end":{"line":181,"column":null}},"line":169},"6":{"name":"(anonymous_6)","decl":{"start":{"line":186,"column":8},"end":{"line":186,"column":null}},"loc":{"start":{"line":191,"column":4},"end":{"line":206,"column":null}},"line":191},"7":{"name":"(anonymous_7)","decl":{"start":{"line":51,"column":15},"end":{"line":51,"column":null}},"loc":{"start":{"line":51,"column":15},"end":{"line":51,"column":null}},"line":51},"8":{"name":"(anonymous_8)","decl":{"start":{"line":79,"column":15},"end":{"line":79,"column":null}},"loc":{"start":{"line":79,"column":15},"end":{"line":79,"column":null}},"line":79},"9":{"name":"(anonymous_9)","decl":{"start":{"line":101,"column":18},"end":{"line":101,"column":null}},"loc":{"start":{"line":101,"column":18},"end":{"line":101,"column":null}},"line":101},"10":{"name":"(anonymous_10)","decl":{"start":{"line":125,"column":18},"end":{"line":125,"column":null}},"loc":{"start":{"line":125,"column":18},"end":{"line":125,"column":null}},"line":125},"11":{"name":"(anonymous_11)","decl":{"start":{"line":147,"column":18},"end":{"line":147,"column":null}},"loc":{"start":{"line":147,"column":18},"end":{"line":147,"column":null}},"line":147},"12":{"name":"(anonymous_12)","decl":{"start":{"line":165,"column":18},"end":{"line":165,"column":null}},"loc":{"start":{"line":165,"column":18},"end":{"line":165,"column":null}},"line":165},"13":{"name":"(anonymous_13)","decl":{"start":{"line":185,"column":15},"end":{"line":185,"column":16}},"loc":{"start":{"line":185,"column":15},"end":{"line":185,"column":null}},"line":185}},"branchMap":{},"s":{"0":2,"1":2,"2":2,"3":1,"4":2,"5":2,"6":1,"7":2,"8":2,"9":1,"10":2,"11":2,"12":1,"13":2,"14":2,"15":1,"16":2,"17":2,"18":1,"19":2,"20":2,"21":1,"22":1,"23":1,"24":1,"25":1,"26":1,"27":1,"28":1},"f":{"0":2,"1":2,"2":2,"3":2,"4":2,"5":2,"6":2,"7":1,"8":1,"9":1,"10":1,"11":1,"12":1,"13":1},"b":{},"meta":{"lastBranch":0,"lastFunction":14,"lastStatement":29,"seen":{"s:48:0:207:Infinity":0,"f:52:8:52:Infinity":0,"s:61:40:62:Infinity":1,"s:65:31:72:Infinity":2,"s:74:4:74:Infinity":3,"f:80:8:80:Infinity":1,"s:85:39:86:Infinity":4,"s:89:23:94:Infinity":5,"s:96:4:96:Infinity":6,"f:102:8:102:Infinity":2,"s:108:41:109:Infinity":7,"s:112:23:118:Infinity":8,"s:120:4:120:Infinity":9,"f:126:8:126:Infinity":3,"s:131:41:132:Infinity":10,"s:135:23:140:Infinity":11,"s:142:4:142:Infinity":12,"f:148:8:148:Infinity":4,"s:151:47:152:Infinity":13,"s:155:18:158:Infinity":14,"s:160:4:160:Infinity":15,"f:166:8:166:Infinity":5,"s:170:47:171:Infinity":16,"s:174:18:178:Infinity":17,"s:180:4:180:Infinity":18,"f:186:8:186:Infinity":6,"s:192:62:193:Infinity":19,"s:197:6:203:Infinity":20,"s:205:4:205:Infinity":21,"f:51:15:51:Infinity":7,"s:51:15:51:Infinity":22,"f:79:15:79:Infinity":8,"s:79:15:79:Infinity":23,"f:101:18:101:Infinity":9,"s:101:18:101:Infinity":24,"f:125:18:125:Infinity":10,"s:125:18:125:Infinity":25,"f:147:18:147:Infinity":11,"s:147:18:147:Infinity":26,"f:165:18:165:Infinity":12,"s:165:18:165:Infinity":27,"f:185:15:185:16":13,"s:185:15:185:Infinity":28}}}
,"/home/luizfelipelaviola/laviola/unipampa/malware-datalab/autodroid-api-gateway/packages/api/src/modules/adminProcessing/infrastructure/http/controllers/adminProcessing.controller.ts": {"path":"/home/luizfelipelaviola/laviola/unipampa/malware-datalab/autodroid-api-gateway/packages/api/src/modules/adminProcessing/infrastructure/http/controllers/adminProcessing.controller.ts","statementMap":{"0":{"start":{"line":13,"column":0},"end":{"line":64,"column":null}},"1":{"start":{"line":15,"column":40},"end":{"line":16,"column":null}},"2":{"start":{"line":18,"column":23},"end":{"line":21,"column":null}},"3":{"start":{"line":22,"column":4},"end":{"line":22,"column":null}},"4":{"start":{"line":26,"column":39},"end":{"line":27,"column":null}},"5":{"start":{"line":29,"column":23},"end":{"line":34,"column":null}},"6":{"start":{"line":35,"column":4},"end":{"line":35,"column":null}},"7":{"start":{"line":39,"column":41},"end":{"line":40,"column":null}},"8":{"start":{"line":42,"column":23},"end":{"line":48,"column":null}},"9":{"start":{"line":49,"column":4},"end":{"line":49,"column":null}},"10":{"start":{"line":53,"column":41},"end":{"line":54,"column":null}},"11":{"start":{"line":56,"column":23},"end":{"line":61,"column":null}},"12":{"start":{"line":62,"column":4},"end":{"line":62,"column":null}}},"fnMap":{"0":{"name":"(anonymous_0)","decl":{"start":{"line":14,"column":15},"end":{"line":14,"column":21}},"loc":{"start":{"line":14,"column":50},"end":{"line":23,"column":null}},"line":14},"1":{"name":"(anonymous_1)","decl":{"start":{"line":25,"column":15},"end":{"line":25,"column":20}},"loc":{"start":{"line":25,"column":49},"end":{"line":36,"column":null}},"line":25},"2":{"name":"(anonymous_2)","decl":{"start":{"line":38,"column":15},"end":{"line":38,"column":22}},"loc":{"start":{"line":38,"column":51},"end":{"line":50,"column":null}},"line":38},"3":{"name":"(anonymous_3)","decl":{"start":{"line":52,"column":15},"end":{"line":52,"column":22}},"loc":{"start":{"line":52,"column":51},"end":{"line":63,"column":null}},"line":52}},"branchMap":{},"s":{"0":4,"1":2,"2":2,"3":1,"4":2,"5":2,"6":1,"7":2,"8":2,"9":1,"10":2,"11":2,"12":1},"f":{"0":2,"1":2,"2":2,"3":2},"b":{},"meta":{"lastBranch":0,"lastFunction":4,"lastStatement":13,"seen":{"s:13:0:64:Infinity":0,"f:14:15:14:21":0,"s:15:40:16:Infinity":1,"s:18:23:21:Infinity":2,"s:22:4:22:Infinity":3,"f:25:15:25:20":1,"s:26:39:27:Infinity":4,"s:29:23:34:Infinity":5,"s:35:4:35:Infinity":6,"f:38:15:38:22":2,"s:39:41:40:Infinity":7,"s:42:23:48:Infinity":8,"s:49:4:49:Infinity":9,"f:52:15:52:22":3,"s:53:41:54:Infinity":10,"s:56:23:61:Infinity":11,"s:62:4:62:Infinity":12}}}
,"/home/luizfelipelaviola/laviola/unipampa/malware-datalab/autodroid-api-gateway/packages/api/src/modules/adminProcessing/infrastructure/http/controllers/adminProcessingCleanExpired.controller.ts": {"path":"/home/luizfelipelaviola/laviola/unipampa/malware-datalab/autodroid-api-gateway/packages/api/src/modules/adminProcessing/infrastructure/http/controllers/adminProcessingCleanExpired.controller.ts","statementMap":{"0":{"start":{"line":7,"column":0},"end":{"line":20,"column":null}},"1":{"start":{"line":9,"column":47},"end":{"line":10,"column":null}},"2":{"start":{"line":13,"column":4},"end":{"line":16,"column":null}},"3":{"start":{"line":18,"column":4},"end":{"line":18,"column":null}}},"fnMap":{"0":{"name":"(anonymous_0)","decl":{"start":{"line":8,"column":15},"end":{"line":8,"column":22}},"loc":{"start":{"line":8,"column":51},"end":{"line":19,"column":null}},"line":8}},"branchMap":{},"s":{"0":4,"1":2,"2":2,"3":1},"f":{"0":2},"b":{},"meta":{"lastBranch":0,"lastFunction":1,"lastStatement":4,"seen":{"s:7:0:20:Infinity":0,"f:8:15:8:22":0,"s:9:47:10:Infinity":1,"s:13:4:16:Infinity":2,"s:18:4:18:Infinity":3}}}
,"/home/luizfelipelaviola/laviola/unipampa/malware-datalab/autodroid-api-gateway/packages/api/src/modules/adminProcessing/infrastructure/http/controllers/adminProcessingFailDangling.controller.ts": {"path":"/home/luizfelipelaviola/laviola/unipampa/malware-datalab/autodroid-api-gateway/packages/api/src/modules/adminProcessing/infrastructure/http/controllers/adminProcessingFailDangling.controller.ts","statementMap":{"0":{"start":{"line":7,"column":0},"end":{"line":21,"column":null}},"1":{"start":{"line":9,"column":47},"end":{"line":10,"column":null}},"2":{"start":{"line":13,"column":4},"end":{"line":17,"column":null}},"3":{"start":{"line":19,"column":4},"end":{"line":19,"column":null}}},"fnMap":{"0":{"name":"(anonymous_0)","decl":{"start":{"line":8,"column":15},"end":{"line":8,"column":22}},"loc":{"start":{"line":8,"column":51},"end":{"line":20,"column":null}},"line":8}},"branchMap":{},"s":{"0":4,"1":2,"2":2,"3":1},"f":{"0":2},"b":{},"meta":{"lastBranch":0,"lastFunction":1,"lastStatement":4,"seen":{"s:7:0:21:Infinity":0,"f:8:15:8:22":0,"s:9:47:10:Infinity":1,"s:13:4:17:Infinity":2,"s:19:4:19:Infinity":3}}}
,"/home/luizfelipelaviola/laviola/unipampa/malware-datalab/autodroid-api-gateway/packages/api/src/modules/adminProcessing/infrastructure/http/controllers/adminProcessingTimeEstimation.controller.ts": {"path":"/home/luizfelipelaviola/laviola/unipampa/malware-datalab/autodroid-api-gateway/packages/api/src/modules/adminProcessing/infrastructure/http/controllers/adminProcessingTimeEstimation.controller.ts","statementMap":{"0":{"start":{"line":10,"column":0},"end":{"line":30,"column":null}},"1":{"start":{"line":12,"column":60},"end":{"line":13,"column":null}},"2":{"start":{"line":17,"column":6},"end":{"line":26,"column":null}},"3":{"start":{"line":28,"column":4},"end":{"line":28,"column":null}}},"fnMap":{"0":{"name":"(anonymous_0)","decl":{"start":{"line":11,"column":15},"end":{"line":11,"column":38}},"loc":{"start":{"line":11,"column":67},"end":{"line":29,"column":null}},"line":11}},"branchMap":{},"s":{"0":4,"1":3,"2":3,"3":2},"f":{"0":3},"b":{},"meta":{"lastBranch":0,"lastFunction":1,"lastStatement":4,"seen":{"s:10:0:30:Infinity":0,"f:11:15:11:38":0,"s:12:60:13:Infinity":1,"s:17:6:26:Infinity":2,"s:28:4:28:Infinity":3}}}
,"/home/luizfelipelaviola/laviola/unipampa/malware-datalab/autodroid-api-gateway/packages/api/src/modules/adminProcessing/infrastructure/http/routes/adminProcessing.routes.ts": {"path":"/home/luizfelipelaviola/laviola/unipampa/malware-datalab/autodroid-api-gateway/packages/api/src/modules/adminProcessing/infrastructure/http/routes/adminProcessing.routes.ts","statementMap":{"0":{"start":{"line":20,"column":34},"end":{"line":20,"column":null}},"1":{"start":{"line":22,"column":2},"end":{"line":22,"column":null}},"2":{"start":{"line":24,"column":2},"end":{"line":24,"column":null}},"3":{"start":{"line":26,"column":2},"end":{"line":26,"column":null}},"4":{"start":{"line":28,"column":6},"end":{"line":28,"column":null}},"5":{"start":{"line":30,"column":0},"end":{"line":36,"column":null}},"6":{"start":{"line":38,"column":0},"end":{"line":44,"column":null}},"7":{"start":{"line":47,"column":0},"end":{"line":47,"column":null}},"8":{"start":{"line":49,"column":0},"end":{"line":55,"column":null}},"9":{"start":{"line":58,"column":0},"end":{"line":60,"column":null}},"10":{"start":{"line":63,"column":0},"end":{"line":69,"column":null}},"11":{"start":{"line":72,"column":0},"end":{"line":74,"column":null}}},"fnMap":{},"branchMap":{},"s":{"0":3,"1":3,"2":3,"3":3,"4":3,"5":3,"6":3,"7":3,"8":3,"9":3,"10":3,"11":3},"f":{},"b":{},"meta":{"lastBranch":0,"lastFunction":0,"lastStatement":12,"seen":{"s:20:34:20:Infinity":0,"s:22:2:22:Infinity":1,"s:24:2:24:Infinity":2,"s:26:2:26:Infinity":3,"s:28:6:28:Infinity":4,"s:30:0:36:Infinity":5,"s:38:0:44:Infinity":6,"s:47:0:47:Infinity":7,"s:49:0:55:Infinity":8,"s:58:0:60:Infinity":9,"s:63:0:69:Infinity":10,"s:72:0:74:Infinity":11}}}
,"/home/luizfelipelaviola/laviola/unipampa/malware-datalab/autodroid-api-gateway/packages/api/src/modules/adminProcessing/services/adminProcessingCleanExpired.service.ts": {"path":"/home/luizfelipelaviola/laviola/unipampa/malware-datalab/autodroid-api-gateway/packages/api/src/modules/adminProcessing/services/adminProcessingCleanExpired.service.ts","statementMap":{"0":{"start":{"line":23,"column":0},"end":{"line":44,"column":null}},"1":{"start":{"line":29,"column":12},"end":{"line":29,"column":55}},"2":{"start":{"line":32,"column":12},"end":{"line":32,"column":45}},"3":{"start":{"line":34,"column":4},"end":{"line":36,"column":null}},"4":{"start":{"line":42,"column":4},"end":{"line":42,"column":null}}},"fnMap":{"0":{"name":"(anonymous_0)","decl":{"start":{"line":27,"column":2},"end":{"line":27,"column":null}},"loc":{"start":{"line":33,"column":4},"end":{"line":38,"column":null}},"line":33},"1":{"name":"(anonymous_1)","decl":{"start":{"line":41,"column":15},"end":{"line":41,"column":23}},"loc":{"start":{"line":41,"column":53},"end":{"line":43,"column":null}},"line":41}},"branchMap":{},"s":{"0":7,"1":2,"2":2,"3":2,"4":1},"f":{"0":2,"1":1},"b":{},"meta":{"lastBranch":0,"lastFunction":2,"lastStatement":5,"seen":{"s:23:0:44:Infinity":0,"f:27:2:27:Infinity":0,"s:29:12:29:55":1,"s:32:12:32:45":2,"s:34:4:36:Infinity":3,"f:41:15:41:23":1,"s:42:4:42:Infinity":4}}}
,"/home/luizfelipelaviola/laviola/unipampa/malware-datalab/autodroid-api-gateway/packages/api/src/modules/adminProcessing/services/adminProcessingDelete.service.ts": {"path":"/home/luizfelipelaviola/laviola/unipampa/malware-datalab/autodroid-api-gateway/packages/api/src/modules/adminProcessing/services/adminProcessingDelete.service.ts","statementMap":{"0":{"start":{"line":29,"column":0},"end":{"line":79,"column":null}},"1":{"start":{"line":33,"column":12},"end":{"line":33,"column":45}},"2":{"start":{"line":36,"column":12},"end":{"line":36,"column":55}},"3":{"start":{"line":44,"column":14},"end":{"line":44,"column":null}},"4":{"start":{"line":46,"column":23},"end":{"line":48,"column":null}},"5":{"start":{"line":50,"column":4},"end":{"line":57,"column":null}},"6":{"start":{"line":51,"column":6},"end":{"line":57,"column":null}},"7":{"start":{"line":59,"column":4},"end":{"line":64,"column":null}},"8":{"start":{"line":60,"column":6},"end":{"line":63,"column":null}},"9":{"start":{"line":66,"column":4},"end":{"line":71,"column":null}},"10":{"start":{"line":67,"column":6},"end":{"line":70,"column":null}},"11":{"start":{"line":73,"column":4},"end":{"line":75,"column":null}},"12":{"start":{"line":77,"column":4},"end":{"line":77,"column":null}}},"fnMap":{"0":{"name":"(anonymous_0)","decl":{"start":{"line":31,"column":2},"end":{"line":31,"column":null}},"loc":{"start":{"line":37,"column":4},"end":{"line":37,"column":null}},"line":37},"1":{"name":"(anonymous_1)","decl":{"start":{"line":40,"column":15},"end":{"line":40,"column":23}},"loc":{"start":{"line":43,"column":36},"end":{"line":78,"column":null}},"line":43}},"branchMap":{"0":{"loc":{"start":{"line":50,"column":4},"end":{"line":57,"column":null}},"type":"if","locations":[{"start":{"line":50,"column":4},"end":{"line":57,"column":null}},{"start":{},"end":{}}],"line":50},"1":{"loc":{"start":{"line":59,"column":4},"end":{"line":64,"column":null}},"type":"if","locations":[{"start":{"line":59,"column":4},"end":{"line":64,"column":null}},{"start":{},"end":{}}],"line":59},"2":{"loc":{"start":{"line":66,"column":4},"end":{"line":71,"column":null}},"type":"if","locations":[{"start":{"line":66,"column":4},"end":{"line":71,"column":null}},{"start":{},"end":{}}],"line":66}},"s":{"0":7,"1":4,"2":4,"3":3,"4":3,"5":3,"6":1,"7":2,"8":1,"9":2,"10":1,"11":2,"12":2},"f":{"0":4,"1":3},"b":{"0":[1,2],"1":[1,1],"2":[1,1]},"meta":{"lastBranch":3,"lastFunction":2,"lastStatement":13,"seen":{"s:29:0:79:Infinity":0,"f:31:2:31:Infinity":0,"s:33:12:33:45":1,"s:36:12:36:55":2,"f:40:15:40:23":1,"s:44:14:44:Infinity":3,"s:46:23:48:Infinity":4,"b:50:4:57:Infinity:undefined:undefined:undefined:undefined":0,"s:50:4:57:Infinity":5,"s:51:6:57:Infinity":6,"b:59:4:64:Infinity:undefined:undefined:undefined:undefined":1,"s:59:4:64:Infinity":7,"s:60:6:63:Infinity":8,"b:66:4:71:Infinity:undefined:undefined:undefined:undefined":2,"s:66:4:71:Infinity":9,"s:67:6:70:Infinity":10,"s:73:4:75:Infinity":11,"s:77:4:77:Infinity":12}}}
,"/home/luizfelipelaviola/laviola/unipampa/malware-datalab/autodroid-api-gateway/packages/api/src/modules/adminProcessing/services/adminProcessingEstimatedExecutionTimeIndex.service.ts": {"path":"/home/luizfelipelaviola/laviola/unipampa/malware-datalab/autodroid-api-gateway/packages/api/src/modules/adminProcessing/services/adminProcessingEstimatedExecutionTimeIndex.service.ts","statementMap":{"0":{"start":{"line":30,"column":0},"end":{"line":106,"column":null}},"1":{"start":{"line":34,"column":12},"end":{"line":34,"column":55}},"2":{"start":{"line":41,"column":63},"end":{"line":42,"column":null}},"3":{"start":{"line":45,"column":6},"end":{"line":45,"column":null}},"4":{"start":{"line":47,"column":22},"end":{"line":49,"column":null}},"5":{"start":{"line":51,"column":36},"end":{"line":86,"column":null}},"6":{"start":{"line":53,"column":27},"end":{"line":53,"column":74}},"7":{"start":{"line":54,"column":27},"end":{"line":54,"column":null}},"8":{"start":{"line":56,"column":34},"end":{"line":59,"column":null}},"9":{"start":{"line":58,"column":12},"end":{"line":59,"column":56}},"10":{"start":{"line":61,"column":8},"end":{"line":65,"column":null}},"11":{"start":{"line":62,"column":10},"end":{"line":65,"column":null}},"12":{"start":{"line":67,"column":24},"end":{"line":68,"column":null}},"13":{"start":{"line":71,"column":8},"end":{"line":75,"column":null}},"14":{"start":{"line":72,"column":10},"end":{"line":75,"column":null}},"15":{"start":{"line":77,"column":33},"end":{"line":79,"column":null}},"16":{"start":{"line":81,"column":8},"end":{"line":84,"column":null}},"17":{"start":{"line":89,"column":4},"end":{"line":103,"column":null}},"18":{"start":{"line":90,"column":6},"end":{"line":103,"column":null}}},"fnMap":{"0":{"name":"(anonymous_0)","decl":{"start":{"line":32,"column":2},"end":{"line":32,"column":null}},"loc":{"start":{"line":35,"column":4},"end":{"line":35,"column":null}},"line":35},"1":{"name":"(anonymous_1)","decl":{"start":{"line":38,"column":15},"end":{"line":38,"column":23}},"loc":{"start":{"line":40,"column":52},"end":{"line":105,"column":null}},"line":40},"2":{"name":"(anonymous_2)","decl":{"start":{"line":52,"column":6},"end":{"line":52,"column":7}},"loc":{"start":{"line":52,"column":12},"end":{"line":85,"column":null}},"line":52},"3":{"name":"(anonymous_3)","decl":{"start":{"line":57,"column":10},"end":{"line":57,"column":null}},"loc":{"start":{"line":58,"column":12},"end":{"line":59,"column":56}},"line":58},"4":{"name":"(anonymous_4)","decl":{"start":{"line":89,"column":27},"end":{"line":89,"column":null}},"loc":{"start":{"line":90,"column":6},"end":{"line":103,"column":null}},"line":90}},"branchMap":{"0":{"loc":{"start":{"line":54,"column":27},"end":{"line":54,"column":null}},"type":"binary-expr","locations":[{"start":{"line":54,"column":27},"end":{"line":54,"column":42}},{"start":{"line":54,"column":46},"end":{"line":54,"column":null}}],"line":54},"1":{"loc":{"start":{"line":58,"column":12},"end":{"line":59,"column":56}},"type":"binary-expr","locations":[{"start":{"line":58,"column":12},"end":{"line":58,"column":60}},{"start":{"line":59,"column":12},"end":{"line":59,"column":56}}],"line":58},"2":{"loc":{"start":{"line":61,"column":8},"end":{"line":65,"column":null}},"type":"if","locations":[{"start":{"line":61,"column":8},"end":{"line":65,"column":null}},{"start":{},"end":{}}],"line":61},"3":{"loc":{"start":{"line":71,"column":8},"end":{"line":75,"column":null}},"type":"if","locations":[{"start":{"line":71,"column":8},"end":{"line":75,"column":null}},{"start":{},"end":{}}],"line":71},"4":{"loc":{"start":{"line":96,"column":32},"end":{"line":102,"column":null}},"type":"cond-expr","locations":[{"start":{"line":99,"column":12},"end":{"line":101,"column":null}},{"start":{"line":102,"column":12},"end":{"line":102,"column":null}}],"line":96}},"s":{"0":7,"1":2,"2":1,"3":1,"4":1,"5":1,"6":4,"7":4,"8":4,"9":8,"10":4,"11":1,"12":3,"13":3,"14":1,"15":2,"16":2,"17":1,"18":3},"f":{"0":2,"1":1,"2":4,"3":8,"4":3},"b":{"0":[4,3],"1":[8,3],"2":[1,3],"3":[1,2],"4":[1,2]},"meta":{"lastBranch":5,"lastFunction":5,"lastStatement":19,"seen":{"s:30:0:106:Infinity":0,"f:32:2:32:Infinity":0,"s:34:12:34:55":1,"f:38:15:38:23":1,"s:41:63:42:Infinity":2,"s:45:6:45:Infinity":3,"s:47:22:49:Infinity":4,"s:51:36:86:Infinity":5,"f:52:6:52:7":2,"s:53:27:53:74":6,"s:54:27:54:Infinity":7,"b:54:27:54:42:54:46:54:Infinity":0,"s:56:34:59:Infinity":8,"f:57:10:57:Infinity":3,"s:58:12:59:56":9,"b:58:12:58:60:59:12:59:56":1,"b:61:8:65:Infinity:undefined:undefined:undefined:undefined":2,"s:61:8:65:Infinity":10,"s:62:10:65:Infinity":11,"s:67:24:68:Infinity":12,"b:71:8:75:Infinity:undefined:undefined:undefined:undefined":3,"s:71:8:75:Infinity":13,"s:72:10:75:Infinity":14,"s:77:33:79:Infinity":15,"s:81:8:84:Infinity":16,"s:89:4:103:Infinity":17,"f:89:27:89:Infinity":4,"s:90:6:103:Infinity":18,"b:99:12:101:Infinity:102:12:102:Infinity":4}}}
,"/home/luizfelipelaviola/laviola/unipampa/malware-datalab/autodroid-api-gateway/packages/api/src/modules/adminProcessing/services/adminProcessingFailDangling.service.ts": {"path":"/home/luizfelipelaviola/laviola/unipampa/malware-datalab/autodroid-api-gateway/packages/api/src/modules/adminProcessing/services/adminProcessingFailDangling.service.ts","statementMap":{"0":{"start":{"line":27,"column":0},"end":{"line":48,"column":null}},"1":{"start":{"line":33,"column":12},"end":{"line":33,"column":55}},"2":{"start":{"line":36,"column":12},"end":{"line":36,"column":37}},"3":{"start":{"line":38,"column":4},"end":{"line":40,"column":null}},"4":{"start":{"line":46,"column":4},"end":{"line":46,"column":null}}},"fnMap":{"0":{"name":"(anonymous_0)","decl":{"start":{"line":31,"column":2},"end":{"line":31,"column":null}},"loc":{"start":{"line":37,"column":4},"end":{"line":42,"column":null}},"line":37},"1":{"name":"(anonymous_1)","decl":{"start":{"line":45,"column":15},"end":{"line":45,"column":23}},"loc":{"start":{"line":45,"column":62},"end":{"line":47,"column":null}},"line":45}},"branchMap":{},"s":{"0":7,"1":2,"2":2,"3":2,"4":1},"f":{"0":2,"1":1},"b":{},"meta":{"lastBranch":0,"lastFunction":2,"lastStatement":5,"seen":{"s:27:0:48:Infinity":0,"f:31:2:31:Infinity":0,"s:33:12:33:55":1,"s:36:12:36:37":2,"s:38:4:40:Infinity":3,"f:45:15:45:23":1,"s:46:4:46:Infinity":4}}}
,"/home/luizfelipelaviola/laviola/unipampa/malware-datalab/autodroid-api-gateway/packages/api/src/modules/adminProcessing/services/adminProcessingIndex.service.ts": {"path":"/home/luizfelipelaviola/laviola/unipampa/malware-datalab/autodroid-api-gateway/packages/api/src/modules/adminProcessing/services/adminProcessingIndex.service.ts","statementMap":{"0":{"start":{"line":31,"column":0},"end":{"line":58,"column":null}},"1":{"start":{"line":35,"column":12},"end":{"line":35,"column":55}},"2":{"start":{"line":44,"column":23},"end":{"line":44,"column":null}},"3":{"start":{"line":46,"column":22},"end":{"line":49,"column":null}},"4":{"start":{"line":52,"column":4},"end":{"line":56,"column":null}}},"fnMap":{"0":{"name":"(anonymous_0)","decl":{"start":{"line":33,"column":2},"end":{"line":33,"column":null}},"loc":{"start":{"line":36,"column":4},"end":{"line":36,"column":null}},"line":36},"1":{"name":"(anonymous_1)","decl":{"start":{"line":39,"column":15},"end":{"line":39,"column":23}},"loc":{"start":{"line":43,"column":45},"end":{"line":57,"column":null}},"line":43}},"branchMap":{},"s":{"0":7,"1":2,"2":1,"3":1,"4":1},"f":{"0":2,"1":1},"b":{},"meta":{"lastBranch":0,"lastFunction":2,"lastStatement":5,"seen":{"s:31:0:58:Infinity":0,"f:33:2:33:Infinity":0,"s:35:12:35:55":1,"f:39:15:39:23":1,"s:44:23:44:Infinity":2,"s:46:22:49:Infinity":3,"s:52:4:56:Infinity":4}}}
,"/home/luizfelipelaviola/laviola/unipampa/malware-datalab/autodroid-api-gateway/packages/api/src/modules/adminProcessing/services/adminProcessingShow.service.ts": {"path":"/home/luizfelipelaviola/laviola/unipampa/malware-datalab/autodroid-api-gateway/packages/api/src/modules/adminProcessing/services/adminProcessingShow.service.ts","statementMap":{"0":{"start":{"line":26,"column":0},"end":{"line":55,"column":null}},"1":{"start":{"line":30,"column":12},"end":{"line":30,"column":55}},"2":{"start":{"line":38,"column":14},"end":{"line":38,"column":null}},"3":{"start":{"line":40,"column":23},"end":{"line":42,"column":null}},"4":{"start":{"line":44,"column":4},"end":{"line":51,"column":null}},"5":{"start":{"line":45,"column":6},"end":{"line":51,"column":null}},"6":{"start":{"line":53,"column":4},"end":{"line":53,"column":null}}},"fnMap":{"0":{"name":"(anonymous_0)","decl":{"start":{"line":28,"column":2},"end":{"line":28,"column":null}},"loc":{"start":{"line":31,"column":4},"end":{"line":31,"column":null}},"line":31},"1":{"name":"(anonymous_1)","decl":{"start":{"line":34,"column":15},"end":{"line":34,"column":23}},"loc":{"start":{"line":37,"column":36},"end":{"line":54,"column":null}},"line":37}},"branchMap":{"0":{"loc":{"start":{"line":44,"column":4},"end":{"line":51,"column":null}},"type":"if","locations":[{"start":{"line":44,"column":4},"end":{"line":51,"column":null}},{"start":{},"end":{}}],"line":44}},"s":{"0":7,"1":3,"2":2,"3":2,"4":2,"5":1,"6":1},"f":{"0":3,"1":2},"b":{"0":[1,1]},"meta":{"lastBranch":1,"lastFunction":2,"lastStatement":7,"seen":{"s:26:0:55:Infinity":0,"f:28:2:28:Infinity":0,"s:30:12:30:55":1,"f:34:15:34:23":1,"s:38:14:38:Infinity":2,"s:40:23:42:Infinity":3,"b:44:4:51:Infinity:undefined:undefined:undefined:undefined":0,"s:44:4:51:Infinity":4,"s:45:6:51:Infinity":5,"s:53:4:53:Infinity":6}}}
,"/home/luizfelipelaviola/laviola/unipampa/malware-datalab/autodroid-api-gateway/packages/api/src/modules/adminProcessing/services/adminProcessingUpdate.service.ts": {"path":"/home/luizfelipelaviola/laviola/unipampa/malware-datalab/autodroid-api-gateway/packages/api/src/modules/adminProcessing/services/adminProcessingUpdate.service.ts","statementMap":{"0":{"start":{"line":30,"column":0},"end":{"line":74,"column":null}},"1":{"start":{"line":34,"column":12},"end":{"line":34,"column":55}},"2":{"start":{"line":43,"column":14},"end":{"line":43,"column":null}},"3":{"start":{"line":45,"column":23},"end":{"line":47,"column":null}},"4":{"start":{"line":49,"column":4},"end":{"line":56,"column":null}},"5":{"start":{"line":50,"column":6},"end":{"line":56,"column":null}},"6":{"start":{"line":58,"column":30},"end":{"line":60,"column":null}},"7":{"start":{"line":63,"column":4},"end":{"line":70,"column":null}},"8":{"start":{"line":64,"column":6},"end":{"line":70,"column":null}},"9":{"start":{"line":72,"column":4},"end":{"line":72,"column":null}}},"fnMap":{"0":{"name":"(anonymous_0)","decl":{"start":{"line":32,"column":2},"end":{"line":32,"column":null}},"loc":{"start":{"line":35,"column":4},"end":{"line":35,"column":null}},"line":35},"1":{"name":"(anonymous_1)","decl":{"start":{"line":38,"column":15},"end":{"line":38,"column":23}},"loc":{"start":{"line":42,"column":36},"end":{"line":73,"column":null}},"line":42}},"branchMap":{"0":{"loc":{"start":{"line":49,"column":4},"end":{"line":56,"column":null}},"type":"if","locations":[{"start":{"line":49,"column":4},"end":{"line":56,"column":null}},{"start":{},"end":{}}],"line":49},"1":{"loc":{"start":{"line":63,"column":4},"end":{"line":70,"column":null}},"type":"if","locations":[{"start":{"line":63,"column":4},"end":{"line":70,"column":null}},{"start":{},"end":{}}],"line":63}},"s":{"0":7,"1":4,"2":3,"3":3,"4":3,"5":1,"6":2,"7":2,"8":2,"9":1},"f":{"0":4,"1":3},"b":{"0":[1,2],"1":[1,1]},"meta":{"lastBranch":2,"lastFunction":2,"lastStatement":10,"seen":{"s:30:0:74:Infinity":0,"f:32:2:32:Infinity":0,"s:34:12:34:55":1,"f:38:15:38:23":1,"s:43:14:43:Infinity":2,"s:45:23:47:Infinity":3,"b:49:4:56:Infinity:undefined:undefined:undefined:undefined":0,"s:49:4:56:Infinity":4,"s:50:6:56:Infinity":5,"s:58:30:60:Infinity":6,"b:63:4:70:Infinity:undefined:undefined:undefined:undefined":1,"s:63:4:70:Infinity":7,"s:64:6:70:Infinity":8,"s:72:4:72:Infinity":9}}}
,"/home/luizfelipelaviola/laviola/unipampa/malware-datalab/autodroid-api-gateway/packages/api/src/modules/adminProcessor/infrastructure/graphql/resolvers/adminProcessor.resolver.ts": {"path":"/home/luizfelipelaviola/laviola/unipampa/malware-datalab/autodroid-api-gateway/packages/api/src/modules/adminProcessor/infrastructure/graphql/resolvers/adminProcessor.resolver.ts","statementMap":{"0":{"start":{"line":39,"column":0},"end":{"line":155,"column":null}},"1":{"start":{"line":50,"column":39},"end":{"line":51,"column":null}},"2":{"start":{"line":54,"column":32},"end":{"line":61,"column":null}},"3":{"start":{"line":63,"column":4},"end":{"line":63,"column":null}},"4":{"start":{"line":74,"column":38},"end":{"line":75,"column":null}},"5":{"start":{"line":78,"column":22},"end":{"line":83,"column":null}},"6":{"start":{"line":85,"column":4},"end":{"line":85,"column":null}},"7":{"start":{"line":96,"column":40},"end":{"line":97,"column":null}},"8":{"start":{"line":100,"column":22},"end":{"line":105,"column":null}},"9":{"start":{"line":107,"column":4},"end":{"line":107,"column":null}},"10":{"start":{"line":119,"column":40},"end":{"line":120,"column":null}},"11":{"start":{"line":123,"column":22},"end":{"line":129,"column":null}},"12":{"start":{"line":131,"column":4},"end":{"line":131,"column":null}},"13":{"start":{"line":142,"column":40},"end":{"line":143,"column":null}},"14":{"start":{"line":146,"column":22},"end":{"line":151,"column":null}},"15":{"start":{"line":153,"column":4},"end":{"line":153,"column":null}},"16":{"start":{"line":42,"column":15},"end":{"line":42,"column":null}},"17":{"start":{"line":68,"column":15},"end":{"line":68,"column":null}},"18":{"start":{"line":90,"column":18},"end":{"line":90,"column":null}},"19":{"start":{"line":112,"column":18},"end":{"line":112,"column":null}},"20":{"start":{"line":136,"column":18},"end":{"line":136,"column":null}}},"fnMap":{"0":{"name":"(anonymous_0)","decl":{"start":{"line":43,"column":8},"end":{"line":43,"column":null}},"loc":{"start":{"line":49,"column":33},"end":{"line":64,"column":null}},"line":49},"1":{"name":"(anonymous_1)","decl":{"start":{"line":69,"column":8},"end":{"line":69,"column":null}},"loc":{"start":{"line":73,"column":24},"end":{"line":86,"column":null}},"line":73},"2":{"name":"(anonymous_2)","decl":{"start":{"line":91,"column":8},"end":{"line":91,"column":null}},"loc":{"start":{"line":95,"column":24},"end":{"line":108,"column":null}},"line":95},"3":{"name":"(anonymous_3)","decl":{"start":{"line":113,"column":8},"end":{"line":113,"column":null}},"loc":{"start":{"line":118,"column":24},"end":{"line":132,"column":null}},"line":118},"4":{"name":"(anonymous_4)","decl":{"start":{"line":137,"column":8},"end":{"line":137,"column":null}},"loc":{"start":{"line":141,"column":24},"end":{"line":154,"column":null}},"line":141},"5":{"name":"(anonymous_5)","decl":{"start":{"line":42,"column":15},"end":{"line":42,"column":null}},"loc":{"start":{"line":42,"column":15},"end":{"line":42,"column":null}},"line":42},"6":{"name":"(anonymous_6)","decl":{"start":{"line":68,"column":15},"end":{"line":68,"column":null}},"loc":{"start":{"line":68,"column":15},"end":{"line":68,"column":null}},"line":68},"7":{"name":"(anonymous_7)","decl":{"start":{"line":90,"column":18},"end":{"line":90,"column":null}},"loc":{"start":{"line":90,"column":18},"end":{"line":90,"column":null}},"line":90},"8":{"name":"(anonymous_8)","decl":{"start":{"line":112,"column":18},"end":{"line":112,"column":null}},"loc":{"start":{"line":112,"column":18},"end":{"line":112,"column":null}},"line":112},"9":{"name":"(anonymous_9)","decl":{"start":{"line":136,"column":18},"end":{"line":136,"column":null}},"loc":{"start":{"line":136,"column":18},"end":{"line":136,"column":null}},"line":136}},"branchMap":{},"s":{"0":2,"1":2,"2":2,"3":1,"4":2,"5":2,"6":1,"7":2,"8":2,"9":1,"10":2,"11":2,"12":1,"13":2,"14":2,"15":1,"16":1,"17":1,"18":1,"19":1,"20":1},"f":{"0":2,"1":2,"2":2,"3":2,"4":2,"5":1,"6":1,"7":1,"8":1,"9":1},"b":{},"meta":{"lastBranch":0,"lastFunction":10,"lastStatement":21,"seen":{"s:39:0:155:Infinity":0,"f:43:8:43:Infinity":0,"s:50:39:51:Infinity":1,"s:54:32:61:Infinity":2,"s:63:4:63:Infinity":3,"f:69:8:69:Infinity":1,"s:74:38:75:Infinity":4,"s:78:22:83:Infinity":5,"s:85:4:85:Infinity":6,"f:91:8:91:Infinity":2,"s:96:40:97:Infinity":7,"s:100:22:105:Infinity":8,"s:107:4:107:Infinity":9,"f:113:8:113:Infinity":3,"s:119:40:120:Infinity":10,"s:123:22:129:Infinity":11,"s:131:4:131:Infinity":12,"f:137:8:137:Infinity":4,"s:142:40:143:Infinity":13,"s:146:22:151:Infinity":14,"s:153:4:153:Infinity":15,"f:42:15:42:Infinity":5,"s:42:15:42:Infinity":16,"f:68:15:68:Infinity":6,"s:68:15:68:Infinity":17,"f:90:18:90:Infinity":7,"s:90:18:90:Infinity":18,"f:112:18:112:Infinity":8,"s:112:18:112:Infinity":19,"f:136:18:136:Infinity":9,"s:136:18:136:Infinity":20}}}
,"/home/luizfelipelaviola/laviola/unipampa/malware-datalab/autodroid-api-gateway/packages/api/src/modules/adminProcessor/infrastructure/http/controllers/adminProcessor.controller.ts": {"path":"/home/luizfelipelaviola/laviola/unipampa/malware-datalab/autodroid-api-gateway/packages/api/src/modules/adminProcessor/infrastructure/http/controllers/adminProcessor.controller.ts","statementMap":{"0":{"start":{"line":20,"column":0},"end":{"line":91,"column":null}},"1":{"start":{"line":22,"column":39},"end":{"line":23,"column":null}},"2":{"start":{"line":26,"column":22},"end":{"line":34,"column":null}},"3":{"start":{"line":36,"column":4},"end":{"line":36,"column":null}},"4":{"start":{"line":40,"column":38},"end":{"line":41,"column":null}},"5":{"start":{"line":43,"column":22},"end":{"line":48,"column":null}},"6":{"start":{"line":49,"column":4},"end":{"line":49,"column":null}},"7":{"start":{"line":53,"column":40},"end":{"line":54,"column":null}},"8":{"start":{"line":56,"column":22},"end":{"line":61,"column":null}},"9":{"start":{"line":62,"column":4},"end":{"line":62,"column":null}},"10":{"start":{"line":66,"column":40},"end":{"line":67,"column":null}},"11":{"start":{"line":69,"column":22},"end":{"line":75,"column":null}},"12":{"start":{"line":76,"column":4},"end":{"line":76,"column":null}},"13":{"start":{"line":80,"column":40},"end":{"line":81,"column":null}},"14":{"start":{"line":83,"column":22},"end":{"line":88,"column":null}},"15":{"start":{"line":89,"column":4},"end":{"line":89,"column":null}}},"fnMap":{"0":{"name":"(anonymous_0)","decl":{"start":{"line":21,"column":15},"end":{"line":21,"column":21}},"loc":{"start":{"line":21,"column":50},"end":{"line":37,"column":null}},"line":21},"1":{"name":"(anonymous_1)","decl":{"start":{"line":39,"column":15},"end":{"line":39,"column":20}},"loc":{"start":{"line":39,"column":49},"end":{"line":50,"column":null}},"line":39},"2":{"name":"(anonymous_2)","decl":{"start":{"line":52,"column":15},"end":{"line":52,"column":22}},"loc":{"start":{"line":52,"column":51},"end":{"line":63,"column":null}},"line":52},"3":{"name":"(anonymous_3)","decl":{"start":{"line":65,"column":15},"end":{"line":65,"column":22}},"loc":{"start":{"line":65,"column":51},"end":{"line":77,"column":null}},"line":65},"4":{"name":"(anonymous_4)","decl":{"start":{"line":79,"column":15},"end":{"line":79,"column":22}},"loc":{"start":{"line":79,"column":51},"end":{"line":90,"column":null}},"line":79}},"branchMap":{},"s":{"0":4,"1":2,"2":2,"3":1,"4":2,"5":2,"6":1,"7":2,"8":2,"9":1,"10":2,"11":2,"12":1,"13":2,"14":2,"15":1},"f":{"0":2,"1":2,"2":2,"3":2,"4":2},"b":{},"meta":{"lastBranch":0,"lastFunction":5,"lastStatement":16,"seen":{"s:20:0:91:Infinity":0,"f:21:15:21:21":0,"s:22:39:23:Infinity":1,"s:26:22:34:Infinity":2,"s:36:4:36:Infinity":3,"f:39:15:39:20":1,"s:40:38:41:Infinity":4,"s:43:22:48:Infinity":5,"s:49:4:49:Infinity":6,"f:52:15:52:22":2,"s:53:40:54:Infinity":7,"s:56:22:61:Infinity":8,"s:62:4:62:Infinity":9,"f:65:15:65:22":3,"s:66:40:67:Infinity":10,"s:69:22:75:Infinity":11,"s:76:4:76:Infinity":12,"f:79:15:79:22":4,"s:80:40:81:Infinity":13,"s:83:22:88:Infinity":14,"s:89:4:89:Infinity":15}}}
,"/home/luizfelipelaviola/laviola/unipampa/malware-datalab/autodroid-api-gateway/packages/api/src/modules/adminProcessor/infrastructure/http/routes/adminProcessor.routes.ts": {"path":"/home/luizfelipelaviola/laviola/unipampa/malware-datalab/autodroid-api-gateway/packages/api/src/modules/adminProcessor/infrastructure/http/routes/adminProcessor.routes.ts","statementMap":{"0":{"start":{"line":20,"column":33},"end":{"line":20,"column":null}},"1":{"start":{"line":22,"column":6},"end":{"line":22,"column":null}},"2":{"start":{"line":24,"column":0},"end":{"line":31,"column":null}},"3":{"start":{"line":34,"column":0},"end":{"line":34,"column":null}},"4":{"start":{"line":36,"column":0},"end":{"line":42,"column":null}},"5":{"start":{"line":45,"column":0},"end":{"line":51,"column":null}},"6":{"start":{"line":54,"column":0},"end":{"line":54,"column":null}}},"fnMap":{},"branchMap":{},"s":{"0":3,"1":3,"2":3,"3":3,"4":3,"5":3,"6":3},"f":{},"b":{},"meta":{"lastBranch":0,"lastFunction":0,"lastStatement":7,"seen":{"s:20:33:20:Infinity":0,"s:22:6:22:Infinity":1,"s:24:0:31:Infinity":2,"s:34:0:34:Infinity":3,"s:36:0:42:Infinity":4,"s:45:0:51:Infinity":5,"s:54:0:54:Infinity":6}}}
,"/home/luizfelipelaviola/laviola/unipampa/malware-datalab/autodroid-api-gateway/packages/api/src/modules/adminProcessor/services/adminProcessorCreate.service.ts": {"path":"/home/luizfelipelaviola/laviola/unipampa/malware-datalab/autodroid-api-gateway/packages/api/src/modules/adminProcessor/services/adminProcessorCreate.service.ts","statementMap":{"0":{"start":{"line":33,"column":0},"end":{"line":76,"column":null}},"1":{"start":{"line":37,"column":12},"end":{"line":37,"column":53}},"2":{"start":{"line":42,"column":14},"end":{"line":42,"column":null}},"3":{"start":{"line":44,"column":30},"end":{"line":46,"column":null}},"4":{"start":{"line":48,"column":4},"end":{"line":55,"column":null}},"5":{"start":{"line":49,"column":6},"end":{"line":55,"column":null}},"6":{"start":{"line":57,"column":10},"end":{"line":60,"column":null}},"7":{"start":{"line":62,"column":4},"end":{"line":65,"column":null}},"8":{"start":{"line":67,"column":22},"end":{"line":72,"column":null}},"9":{"start":{"line":74,"column":4},"end":{"line":74,"column":null}}},"fnMap":{"0":{"name":"(anonymous_0)","decl":{"start":{"line":35,"column":2},"end":{"line":35,"column":null}},"loc":{"start":{"line":38,"column":4},"end":{"line":38,"column":null}},"line":38},"1":{"name":"(anonymous_1)","decl":{"start":{"line":41,"column":15},"end":{"line":41,"column":23}},"loc":{"start":{"line":41,"column":79},"end":{"line":75,"column":null}},"line":41}},"branchMap":{"0":{"loc":{"start":{"line":48,"column":4},"end":{"line":55,"column":null}},"type":"if","locations":[{"start":{"line":48,"column":4},"end":{"line":55,"column":null}},{"start":{},"end":{}}],"line":48}},"s":{"0":7,"1":5,"2":4,"3":4,"4":4,"5":1,"6":3,"7":3,"8":3,"9":1},"f":{"0":5,"1":4},"b":{"0":[1,3]},"meta":{"lastBranch":1,"lastFunction":2,"lastStatement":10,"seen":{"s:33:0:76:Infinity":0,"f:35:2:35:Infinity":0,"s:37:12:37:53":1,"f:41:15:41:23":1,"s:42:14:42:Infinity":2,"s:44:30:46:Infinity":3,"b:48:4:55:Infinity:undefined:undefined:undefined:undefined":0,"s:48:4:55:Infinity":4,"s:49:6:55:Infinity":5,"s:57:10:60:Infinity":6,"s:62:4:65:Infinity":7,"s:67:22:72:Infinity":8,"s:74:4:74:Infinity":9}}}
,"/home/luizfelipelaviola/laviola/unipampa/malware-datalab/autodroid-api-gateway/packages/api/src/modules/adminProcessor/services/adminProcessorDelete.service.ts": {"path":"/home/luizfelipelaviola/laviola/unipampa/malware-datalab/autodroid-api-gateway/packages/api/src/modules/adminProcessor/services/adminProcessorDelete.service.ts","statementMap":{"0":{"start":{"line":29,"column":0},"end":{"line":74,"column":null}},"1":{"start":{"line":33,"column":12},"end":{"line":33,"column":53}},"2":{"start":{"line":36,"column":12},"end":{"line":36,"column":55}},"3":{"start":{"line":44,"column":14},"end":{"line":44,"column":null}},"4":{"start":{"line":46,"column":22},"end":{"line":48,"column":null}},"5":{"start":{"line":50,"column":4},"end":{"line":57,"column":null}},"6":{"start":{"line":51,"column":6},"end":{"line":57,"column":null}},"7":{"start":{"line":59,"column":22},"end":{"line":61,"column":null}},"8":{"start":{"line":63,"column":4},"end":{"line":70,"column":null}},"9":{"start":{"line":64,"column":6},"end":{"line":70,"column":null}},"10":{"start":{"line":72,"column":4},"end":{"line":72,"column":null}}},"fnMap":{"0":{"name":"(anonymous_0)","decl":{"start":{"line":31,"column":2},"end":{"line":31,"column":null}},"loc":{"start":{"line":37,"column":4},"end":{"line":37,"column":null}},"line":37},"1":{"name":"(anonymous_1)","decl":{"start":{"line":40,"column":15},"end":{"line":40,"column":23}},"loc":{"start":{"line":43,"column":35},"end":{"line":73,"column":null}},"line":43}},"branchMap":{"0":{"loc":{"start":{"line":50,"column":4},"end":{"line":57,"column":null}},"type":"if","locations":[{"start":{"line":50,"column":4},"end":{"line":57,"column":null}},{"start":{},"end":{}}],"line":50},"1":{"loc":{"start":{"line":63,"column":4},"end":{"line":70,"column":null}},"type":"if","locations":[{"start":{"line":63,"column":4},"end":{"line":70,"column":null}},{"start":{},"end":{}}],"line":63}},"s":{"0":7,"1":4,"2":4,"3":3,"4":3,"5":3,"6":1,"7":2,"8":2,"9":2,"10":1},"f":{"0":4,"1":3},"b":{"0":[1,2],"1":[1,1]},"meta":{"lastBranch":2,"lastFunction":2,"lastStatement":11,"seen":{"s:29:0:74:Infinity":0,"f:31:2:31:Infinity":0,"s:33:12:33:53":1,"s:36:12:36:55":2,"f:40:15:40:23":1,"s:44:14:44:Infinity":3,"s:46:22:48:Infinity":4,"b:50:4:57:Infinity:undefined:undefined:undefined:undefined":0,"s:50:4:57:Infinity":5,"s:51:6:57:Infinity":6,"s:59:22:61:Infinity":7,"b:63:4:70:Infinity:undefined:undefined:undefined:undefined":1,"s:63:4:70:Infinity":8,"s:64:6:70:Infinity":9,"s:72:4:72:Infinity":10}}}
,"/home/luizfelipelaviola/laviola/unipampa/malware-datalab/autodroid-api-gateway/packages/api/src/modules/adminProcessor/services/adminProcessorIndex.service.ts": {"path":"/home/luizfelipelaviola/laviola/unipampa/malware-datalab/autodroid-api-gateway/packages/api/src/modules/adminProcessor/services/adminProcessorIndex.service.ts","statementMap":{"0":{"start":{"line":28,"column":0},"end":{"line":54,"column":null}},"1":{"start":{"line":32,"column":12},"end":{"line":32,"column":53}},"2":{"start":{"line":40,"column":23},"end":{"line":40,"column":null}},"3":{"start":{"line":42,"column":23},"end":{"line":45,"column":null}},"4":{"start":{"line":48,"column":4},"end":{"line":52,"column":null}}},"fnMap":{"0":{"name":"(anonymous_0)","decl":{"start":{"line":30,"column":2},"end":{"line":30,"column":null}},"loc":{"start":{"line":33,"column":4},"end":{"line":33,"column":null}},"line":33},"1":{"name":"(anonymous_1)","decl":{"start":{"line":36,"column":15},"end":{"line":36,"column":23}},"loc":{"start":{"line":39,"column":44},"end":{"line":53,"column":null}},"line":39}},"branchMap":{},"s":{"0":7,"1":2,"2":1,"3":1,"4":1},"f":{"0":2,"1":1},"b":{},"meta":{"lastBranch":0,"lastFunction":2,"lastStatement":5,"seen":{"s:28:0:54:Infinity":0,"f:30:2:30:Infinity":0,"s:32:12:32:53":1,"f:36:15:36:23":1,"s:40:23:40:Infinity":2,"s:42:23:45:Infinity":3,"s:48:4:52:Infinity":4}}}
[...]
,"/home/luizfelipelaviola/laviola/unipampa/malware-datalab/autodroid-api-gateway/packages/api/src/shared/utils/generateHash/index.ts": {"path":"/home/luizfelipelaviola/laviola/unipampa/malware-datalab/autodroid-api-gateway/packages/api/src/shared/utils/generateHash/index.ts","statementMap":{"0":{"start":{"line":3,"column":28},"end":{"line":5,"column":null}},"1":{"start":{"line":4,"column":2},"end":{"line":4,"column":null}}},"fnMap":{"0":{"name":"(anonymous_0)","decl":{"start":{"line":3,"column":28},"end":{"line":3,"column":29}},"loc":{"start":{"line":3,"column":29},"end":{"line":5,"column":null}},"line":3}},"branchMap":{},"s":{"0":26,"1":130},"f":{"0":130},"b":{},"meta":{"lastBranch":0,"lastFunction":1,"lastStatement":2,"seen":{"s:3:28:5:Infinity":0,"f:3:28:3:29":0,"s:4:2:4:Infinity":1}}}
,"/home/luizfelipelaviola/laviola/unipampa/malware-datalab/autodroid-api-gateway/packages/api/src/shared/utils/generateRandomFilename/index.ts": {"path":"/home/luizfelipelaviola/laviola/unipampa/malware-datalab/autodroid-api-gateway/packages/api/src/shared/utils/generateRandomFilename/index.ts","statementMap":{"0":{"start":{"line":3,"column":31},"end":{"line":6,"column":34}},"1":{"start":{"line":4,"column":2},"end":{"line":6,"column":34}}},"fnMap":{"0":{"name":"(anonymous_0)","decl":{"start":{"line":3,"column":31},"end":{"line":3,"column":32}},"loc":{"start":{"line":4,"column":2},"end":{"line":6,"column":34}},"line":4}},"branchMap":{},"s":{"0":2,"1":6},"f":{"0":6},"b":{},"meta":{"lastBranch":0,"lastFunction":1,"lastStatement":2,"seen":{"s:3:31:6:34":0,"f:3:31:3:32":0,"s:4:2:6:34":1}}}
,"/home/luizfelipelaviola/laviola/unipampa/malware-datalab/autodroid-api-gateway/packages/api/src/shared/utils/generateToken/index.ts": {"path":"/home/luizfelipelaviola/laviola/unipampa/malware-datalab/autodroid-api-gateway/packages/api/src/shared/utils/generateToken/index.ts","statementMap":{"0":{"start":{"line":3,"column":29},"end":{"line":8,"column":null}},"1":{"start":{"line":4,"column":2},"end":{"line":6,"column":null}}},"fnMap":{"0":{"name":"(anonymous_0)","decl":{"start":{"line":3,"column":29},"end":{"line":3,"column":30}},"loc":{"start":{"line":3,"column":49},"end":{"line":8,"column":null}},"line":3}},"branchMap":{"0":{"loc":{"start":{"line":3,"column":30},"end":{"line":3,"column":49}},"type":"default-arg","locations":[{"start":{"line":3,"column":47},"end":{"line":3,"column":49}}],"line":3}},"s":{"0":117,"1":134},"f":{"0":134},"b":{"0":[134]},"meta":{"lastBranch":1,"lastFunction":1,"lastStatement":2,"seen":{"s:3:29:8:Infinity":0,"f:3:29:3:30":0,"b:3:47:3:49":0,"s:4:2:6:Infinity":1}}}
,"/home/luizfelipelaviola/laviola/unipampa/malware-datalab/autodroid-api-gateway/packages/api/src/shared/utils/getFileExtensionFromFilename/index.ts": {"path":"/home/luizfelipelaviola/laviola/unipampa/malware-datalab/autodroid-api-gateway/packages/api/src/shared/utils/getFileExtensionFromFilename/index.ts","statementMap":{"0":{"start":{"line":3,"column":37},"end":{"line":6,"column":null}},"1":{"start":{"line":4,"column":8},"end":{"line":4,"column":null}},"2":{"start":{"line":5,"column":2},"end":{"line":5,"column":null}}},"fnMap":{"0":{"name":"(anonymous_0)","decl":{"start":{"line":3,"column":37},"end":{"line":3,"column":38}},"loc":{"start":{"line":3,"column":38},"end":{"line":6,"column":null}},"line":3}},"branchMap":{},"s":{"0":2,"1":10,"2":10},"f":{"0":10},"b":{},"meta":{"lastBranch":0,"lastFunction":1,"lastStatement":3,"seen":{"s:3:37:6:Infinity":0,"f:3:37:3:38":0,"s:4:8:4:Infinity":1,"s:5:2:5:Infinity":2}}}
,"/home/luizfelipelaviola/laviola/unipampa/malware-datalab/autodroid-api-gateway/packages/api/src/shared/utils/instanceParser/index.ts": {"path":"/home/luizfelipelaviola/laviola/unipampa/malware-datalab/autodroid-api-gateway/packages/api/src/shared/utils/instanceParser/index.ts","statementMap":{"0":{"start":{"line":16,"column":41},"end":{"line":18,"column":null}},"1":{"start":{"line":20,"column":2},"end":{"line":20,"column":null}},"2":{"start":{"line":20,"column":12},"end":{"line":20,"column":null}},"3":{"start":{"line":22,"column":2},"end":{"line":23,"column":null}},"4":{"start":{"line":23,"column":4},"end":{"line":23,"column":null}},"5":{"start":{"line":23,"column":19},"end":{"line":23,"column":null}},"6":{"start":{"line":25,"column":2},"end":{"line":25,"column":null}},"7":{"start":{"line":33,"column":41},"end":{"line":35,"column":null}},"8":{"start":{"line":37,"column":2},"end":{"line":37,"column":null}},"9":{"start":{"line":37,"column":12},"end":{"line":37,"column":null}},"10":{"start":{"line":39,"column":2},"end":{"line":40,"column":null}},"11":{"start":{"line":40,"column":4},"end":{"line":40,"column":null}},"12":{"start":{"line":40,"column":19},"end":{"line":40,"column":null}},"13":{"start":{"line":42,"column":2},"end":{"line":42,"column":null}}},"fnMap":{"0":{"name":"parse","decl":{"start":{"line":15,"column":9},"end":{"line":15,"column":21}},"loc":{"start":{"line":15,"column":53},"end":{"line":26,"column":null}},"line":15},"1":{"name":"(anonymous_1)","decl":{"start":{"line":23,"column":19},"end":{"line":23,"column":27}},"loc":{"start":{"line":23,"column":19},"end":{"line":23,"column":null}},"line":23},"2":{"name":"process","decl":{"start":{"line":32,"column":9},"end":{"line":32,"column":20}},"loc":{"start":{"line":32,"column":26},"end":{"line":43,"column":null}},"line":32},"3":{"name":"(anonymous_3)","decl":{"start":{"line":40,"column":19},"end":{"line":40,"column":27}},"loc":{"start":{"line":40,"column":19},"end":{"line":40,"column":null}},"line":40}},"branchMap":{"0":{"loc":{"start":{"line":20,"column":2},"end":{"line":20,"column":null}},"type":"if","locations":[{"start":{"line":20,"column":2},"end":{"line":20,"column":null}},{"start":{},"end":{}}],"line":20},"1":{"loc":{"start":{"line":22,"column":2},"end":{"line":23,"column":null}},"type":"if","locations":[{"start":{"line":22,"column":2},"end":{"line":23,"column":null}},{"start":{},"end":{}}],"line":22},"2":{"loc":{"start":{"line":37,"column":2},"end":{"line":37,"column":null}},"type":"if","locations":[{"start":{"line":37,"column":2},"end":{"line":37,"column":null}},{"start":{},"end":{}}],"line":37},"3":{"loc":{"start":{"line":39,"column":2},"end":{"line":40,"column":null}},"type":"if","locations":[{"start":{"line":39,"column":2},"end":{"line":40,"column":null}},{"start":{},"end":{}}],"line":39}},"s":{"0":188,"1":188,"2":5,"3":183,"4":183,"5":30,"6":107,"7":125,"8":125,"9":3,"10":122,"11":122,"12":9,"13":112},"f":{"0":188,"1":30,"2":125,"3":9},"b":{"0":[5,183],"1":[76,107],"2":[3,122],"3":[10,112]},"meta":{"lastBranch":4,"lastFunction":4,"lastStatement":14,"seen":{"f:15:9:15:21":0,"s:16:41:18:Infinity":0,"b:20:2:20:Infinity:undefined:undefined:undefined:undefined":0,"s:20:2:20:Infinity":1,"s:20:12:20:Infinity":2,"b:22:2:23:Infinity:undefined:undefined:undefined:undefined":1,"s:22:2:23:Infinity":3,"s:23:4:23:Infinity":4,"f:23:19:23:27":1,"s:23:19:23:Infinity":5,"s:25:2:25:Infinity":6,"f:32:9:32:20":2,"s:33:41:35:Infinity":7,"b:37:2:37:Infinity:undefined:undefined:undefined:undefined":2,"s:37:2:37:Infinity":8,"s:37:12:37:Infinity":9,"b:39:2:40:Infinity:undefined:undefined:undefined:undefined":3,"s:39:2:40:Infinity":10,"s:40:4:40:Infinity":11,"f:40:19:40:27":3,"s:40:19:40:Infinity":12,"s:42:2:42:Infinity":13}}}
,"/home/luizfelipelaviola/laviola/unipampa/malware-datalab/autodroid-api-gateway/packages/api/src/shared/utils/isValidCommaSeparatedString/index.ts": {"path":"/home/luizfelipelaviola/laviola/unipampa/malware-datalab/autodroid-api-gateway/packages/api/src/shared/utils/isValidCommaSeparatedString/index.ts","statementMap":{"0":{"start":{"line":1,"column":36},"end":{"line":2,"column":null}},"1":{"start":{"line":2,"column":2},"end":{"line":2,"column":null}},"2":{"start":{"line":2,"column":49},"end":{"line":2,"column":null}}},"fnMap":{"0":{"name":"(anonymous_0)","decl":{"start":{"line":1,"column":36},"end":{"line":1,"column":37}},"loc":{"start":{"line":2,"column":2},"end":{"line":2,"column":null}},"line":2},"1":{"name":"(anonymous_1)","decl":{"start":{"line":2,"column":32},"end":{"line":2,"column":33}},"loc":{"start":{"line":2,"column":49},"end":{"line":2,"column":null}},"line":2}},"branchMap":{"0":{"loc":{"start":{"line":2,"column":2},"end":{"line":2,"column":null}},"type":"binary-expr","locations":[{"start":{"line":2,"column":2},"end":{"line":2,"column":11}},{"start":{"line":2,"column":11},"end":{"line":2,"column":null}}],"line":2}},"s":{"0":17,"1":12,"2":38},"f":{"0":12,"1":38},"b":{"0":[12,11]},"meta":{"lastBranch":1,"lastFunction":2,"lastStatement":3,"seen":{"s:1:36:2:Infinity":0,"f:1:36:1:37":0,"s:2:2:2:Infinity":1,"b:2:2:2:11:2:11:2:Infinity":0,"f:2:32:2:33":1,"s:2:49:2:Infinity":2}}}
,"/home/luizfelipelaviola/laviola/unipampa/malware-datalab/autodroid-api-gateway/packages/api/src/shared/utils/isValidEmail/index.ts": {"path":"/home/luizfelipelaviola/laviola/unipampa/malware-datalab/autodroid-api-gateway/packages/api/src/shared/utils/isValidEmail/index.ts","statementMap":{"0":{"start":{"line":1,"column":21},"end":{"line":4,"column":null}},"1":{"start":{"line":2,"column":2},"end":{"line":2,"column":null}},"2":{"start":{"line":2,"column":48},"end":{"line":2,"column":null}},"3":{"start":{"line":3,"column":2},"end":{"line":3,"column":null}}},"fnMap":{"0":{"name":"(anonymous_0)","decl":{"start":{"line":1,"column":21},"end":{"line":1,"column":22}},"loc":{"start":{"line":1,"column":22},"end":{"line":4,"column":null}},"line":1}},"branchMap":{"0":{"loc":{"start":{"line":2,"column":2},"end":{"line":2,"column":null}},"type":"if","locations":[{"start":{"line":2,"column":2},"end":{"line":2,"column":null}},{"start":{},"end":{}}],"line":2}},"s":{"0":3,"1":9,"2":5,"3":4},"f":{"0":9},"b":{"0":[5,4]},"meta":{"lastBranch":1,"lastFunction":1,"lastStatement":4,"seen":{"s:1:21:4:Infinity":0,"f:1:21:1:22":0,"b:2:2:2:Infinity:undefined:undefined:undefined:undefined":0,"s:2:2:2:Infinity":1,"s:2:48:2:Infinity":2,"s:3:2:3:Infinity":3}}}
,"/home/luizfelipelaviola/laviola/unipampa/malware-datalab/autodroid-api-gateway/packages/api/src/shared/utils/isValidLanguage/index.ts": {"path":"/home/luizfelipelaviola/laviola/unipampa/malware-datalab/autodroid-api-gateway/packages/api/src/shared/utils/isValidLanguage/index.ts","statementMap":{"0":{"start":{"line":3,"column":24},"end":{"line":9,"column":null}},"1":{"start":{"line":4,"column":2},"end":{"line":8,"column":null}},"2":{"start":{"line":5,"column":4},"end":{"line":5,"column":null}},"3":{"start":{"line":7,"column":4},"end":{"line":7,"column":null}}},"fnMap":{"0":{"name":"(anonymous_0)","decl":{"start":{"line":3,"column":24},"end":{"line":3,"column":25}},"loc":{"start":{"line":3,"column":25},"end":{"line":9,"column":null}},"line":3}},"branchMap":{},"s":{"0":8,"1":4,"2":4,"3":1},"f":{"0":4},"b":{},"meta":{"lastBranch":0,"lastFunction":1,"lastStatement":4,"seen":{"s:3:24:9:Infinity":0,"f:3:24:3:25":0,"s:4:2:8:Infinity":1,"s:5:4:5:Infinity":2,"s:7:4:7:Infinity":3}}}
,"/home/luizfelipelaviola/laviola/unipampa/malware-datalab/autodroid-api-gateway/packages/api/src/shared/utils/isValidMimeTypeExtension/index.ts": {"path":"/home/luizfelipelaviola/laviola/unipampa/malware-datalab/autodroid-api-gateway/packages/api/src/shared/utils/isValidMimeTypeExtension/index.ts","statementMap":{"0":{"start":{"line":6,"column":33},"end":{"line":9,"column":null}},"1":{"start":{"line":9,"column":15},"end":{"line":9,"column":null}}},"fnMap":{"0":{"name":"(anonymous_0)","decl":{"start":{"line":6,"column":33},"end":{"line":6,"column":34}},"loc":{"start":{"line":9,"column":15},"end":{"line":9,"column":null}},"line":9}},"branchMap":{},"s":{"0":2,"1":7},"f":{"0":7},"b":{},"meta":{"lastBranch":0,"lastFunction":1,"lastStatement":2,"seen":{"s:6:33:9:Infinity":0,"f:6:33:6:34":0,"s:9:15:9:Infinity":1}}}
,"/home/luizfelipelaviola/laviola/unipampa/malware-datalab/autodroid-api-gateway/packages/api/src/shared/utils/logger/index.ts": {"path":"/home/luizfelipelaviola/laviola/unipampa/malware-datalab/autodroid-api-gateway/packages/api/src/shared/utils/logger/index.ts","statementMap":{"0":{"start":{"line":6,"column":21},"end":{"line":8,"column":null}},"1":{"start":{"line":7,"column":2},"end":{"line":7,"column":null}},"2":{"start":{"line":10,"column":6},"end":{"line":20,"column":null}}},"fnMap":{"0":{"name":"(anonymous_0)","decl":{"start":{"line":6,"column":35},"end":{"line":6,"column":36}},"loc":{"start":{"line":6,"column":65},"end":{"line":8,"column":null}},"line":6}},"branchMap":{},"s":{"0":197,"1":1,"2":197},"f":{"0":1},"b":{},"meta":{"lastBranch":0,"lastFunction":1,"lastStatement":3,"seen":{"s:6:21:8:Infinity":0,"f:6:35:6:36":0,"s:7:2:7:Infinity":1,"s:10:6:20:Infinity":2}}}
,"/home/luizfelipelaviola/laviola/unipampa/malware-datalab/autodroid-api-gateway/packages/api/src/shared/utils/sleep/index.ts": {"path":"/home/luizfelipelaviola/laviola/unipampa/malware-datalab/autodroid-api-gateway/packages/api/src/shared/utils/sleep/index.ts","statementMap":{"0":{"start":{"line":1,"column":14},"end":{"line":5,"column":null}},"1":{"start":{"line":2,"column":2},"end":{"line":4,"column":null}},"2":{"start":{"line":3,"column":4},"end":{"line":3,"column":null}}},"fnMap":{"0":{"name":"(anonymous_0)","decl":{"start":{"line":1,"column":14},"end":{"line":1,"column":15}},"loc":{"start":{"line":1,"column":15},"end":{"line":5,"column":null}},"line":1},"1":{"name":"(anonymous_1)","decl":{"start":{"line":2,"column":21},"end":{"line":2,"column":null}},"loc":{"start":{"line":2,"column":21},"end":{"line":4,"column":null}},"line":2}},"branchMap":{},"s":{"0":13,"1":3,"2":3},"f":{"0":3,"1":3},"b":{},"meta":{"lastBranch":0,"lastFunction":2,"lastStatement":3,"seen":{"s:1:14:5:Infinity":0,"f:1:14:1:15":0,"s:2:2:4:Infinity":1,"f:2:21:2:Infinity":1,"s:3:4:3:Infinity":2}}}
,"/home/luizfelipelaviola/laviola/unipampa/malware-datalab/autodroid-api-gateway/packages/api/src/shared/utils/trimString/index.ts": {"path":"/home/luizfelipelaviola/laviola/unipampa/malware-datalab/autodroid-api-gateway/packages/api/src/shared/utils/trimString/index.ts","statementMap":{"0":{"start":{"line":1,"column":19},"end":{"line":4,"column":null}},"1":{"start":{"line":2,"column":2},"end":{"line":2,"column":null}},"2":{"start":{"line":2,"column":12},"end":{"line":2,"column":null}},"3":{"start":{"line":3,"column":2},"end":{"line":3,"column":null}}},"fnMap":{"0":{"name":"(anonymous_0)","decl":{"start":{"line":1,"column":19},"end":{"line":1,"column":20}},"loc":{"start":{"line":1,"column":20},"end":{"line":4,"column":null}},"line":1}},"branchMap":{"0":{"loc":{"start":{"line":2,"column":2},"end":{"line":2,"column":null}},"type":"if","locations":[{"start":{"line":2,"column":2},"end":{"line":2,"column":null}},{"start":{},"end":{}}],"line":2}},"s":{"0":38,"1":105,"2":1,"3":104},"f":{"0":105},"b":{"0":[1,104]},"meta":{"lastBranch":1,"lastFunction":1,"lastStatement":4,"seen":{"s:1:19:4:Infinity":0,"f:1:19:1:20":0,"b:2:2:2:Infinity:undefined:undefined:undefined:undefined":0,"s:2:2:2:Infinity":1,"s:2:12:2:Infinity":2,"s:3:2:3:Infinity":3}}}
,"/home/luizfelipelaviola/laviola/unipampa/malware-datalab/autodroid-api-gateway/packages/api/src/shared/utils/validateNullable/index.ts": {"path":"/home/luizfelipelaviola/laviola/unipampa/malware-datalab/autodroid-api-gateway/packages/api/src/shared/utils/validateNullable/index.ts","statementMap":{"0":{"start":{"line":7,"column":25},"end":{"line":21,"column":null}},"1":{"start":{"line":16,"column":2},"end":{"line":16,"column":null}},"2":{"start":{"line":16,"column":13},"end":{"line":16,"column":null}},"3":{"start":{"line":17,"column":2},"end":{"line":17,"column":null}},"4":{"start":{"line":17,"column":25},"end":{"line":17,"column":null}},"5":{"start":{"line":18,"column":2},"end":{"line":18,"column":null}},"6":{"start":{"line":18,"column":50},"end":{"line":18,"column":null}},"7":{"start":{"line":19,"column":2},"end":{"line":19,"column":null}},"8":{"start":{"line":19,"column":69},"end":{"line":19,"column":null}},"9":{"start":{"line":20,"column":2},"end":{"line":20,"column":null}}},"fnMap":{"0":{"name":"(anonymous_0)","decl":{"start":{"line":7,"column":25},"end":{"line":7,"column":26}},"loc":{"start":{"line":15,"column":1},"end":{"line":21,"column":null}},"line":15}},"branchMap":{"0":{"loc":{"start":{"line":16,"column":2},"end":{"line":16,"column":null}},"type":"if","locations":[{"start":{"line":16,"column":2},"end":{"line":16,"column":null}},{"start":{},"end":{}}],"line":16},"1":{"loc":{"start":{"line":17,"column":2},"end":{"line":17,"column":null}},"type":"if","locations":[{"start":{"line":17,"column":2},"end":{"line":17,"column":null}},{"start":{},"end":{}}],"line":17},"2":{"loc":{"start":{"line":18,"column":2},"end":{"line":18,"column":null}},"type":"if","locations":[{"start":{"line":18,"column":2},"end":{"line":18,"column":null}},{"start":{},"end":{}}],"line":18},"3":{"loc":{"start":{"line":18,"column":6},"end":{"line":18,"column":50}},"type":"binary-expr","locations":[{"start":{"line":18,"column":6},"end":{"line":18,"column":34}},{"start":{"line":18,"column":34},"end":{"line":18,"column":50}}],"line":18},"4":{"loc":{"start":{"line":19,"column":2},"end":{"line":19,"column":null}},"type":"if","locations":[{"start":{"line":19,"column":2},"end":{"line":19,"column":null}},{"start":{},"end":{}}],"line":19},"5":{"loc":{"start":{"line":19,"column":6},"end":{"line":19,"column":69}},"type":"binary-expr","locations":[{"start":{"line":19,"column":6},"end":{"line":19,"column":39}},{"start":{"line":19,"column":39},"end":{"line":19,"column":69}}],"line":19}},"s":{"0":4,"1":8,"2":4,"3":4,"4":1,"5":3,"6":1,"7":2,"8":1,"9":1},"f":{"0":8},"b":{"0":[4,4],"1":[1,3],"2":[1,2],"3":[3,1],"4":[1,1],"5":[2,1]},"meta":{"lastBranch":6,"lastFunction":1,"lastStatement":10,"seen":{"s:7:25:21:Infinity":0,"f:7:25:7:26":0,"b:16:2:16:Infinity:undefined:undefined:undefined:undefined":0,"s:16:2:16:Infinity":1,"s:16:13:16:Infinity":2,"b:17:2:17:Infinity:undefined:undefined:undefined:undefined":1,"s:17:2:17:Infinity":3,"s:17:25:17:Infinity":4,"b:18:2:18:Infinity:undefined:undefined:undefined:undefined":2,"s:18:2:18:Infinity":5,"b:18:6:18:34:18:34:18:50":3,"s:18:50:18:Infinity":6,"b:19:2:19:Infinity:undefined:undefined:undefined:undefined":4,"s:19:2:19:Infinity":7,"b:19:6:19:39:19:39:19:69":5,"s:19:69:19:Infinity":8,"s:20:2:20:Infinity":9}}}
}
