{"total": {"lines":{"total":511,"covered":511,"skipped":0,"pct":100},"statements":{"total":511,"covered":511,"skipped":0,"pct":100},"functions":{"total":39,"covered":39,"skipped":0,"pct":100},"branches":{"total":125,"covered":125,"skipped":0,"pct":100},"branchesTrue":{"total":0,"covered":0,"skipped":0,"pct":100}}
,"/home/luizfelipelaviola/laviola/unipampa/malware-datalab/autodroid-api-gateway/packages/cli/src/bin.ts": {"lines":{"total":4,"covered":4,"skipped":0,"pct":100},"functions":{"total":0,"covered":0,"skipped":0,"pct":100},"statements":{"total":4,"covered":4,"skipped":0,"pct":100},"branches":{"total":1,"covered":1,"skipped":0,"pct":100}}
,"/home/luizfelipelaviola/laviola/unipampa/malware-datalab/autodroid-api-gateway/packages/cli/src/commands.ts": {"lines":{"total":97,"covered":97,"skipped":0,"pct":100},"functions":{"total":13,"covered":13,"skipped":0,"pct":100},"statements":{"total":97,"covered":97,"skipped":0,"pct":100},"branches":{"total":16,"covered":16,"skipped":0,"pct":100}}
,"/home/luizfelipelaviola/laviola/unipampa/malware-datalab/autodroid-api-gateway/packages/cli/src/context.ts": {"lines":{"total":23,"covered":23,"skipped":0,"pct":100},"functions":{"total":2,"covered":2,"skipped":0,"pct":100},"statements":{"total":23,"covered":23,"skipped":0,"pct":100},"branches":{"total":10,"covered":10,"skipped":0,"pct":100}}
,"/home/luizfelipelaviola/laviola/unipampa/malware-datalab/autodroid-api-gateway/packages/cli/src/index.ts": {"lines":{"total":250,"covered":250,"skipped":0,"pct":100},"functions":{"total":12,"covered":12,"skipped":0,"pct":100},"statements":{"total":250,"covered":250,"skipped":0,"pct":100},"branches":{"total":54,"covered":54,"skipped":0,"pct":100}}
,"/home/luizfelipelaviola/laviola/unipampa/malware-datalab/autodroid-api-gateway/packages/cli/src/auth/firebaseSession.ts": {"lines":{"total":57,"covered":57,"skipped":0,"pct":100},"functions":{"total":4,"covered":4,"skipped":0,"pct":100},"statements":{"total":57,"covered":57,"skipped":0,"pct":100},"branches":{"total":15,"covered":15,"skipped":0,"pct":100}}
,"/home/luizfelipelaviola/laviola/unipampa/malware-datalab/autodroid-api-gateway/packages/cli/src/auth/resolvePassword.ts": {"lines":{"total":15,"covered":15,"skipped":0,"pct":100},"functions":{"total":1,"covered":1,"skipped":0,"pct":100},"statements":{"total":15,"covered":15,"skipped":0,"pct":100},"branches":{"total":9,"covered":9,"skipped":0,"pct":100}}
,"/home/luizfelipelaviola/laviola/unipampa/malware-datalab/autodroid-api-gateway/packages/cli/src/auth/sessionStore.ts": {"lines":{"total":29,"covered":29,"skipped":0,"pct":100},"functions":{"total":5,"covered":5,"skipped":0,"pct":100},"statements":{"total":29,"covered":29,"skipped":0,"pct":100},"branches":{"total":6,"covered":6,"skipped":0,"pct":100}}
,"/home/luizfelipelaviola/laviola/unipampa/malware-datalab/autodroid-api-gateway/packages/cli/src/client/autodroidClient.ts": {"lines":{"total":19,"covered":19,"skipped":0,"pct":100},"functions":{"total":1,"covered":1,"skipped":0,"pct":100},"statements":{"total":19,"covered":19,"skipped":0,"pct":100},"branches":{"total":9,"covered":9,"skipped":0,"pct":100}}
,"/home/luizfelipelaviola/laviola/unipampa/malware-datalab/autodroid-api-gateway/packages/cli/src/ui/withSpinner.ts": {"lines":{"total":17,"covered":17,"skipped":0,"pct":100},"functions":{"total":1,"covered":1,"skipped":0,"pct":100},"statements":{"total":17,"covered":17,"skipped":0,"pct":100},"branches":{"total":5,"covered":5,"skipped":0,"pct":100}}
}
