{"total": {"lines":{"total":115,"covered":115,"skipped":0,"pct":100},"statements":{"total":115,"covered":115,"skipped":0,"pct":100},"functions":{"total":10,"covered":10,"skipped":0,"pct":100},"branches":{"total":22,"covered":22,"skipped":0,"pct":100},"branchesTrue":{"total":0,"covered":0,"skipped":0,"pct":"Unknown"}}
,"/home/luizfelipelaviola/laviola/unipampa/malware-datalab/autodroid-api-gateway/packages/mcp/src/bin.ts": {"lines":{"total":5,"covered":5,"skipped":0,"pct":100},"functions":{"total":0,"covered":0,"skipped":0,"pct":100},"statements":{"total":5,"covered":5,"skipped":0,"pct":100},"branches":{"total":1,"covered":1,"skipped":0,"pct":100}}
,"/home/luizfelipelaviola/laviola/unipampa/malware-datalab/autodroid-api-gateway/packages/mcp/src/server.ts": {"lines":{"total":36,"covered":36,"skipped":0,"pct":100},"functions":{"total":2,"covered":2,"skipped":0,"pct":100},"statements":{"total":36,"covered":36,"skipped":0,"pct":100},"branches":{"total":7,"covered":7,"skipped":0,"pct":100}}
,"/home/luizfelipelaviola/laviola/unipampa/malware-datalab/autodroid-api-gateway/packages/mcp/src/tools.ts": {"lines":{"total":74,"covered":74,"skipped":0,"pct":100},"functions":{"total":8,"covered":8,"skipped":0,"pct":100},"statements":{"total":74,"covered":74,"skipped":0,"pct":100},"branches":{"total":14,"covered":14,"skipped":0,"pct":100}}
}
